d:\imageprocessing\image\project1\project1\debug\vc142.pdb
d:\imageprocessing\image\project1\project1\debug\.netframework,version=v4.7.2.assemblyattributes.obj
d:\imageprocessing\image\project1\project1\debug\splash_screen.obj
d:\imageprocessing\image\project1\project1\debug\overlap.obj
d:\imageprocessing\image\project1\project1\debug\myform.obj
d:\imageprocessing\image\project1\project1\debug\cut.obj
d:\imageprocessing\image\project1\project1\debug\overlap1.obj
d:\imageprocessing\image\project1\debug\project1.exe
d:\imageprocessing\image\project1\debug\project1.pdb
d:\imageprocessing\image\project1\project1\debug\project1.myform.resources
d:\imageprocessing\image\project1\project1\debug\project1.splash_screen.resources
d:\imageprocessing\image\project1\project1\debug\project1.tlog\cl.command.1.tlog
d:\imageprocessing\image\project1\project1\debug\project1.tlog\cl.read.1.tlog
d:\imageprocessing\image\project1\project1\debug\project1.tlog\cl.write.1.tlog
d:\imageprocessing\image\project1\project1\debug\project1.tlog\link.command.1.tlog
d:\imageprocessing\image\project1\project1\debug\project1.tlog\link.read.1.tlog
d:\imageprocessing\image\project1\project1\debug\project1.tlog\link.write.1.tlog
d:\imageprocessing\image\project1\project1\debug\project1.tlog\metagen.read.1.tlog
d:\imageprocessing\image\project1\project1\debug\project1.tlog\metagen.write.1.tlog
d:\imageprocessing\image\project1\project1\debug\project1.tlog\project1.write.1u.tlog
