D:\VisualStudio2019\MSBuild\Microsoft\VC\v160\Microsoft.CppBuild.targets(513,5): warning MSB8028: 中繼目錄 (Debug\) 包含從其他專案 (ImageP.vcxproj) 共用的檔案。這可能導致錯誤的清除和重建行為。
  8Connect.cpp
C:\Users\User\OneDrive\桌面\Project1\Project1\8Connect.h(203,13): warning C4244: '=': 將 'int' 轉換為 'float'，由於類型不同，可能導致資料遺失
C:\Users\User\OneDrive\桌面\Project1\Project1\8Connect.h(208,13): warning C4244: '=': 將 'int' 轉換為 'float'，由於類型不同，可能導致資料遺失
C:\Users\User\OneDrive\桌面\Project1\Project1\8Connect.h(317,35): warning C4244: '=': 將 '__int64' 轉換為 'int'，由於類型不同，可能導致資料遺失
C:\Users\User\OneDrive\桌面\Project1\Project1\8Connect.h(318,35): warning C4244: '=': 將 '__int64' 轉換為 'int'，由於類型不同，可能導致資料遺失
C:\Users\User\OneDrive\桌面\Project1\Project1\8Connect.h(319,39): warning C4244: '=': 將 '__int64' 轉換為 'int'，由於類型不同，可能導致資料遺失
C:\Users\User\OneDrive\桌面\Project1\Project1\8Connect.h(320,39): warning C4244: '=': 將 '__int64' 轉換為 'int'，由於類型不同，可能導致資料遺失
C:\Users\User\OneDrive\桌面\Project1\Project1\8Connect.h(387,31): warning C4244: '=': 將 '__int64' 轉換為 'int'，由於類型不同，可能導致資料遺失
C:\Users\User\OneDrive\桌面\Project1\Project1\8Connect.h(388,35): warning C4244: '=': 將 '__int64' 轉換為 'int'，由於類型不同，可能導致資料遺失
C:\Users\User\OneDrive\桌面\Project1\Project1\8Connect.h(389,39): warning C4244: '=': 將 '__int64' 轉換為 'int'，由於類型不同，可能導致資料遺失
C:\Users\User\OneDrive\桌面\Project1\Project1\8Connect.h(428,31): warning C4244: '=': 將 '__int64' 轉換為 'int'，由於類型不同，可能導致資料遺失
C:\Users\User\OneDrive\桌面\Project1\Project1\8Connect.h(429,35): warning C4244: '=': 將 '__int64' 轉換為 'int'，由於類型不同，可能導致資料遺失
C:\Users\User\OneDrive\桌面\Project1\Project1\8Connect.h(430,39): warning C4244: '=': 將 '__int64' 轉換為 'int'，由於類型不同，可能導致資料遺失
C:\Users\User\OneDrive\桌面\Project1\Project1\8Connect.h(431,35): warning C4244: '=': 將 '__int64' 轉換為 'int'，由於類型不同，可能導致資料遺失
C:\Users\User\OneDrive\桌面\Project1\Project1\8Connect.h(471,35): warning C4244: '=': 將 '__int64' 轉換為 'int'，由於類型不同，可能導致資料遺失
C:\Users\User\OneDrive\桌面\Project1\Project1\8Connect.h(472,39): warning C4244: '=': 將 '__int64' 轉換為 'int'，由於類型不同，可能導致資料遺失
C:\Users\User\OneDrive\桌面\Project1\Project1\8Connect.h(473,35): warning C4244: '=': 將 '__int64' 轉換為 'int'，由於類型不同，可能導致資料遺失
C:\Users\User\OneDrive\桌面\Project1\Project1\8Connect.h(474,39): warning C4244: '=': 將 '__int64' 轉換為 'int'，由於類型不同，可能導致資料遺失
  Ball.cpp
  Bit plane.cpp
C:\Users\User\OneDrive\桌面\Project1\Project1\Bit plane.h(568,17): warning C4244: '正在初始化': 將 'double' 轉換為 'int'，由於類型不同，可能導致資料遺失
C:\Users\User\OneDrive\桌面\Project1\Project1\Bit plane.h(599,17): warning C4244: '正在初始化': 將 'double' 轉換為 'int'，由於類型不同，可能導致資料遺失
C:\Users\User\OneDrive\桌面\Project1\Project1\Bit plane.h(655,19): warning C4244: '=': 將 'double' 轉換為 'int'，由於類型不同，可能導致資料遺失
  Color bit depth.cpp
C:\Users\User\OneDrive\桌面\Project1\Project1\Color bit depth.h(206,11): warning C4244: '=': 將 'double' 轉換為 'float'，由於類型不同，可能導致資料遺失
C:\Users\User\OneDrive\桌面\Project1\Project1\Color bit depth.h(207,11): warning C4244: '=': 將 'double' 轉換為 'float'，由於類型不同，可能導致資料遺失
C:\Users\User\OneDrive\桌面\Project1\Project1\Color bit depth.h(208,11): warning C4244: '=': 將 'double' 轉換為 'float'，由於類型不同，可能導致資料遺失
C:\Users\User\OneDrive\桌面\Project1\Project1\Color bit depth.h(209,91): warning C4244: '引數': 將 'float' 轉換為 'int'，由於類型不同，可能導致資料遺失
C:\Users\User\OneDrive\桌面\Project1\Project1\Color bit depth.h(209,74): warning C4244: '引數': 將 'float' 轉換為 'int'，由於類型不同，可能導致資料遺失
C:\Users\User\OneDrive\桌面\Project1\Project1\Color bit depth.h(209,57): warning C4244: '引數': 將 'float' 轉換為 'int'，由於類型不同，可能導致資料遺失
C:\Users\User\OneDrive\桌面\Project1\Project1\Color bit depth.h(221,18): warning C4244: '引數': 將 'double' 轉換為 'float'，由於類型不同，可能導致資料遺失
C:\Users\User\OneDrive\桌面\Project1\Project1\Color bit depth.h(222,18): warning C4244: '引數': 將 'double' 轉換為 'float'，由於類型不同，可能導致資料遺失
C:\Users\User\OneDrive\桌面\Project1\Project1\Color bit depth.h(223,18): warning C4244: '引數': 將 'double' 轉換為 'float'，由於類型不同，可能導致資料遺失
C:\Users\User\OneDrive\桌面\Project1\Project1\Color bit depth.h(224,65): warning C4244: '引數': 將 'float' 轉換為 'int'，由於類型不同，可能導致資料遺失
C:\Users\User\OneDrive\桌面\Project1\Project1\Color bit depth.h(224,57): warning C4244: '引數': 將 'float' 轉換為 'int'，由於類型不同，可能導致資料遺失
C:\Users\User\OneDrive\桌面\Project1\Project1\Color bit depth.h(224,49): warning C4244: '引數': 將 'float' 轉換為 'int'，由於類型不同，可能導致資料遺失
C:\Users\User\OneDrive\桌面\Project1\Project1\Color bit depth.h(236,18): warning C4244: '引數': 將 'double' 轉換為 'float'，由於類型不同，可能導致資料遺失
C:\Users\User\OneDrive\桌面\Project1\Project1\Color bit depth.h(237,18): warning C4244: '引數': 將 'double' 轉換為 'float'，由於類型不同，可能導致資料遺失
C:\Users\User\OneDrive\桌面\Project1\Project1\Color bit depth.h(238,18): warning C4244: '引數': 將 'double' 轉換為 'float'，由於類型不同，可能導致資料遺失
C:\Users\User\OneDrive\桌面\Project1\Project1\Color bit depth.h(239,65): warning C4244: '引數': 將 'float' 轉換為 'int'，由於類型不同，可能導致資料遺失
C:\Users\User\OneDrive\桌面\Project1\Project1\Color bit depth.h(239,57): warning C4244: '引數': 將 'float' 轉換為 'int'，由於類型不同，可能導致資料遺失
C:\Users\User\OneDrive\桌面\Project1\Project1\Color bit depth.h(239,49): warning C4244: '引數': 將 'float' 轉換為 'int'，由於類型不同，可能導致資料遺失
  Contrast1.cpp
C:\Users\User\OneDrive\桌面\Project1\Project1\Contrast1.h(422,30): warning C4244: '引數': 將 'float' 轉換為 'int'，由於類型不同，可能導致資料遺失
C:\Users\User\OneDrive\桌面\Project1\Project1\Contrast1.h(422,26): warning C4244: '引數': 將 'float' 轉換為 'int'，由於類型不同，可能導致資料遺失
C:\Users\User\OneDrive\桌面\Project1\Project1\Contrast1.h(423,30): warning C4244: '引數': 將 'float' 轉換為 'int'，由於類型不同，可能導致資料遺失
C:\Users\User\OneDrive\桌面\Project1\Project1\Contrast1.h(423,26): warning C4244: '引數': 將 'float' 轉換為 'int'，由於類型不同，可能導致資料遺失
C:\Users\User\OneDrive\桌面\Project1\Project1\Contrast1.h(435,9): warning C4101: 'newvalue': 未參考的區域變數
C:\Users\User\OneDrive\桌面\Project1\Project1\Contrast1.h(461,11): warning C4244: '=': 將 'int' 轉換為 'float'，由於類型不同，可能導致資料遺失
C:\Users\User\OneDrive\桌面\Project1\Project1\Contrast1.h(462,11): warning C4244: '=': 將 'int' 轉換為 'float'，由於類型不同，可能導致資料遺失
C:\Users\User\OneDrive\桌面\Project1\Project1\Contrast1.h(467,11): warning C4244: '=': 將 'int' 轉換為 'float'，由於類型不同，可能導致資料遺失
C:\Users\User\OneDrive\桌面\Project1\Project1\Contrast1.h(468,11): warning C4244: '=': 將 'int' 轉換為 'float'，由於類型不同，可能導致資料遺失
C:\Users\User\OneDrive\桌面\Project1\Project1\Contrast1.h(493,31): warning C4244: '引數': 將 'float' 轉換為 'int'，由於類型不同，可能導致資料遺失
C:\Users\User\OneDrive\桌面\Project1\Project1\Contrast1.h(493,27): warning C4244: '引數': 將 'float' 轉換為 'int'，由於類型不同，可能導致資料遺失
C:\Users\User\OneDrive\桌面\Project1\Project1\Contrast1.h(494,31): warning C4244: '引數': 將 'float' 轉換為 'int'，由於類型不同，可能導致資料遺失
C:\Users\User\OneDrive\桌面\Project1\Project1\Contrast1.h(494,27): warning C4244: '引數': 將 'float' 轉換為 'int'，由於類型不同，可能導致資料遺失
C:\Users\User\OneDrive\桌面\Project1\Project1\Contrast1.h(581,30): warning C4244: '引數': 將 'float' 轉換為 'int'，由於類型不同，可能導致資料遺失
C:\Users\User\OneDrive\桌面\Project1\Project1\Contrast1.h(581,26): warning C4244: '引數': 將 'float' 轉換為 'int'，由於類型不同，可能導致資料遺失
C:\Users\User\OneDrive\桌面\Project1\Project1\Contrast1.h(582,30): warning C4244: '引數': 將 'float' 轉換為 'int'，由於類型不同，可能導致資料遺失
C:\Users\User\OneDrive\桌面\Project1\Project1\Contrast1.h(582,26): warning C4244: '引數': 將 'float' 轉換為 'int'，由於類型不同，可能導致資料遺失
C:\Users\User\OneDrive\桌面\Project1\Project1\Contrast1.h(594,9): warning C4101: 'newvalue': 未參考的區域變數
  Contrast2.cpp
  Cut.cpp
C:\Users\User\OneDrive\桌面\Project1\Project1\Cut.h(151,15): warning C4244: '=': 將 'double' 轉換為 'int'，由於類型不同，可能導致資料遺失
C:\Users\User\OneDrive\桌面\Project1\Project1\Cut.h(152,15): warning C4244: '=': 將 'double' 轉換為 'int'，由於類型不同，可能導致資料遺失
C:\Users\User\OneDrive\桌面\Project1\Project1\Cut.h(153,15): warning C4244: '=': 將 'double' 轉換為 'int'，由於類型不同，可能導致資料遺失
C:\Users\User\OneDrive\桌面\Project1\Project1\Cut.h(154,15): warning C4244: '=': 將 'double' 轉換為 'int'，由於類型不同，可能導致資料遺失
C:\Users\User\OneDrive\桌面\Project1\Project1\Cut.h(167,15): warning C4244: '=': 將 'double' 轉換為 'int'，由於類型不同，可能導致資料遺失
C:\Users\User\OneDrive\桌面\Project1\Project1\Cut.h(168,15): warning C4244: '=': 將 'double' 轉換為 'int'，由於類型不同，可能導致資料遺失
C:\Users\User\OneDrive\桌面\Project1\Project1\Cut.h(169,15): warning C4244: '=': 將 'double' 轉換為 'int'，由於類型不同，可能導致資料遺失
C:\Users\User\OneDrive\桌面\Project1\Project1\Cut.h(170,15): warning C4244: '=': 將 'double' 轉換為 'int'，由於類型不同，可能導致資料遺失
C:\Users\User\OneDrive\桌面\Project1\Project1\Cut.h(173,20): warning C4244: '正在初始化': 將 'int' 轉換為 'float'，由於類型不同，可能導致資料遺失
C:\Users\User\OneDrive\桌面\Project1\Project1\Cut.h(174,20): warning C4244: '正在初始化': 將 'int' 轉換為 'float'，由於類型不同，可能導致資料遺失
C:\Users\User\OneDrive\桌面\Project1\Project1\Cut.h(175,21): warning C4244: '正在初始化': 將 'double' 轉換為 'float'，由於類型不同，可能導致資料遺失
  Gary code.cpp
C:\Users\User\OneDrive\桌面\Project1\Project1\Gary code.h(354,17): warning C4244: '正在初始化': 將 'double' 轉換為 'int'，由於類型不同，可能導致資料遺失
  Histogram equalization.cpp
C:\Users\User\OneDrive\桌面\Project1\Project1\Histogram equalization.h(182,28): warning C4244: '=': 將 'double' 轉換為 'int'，由於類型不同，可能導致資料遺失
C:\Users\User\OneDrive\桌面\Project1\Project1\Histogram equalization.h(224,15): warning C4244: '正在初始化': 將 'double' 轉換為 'int'，由於類型不同，可能導致資料遺失
  Histogram specification1.cpp
C:\Users\User\OneDrive\桌面\Project1\Project1\Histogram specification1.h(296,79): warning C4677: 'LoadPcxFile': 非私用成員的簽章含有組件私用類型 'Project1::HistogramSpecification::PCXHEAD'
C:\Users\User\OneDrive\桌面\Project1\Project1\Histogram specification1.h(64): message : 請參閱 'Project1::HistogramSpecification::PCXHEAD' 的宣告
C:\Users\User\OneDrive\桌面\Project1\Project1\Histogram specification1.h(296,79): warning C4677: 'LoadPcxFile': 非私用成員的簽章含有組件私用類型 'Project1::HistogramSpecification::PCXPALETTE'
C:\Users\User\OneDrive\桌面\Project1\Project1\Histogram specification1.h(87): message : 請參閱 'Project1::HistogramSpecification::PCXPALETTE' 的宣告
C:\Users\User\OneDrive\桌面\Project1\Project1\Histogram specification1.h(495,28): warning C4244: '=': 將 'double' 轉換為 'int'，由於類型不同，可能導致資料遺失
C:\Users\User\OneDrive\桌面\Project1\Project1\Histogram specification1.h(542,28): warning C4244: '=': 將 'double' 轉換為 'int'，由於類型不同，可能導致資料遺失
C:\Users\User\OneDrive\桌面\Project1\Project1\Histogram specification1.h(588,28): warning C4244: '=': 將 'double' 轉換為 'int'，由於類型不同，可能導致資料遺失
  Histogram.cpp
C:\Users\User\OneDrive\桌面\Project1\Project1\Histogram.h(214,29): warning C4244: '=': 將 'double' 轉換為 'int'，由於類型不同，可能導致資料遺失
  Lightness.cpp
C:\Users\User\OneDrive\桌面\Project1\Project1\Lightness.h(166,71): warning C4244: '=': 將 'int' 轉換為 'float'，由於類型不同，可能導致資料遺失
C:\Users\User\OneDrive\桌面\Project1\Project1\Lightness.h(167,71): warning C4244: '=': 將 'int' 轉換為 'float'，由於類型不同，可能導致資料遺失
C:\Users\User\OneDrive\桌面\Project1\Project1\Lightness.h(168,71): warning C4244: '=': 將 'int' 轉換為 'float'，由於類型不同，可能導致資料遺失
C:\Users\User\OneDrive\桌面\Project1\Project1\Lightness.h(169,40): warning C4244: '引數': 將 'float' 轉換為 'int'，由於類型不同，可能導致資料遺失
C:\Users\User\OneDrive\桌面\Project1\Project1\Lightness.h(169,37): warning C4244: '引數': 將 'float' 轉換為 'int'，由於類型不同，可能導致資料遺失
C:\Users\User\OneDrive\桌面\Project1\Project1\Lightness.h(169,34): warning C4244: '引數': 將 'float' 轉換為 'int'，由於類型不同，可能導致資料遺失
C:\Users\User\OneDrive\桌面\Project1\Project1\Lightness.h(178,71): warning C4244: '=': 將 'int' 轉換為 'float'，由於類型不同，可能導致資料遺失
C:\Users\User\OneDrive\桌面\Project1\Project1\Lightness.h(179,71): warning C4244: '=': 將 'int' 轉換為 'float'，由於類型不同，可能導致資料遺失
C:\Users\User\OneDrive\桌面\Project1\Project1\Lightness.h(180,71): warning C4244: '=': 將 'int' 轉換為 'float'，由於類型不同，可能導致資料遺失
C:\Users\User\OneDrive\桌面\Project1\Project1\Lightness.h(181,40): warning C4244: '引數': 將 'float' 轉換為 'int'，由於類型不同，可能導致資料遺失
C:\Users\User\OneDrive\桌面\Project1\Project1\Lightness.h(181,37): warning C4244: '引數': 將 'float' 轉換為 'int'，由於類型不同，可能導致資料遺失
C:\Users\User\OneDrive\桌面\Project1\Project1\Lightness.h(181,34): warning C4244: '引數': 將 'float' 轉換為 'int'，由於類型不同，可能導致資料遺失
C:\Users\User\OneDrive\桌面\Project1\Project1\Lightness.h(200,71): warning C4244: '=': 將 'int' 轉換為 'float'，由於類型不同，可能導致資料遺失
C:\Users\User\OneDrive\桌面\Project1\Project1\Lightness.h(201,71): warning C4244: '=': 將 'int' 轉換為 'float'，由於類型不同，可能導致資料遺失
C:\Users\User\OneDrive\桌面\Project1\Project1\Lightness.h(202,71): warning C4244: '=': 將 'int' 轉換為 'float'，由於類型不同，可能導致資料遺失
C:\Users\User\OneDrive\桌面\Project1\Project1\Lightness.h(203,40): warning C4244: '引數': 將 'float' 轉換為 'int'，由於類型不同，可能導致資料遺失
C:\Users\User\OneDrive\桌面\Project1\Project1\Lightness.h(203,37): warning C4244: '引數': 將 'float' 轉換為 'int'，由於類型不同，可能導致資料遺失
C:\Users\User\OneDrive\桌面\Project1\Project1\Lightness.h(203,34): warning C4244: '引數': 將 'float' 轉換為 'int'，由於類型不同，可能導致資料遺失
C:\Users\User\OneDrive\桌面\Project1\Project1\Lightness.h(212,71): warning C4244: '=': 將 'int' 轉換為 'float'，由於類型不同，可能導致資料遺失
C:\Users\User\OneDrive\桌面\Project1\Project1\Lightness.h(213,71): warning C4244: '=': 將 'int' 轉換為 'float'，由於類型不同，可能導致資料遺失
C:\Users\User\OneDrive\桌面\Project1\Project1\Lightness.h(214,71): warning C4244: '=': 將 'int' 轉換為 'float'，由於類型不同，可能導致資料遺失
C:\Users\User\OneDrive\桌面\Project1\Project1\Lightness.h(215,40): warning C4244: '引數': 將 'float' 轉換為 'int'，由於類型不同，可能導致資料遺失
C:\Users\User\OneDrive\桌面\Project1\Project1\Lightness.h(215,37): warning C4244: '引數': 將 'float' 轉換為 'int'，由於類型不同，可能導致資料遺失
C:\Users\User\OneDrive\桌面\Project1\Project1\Lightness.h(215,34): warning C4244: '引數': 將 'float' 轉換為 'int'，由於類型不同，可能導致資料遺失
  MyForm.cpp
C:\Users\User\OneDrive\桌面\Project1\Project1\Cut.h(151,15): warning C4244: '=': 將 'double' 轉換為 'int'，由於類型不同，可能導致資料遺失
C:\Users\User\OneDrive\桌面\Project1\Project1\Cut.h(152,15): warning C4244: '=': 將 'double' 轉換為 'int'，由於類型不同，可能導致資料遺失
C:\Users\User\OneDrive\桌面\Project1\Project1\Cut.h(153,15): warning C4244: '=': 將 'double' 轉換為 'int'，由於類型不同，可能導致資料遺失
C:\Users\User\OneDrive\桌面\Project1\Project1\Cut.h(154,15): warning C4244: '=': 將 'double' 轉換為 'int'，由於類型不同，可能導致資料遺失
C:\Users\User\OneDrive\桌面\Project1\Project1\Cut.h(167,15): warning C4244: '=': 將 'double' 轉換為 'int'，由於類型不同，可能導致資料遺失
C:\Users\User\OneDrive\桌面\Project1\Project1\Cut.h(168,15): warning C4244: '=': 將 'double' 轉換為 'int'，由於類型不同，可能導致資料遺失
C:\Users\User\OneDrive\桌面\Project1\Project1\Cut.h(169,15): warning C4244: '=': 將 'double' 轉換為 'int'，由於類型不同，可能導致資料遺失
C:\Users\User\OneDrive\桌面\Project1\Project1\Cut.h(170,15): warning C4244: '=': 將 'double' 轉換為 'int'，由於類型不同，可能導致資料遺失
C:\Users\User\OneDrive\桌面\Project1\Project1\Cut.h(173,20): warning C4244: '正在初始化': 將 'int' 轉換為 'float'，由於類型不同，可能導致資料遺失
C:\Users\User\OneDrive\桌面\Project1\Project1\Cut.h(174,20): warning C4244: '正在初始化': 將 'int' 轉換為 'float'，由於類型不同，可能導致資料遺失
C:\Users\User\OneDrive\桌面\Project1\Project1\Cut.h(175,21): warning C4244: '正在初始化': 將 'double' 轉換為 'float'，由於類型不同，可能導致資料遺失
C:\Users\User\OneDrive\桌面\Project1\Project1\Overlap.h(247,79): warning C4677: 'LOADPCXDATA': 非私用成員的簽章含有組件私用類型 'Project1::Overlap::PCXHEAD'
C:\Users\User\OneDrive\桌面\Project1\Project1\Overlap.h(66): message : 請參閱 'Project1::Overlap::PCXHEAD' 的宣告
C:\Users\User\OneDrive\桌面\Project1\Project1\Overlap.h(247,79): warning C4677: 'LOADPCXDATA': 非私用成員的簽章含有組件私用類型 'Project1::Overlap::PCXPALETTE'
C:\Users\User\OneDrive\桌面\Project1\Project1\Overlap.h(87): message : 請參閱 'Project1::Overlap::PCXPALETTE' 的宣告
C:\Users\User\OneDrive\桌面\Project1\Project1\Lightness.h(166,71): warning C4244: '=': 將 'int' 轉換為 'float'，由於類型不同，可能導致資料遺失
C:\Users\User\OneDrive\桌面\Project1\Project1\Lightness.h(167,71): warning C4244: '=': 將 'int' 轉換為 'float'，由於類型不同，可能導致資料遺失
C:\Users\User\OneDrive\桌面\Project1\Project1\Lightness.h(168,71): warning C4244: '=': 將 'int' 轉換為 'float'，由於類型不同，可能導致資料遺失
C:\Users\User\OneDrive\桌面\Project1\Project1\Lightness.h(169,40): warning C4244: '引數': 將 'float' 轉換為 'int'，由於類型不同，可能導致資料遺失
C:\Users\User\OneDrive\桌面\Project1\Project1\Lightness.h(169,37): warning C4244: '引數': 將 'float' 轉換為 'int'，由於類型不同，可能導致資料遺失
C:\Users\User\OneDrive\桌面\Project1\Project1\Lightness.h(169,34): warning C4244: '引數': 將 'float' 轉換為 'int'，由於類型不同，可能導致資料遺失
C:\Users\User\OneDrive\桌面\Project1\Project1\Lightness.h(178,71): warning C4244: '=': 將 'int' 轉換為 'float'，由於類型不同，可能導致資料遺失
C:\Users\User\OneDrive\桌面\Project1\Project1\Lightness.h(179,71): warning C4244: '=': 將 'int' 轉換為 'float'，由於類型不同，可能導致資料遺失
C:\Users\User\OneDrive\桌面\Project1\Project1\Lightness.h(180,71): warning C4244: '=': 將 'int' 轉換為 'float'，由於類型不同，可能導致資料遺失
C:\Users\User\OneDrive\桌面\Project1\Project1\Lightness.h(181,40): warning C4244: '引數': 將 'float' 轉換為 'int'，由於類型不同，可能導致資料遺失
C:\Users\User\OneDrive\桌面\Project1\Project1\Lightness.h(181,37): warning C4244: '引數': 將 'float' 轉換為 'int'，由於類型不同，可能導致資料遺失
C:\Users\User\OneDrive\桌面\Project1\Project1\Lightness.h(181,34): warning C4244: '引數': 將 'float' 轉換為 'int'，由於類型不同，可能導致資料遺失
C:\Users\User\OneDrive\桌面\Project1\Project1\Lightness.h(200,71): warning C4244: '=': 將 'int' 轉換為 'float'，由於類型不同，可能導致資料遺失
C:\Users\User\OneDrive\桌面\Project1\Project1\Lightness.h(201,71): warning C4244: '=': 將 'int' 轉換為 'float'，由於類型不同，可能導致資料遺失
C:\Users\User\OneDrive\桌面\Project1\Project1\Lightness.h(202,71): warning C4244: '=': 將 'int' 轉換為 'float'，由於類型不同，可能導致資料遺失
C:\Users\User\OneDrive\桌面\Project1\Project1\Lightness.h(203,40): warning C4244: '引數': 將 'float' 轉換為 'int'，由於類型不同，可能導致資料遺失
C:\Users\User\OneDrive\桌面\Project1\Project1\Lightness.h(203,37): warning C4244: '引數': 將 'float' 轉換為 'int'，由於類型不同，可能導致資料遺失
C:\Users\User\OneDrive\桌面\Project1\Project1\Lightness.h(203,34): warning C4244: '引數': 將 'float' 轉換為 'int'，由於類型不同，可能導致資料遺失
C:\Users\User\OneDrive\桌面\Project1\Project1\Lightness.h(212,71): warning C4244: '=': 將 'int' 轉換為 'float'，由於類型不同，可能導致資料遺失
C:\Users\User\OneDrive\桌面\Project1\Project1\Lightness.h(213,71): warning C4244: '=': 將 'int' 轉換為 'float'，由於類型不同，可能導致資料遺失
C:\Users\User\OneDrive\桌面\Project1\Project1\Lightness.h(214,71): warning C4244: '=': 將 'int' 轉換為 'float'，由於類型不同，可能導致資料遺失
C:\Users\User\OneDrive\桌面\Project1\Project1\Lightness.h(215,40): warning C4244: '引數': 將 'float' 轉換為 'int'，由於類型不同，可能導致資料遺失
C:\Users\User\OneDrive\桌面\Project1\Project1\Lightness.h(215,37): warning C4244: '引數': 將 'float' 轉換為 'int'，由於類型不同，可能導致資料遺失
C:\Users\User\OneDrive\桌面\Project1\Project1\Lightness.h(215,34): warning C4244: '引數': 將 'float' 轉換為 'int'，由於類型不同，可能導致資料遺失
C:\Users\User\OneDrive\桌面\Project1\Project1\Gary code.h(354,17): warning C4244: '正在初始化': 將 'double' 轉換為 'int'，由於類型不同，可能導致資料遺失
C:\Users\User\OneDrive\桌面\Project1\Project1\Bit plane.h(568,17): warning C4244: '正在初始化': 將 'double' 轉換為 'int'，由於類型不同，可能導致資料遺失
C:\Users\User\OneDrive\桌面\Project1\Project1\Bit plane.h(599,17): warning C4244: '正在初始化': 將 'double' 轉換為 'int'，由於類型不同，可能導致資料遺失
C:\Users\User\OneDrive\桌面\Project1\Project1\Bit plane.h(655,19): warning C4244: '=': 將 'double' 轉換為 'int'，由於類型不同，可能導致資料遺失
C:\Users\User\OneDrive\桌面\Project1\Project1\Transparency.h(282,79): warning C4677: 'LoadPcxFile': 非私用成員的簽章含有組件私用類型 'Project1::Transparent::PCXHEAD'
C:\Users\User\OneDrive\桌面\Project1\Project1\Transparency.h(77): message : 請參閱 'Project1::Transparent::PCXHEAD' 的宣告
C:\Users\User\OneDrive\桌面\Project1\Project1\Transparency.h(282,79): warning C4677: 'LoadPcxFile': 非私用成員的簽章含有組件私用類型 'Project1::Transparent::PCXPALETTE'
C:\Users\User\OneDrive\桌面\Project1\Project1\Transparency.h(100): message : 請參閱 'Project1::Transparent::PCXPALETTE' 的宣告
C:\Users\User\OneDrive\桌面\Project1\Project1\Transparency.h(508,15): warning C4244: '正在初始化': 將 'int' 轉換為 'float'，由於類型不同，可能導致資料遺失
C:\Users\User\OneDrive\桌面\Project1\Project1\Transparency.h(517,13): warning C4244: '正在初始化': 將 'double' 轉換為 'float'，由於類型不同，可能導致資料遺失
C:\Users\User\OneDrive\桌面\Project1\Project1\Transparency.h(525,59): warning C4244: '引數': 將 'float' 轉換為 'int'，由於類型不同，可能導致資料遺失
C:\Users\User\OneDrive\桌面\Project1\Project1\Transparency.h(525,56): warning C4244: '引數': 將 'float' 轉換為 'int'，由於類型不同，可能導致資料遺失
C:\Users\User\OneDrive\桌面\Project1\Project1\Transparency.h(525,53): warning C4244: '引數': 將 'float' 轉換為 'int'，由於類型不同，可能導致資料遺失
C:\Users\User\OneDrive\桌面\Project1\Project1\Transparency.h(535,15): warning C4244: '正在初始化': 將 'int' 轉換為 'float'，由於類型不同，可能導致資料遺失
C:\Users\User\OneDrive\桌面\Project1\Project1\Transparency.h(545,13): warning C4244: '正在初始化': 將 'double' 轉換為 'float'，由於類型不同，可能導致資料遺失
C:\Users\User\OneDrive\桌面\Project1\Project1\Transparency.h(553,59): warning C4244: '引數': 將 'float' 轉換為 'int'，由於類型不同，可能導致資料遺失
C:\Users\User\OneDrive\桌面\Project1\Project1\Transparency.h(553,56): warning C4244: '引數': 將 'float' 轉換為 'int'，由於類型不同，可能導致資料遺失
C:\Users\User\OneDrive\桌面\Project1\Project1\Transparency.h(553,53): warning C4244: '引數': 將 'float' 轉換為 'int'，由於類型不同，可能導致資料遺失
C:\Users\User\OneDrive\桌面\Project1\Project1\Transparency.h(569,36): warning C4244: '=': 將 'int' 轉換為 'float'，由於類型不同，可能導致資料遺失
C:\Users\User\OneDrive\桌面\Project1\Project1\Transparency.h(571,28): warning C4244: '引數': 將 'float' 轉換為 'int'，由於類型不同，可能導致資料遺失
C:\Users\User\OneDrive\桌面\Project1\Project1\Transparency.h(580,13): warning C4244: '正在初始化': 將 'double' 轉換為 'float'，由於類型不同，可能導致資料遺失
C:\Users\User\OneDrive\桌面\Project1\Project1\Transparency.h(588,59): warning C4244: '引數': 將 'float' 轉換為 'int'，由於類型不同，可能導致資料遺失
C:\Users\User\OneDrive\桌面\Project1\Project1\Transparency.h(588,56): warning C4244: '引數': 將 'float' 轉換為 'int'，由於類型不同，可能導致資料遺失
C:\Users\User\OneDrive\桌面\Project1\Project1\Transparency.h(588,53): warning C4244: '引數': 將 'float' 轉換為 'int'，由於類型不同，可能導致資料遺失
C:\Users\User\OneDrive\桌面\Project1\Project1\Threshold.h(205,28): warning C4244: '=': 將 'double' 轉換為 'int'，由於類型不同，可能導致資料遺失
C:\Users\User\OneDrive\桌面\Project1\Project1\Threshold.h(370,13): warning C4244: '=': 將 'int' 轉換為 'float'，由於類型不同，可能導致資料遺失
C:\Users\User\OneDrive\桌面\Project1\Project1\Threshold.h(375,13): warning C4244: '=': 將 'int' 轉換為 'float'，由於類型不同，可能導致資料遺失
C:\Users\User\OneDrive\桌面\Project1\Project1\Threshold.h(392,28): warning C4244: '引數': 將 'float' 轉換為 'int'，由於類型不同，可能導致資料遺失
C:\Users\User\OneDrive\桌面\Project1\Project1\Color bit depth.h(206,11): warning C4244: '=': 將 'double' 轉換為 'float'，由於類型不同，可能導致資料遺失
C:\Users\User\OneDrive\桌面\Project1\Project1\Color bit depth.h(207,11): warning C4244: '=': 將 'double' 轉換為 'float'，由於類型不同，可能導致資料遺失
C:\Users\User\OneDrive\桌面\Project1\Project1\Color bit depth.h(208,11): warning C4244: '=': 將 'double' 轉換為 'float'，由於類型不同，可能導致資料遺失
C:\Users\User\OneDrive\桌面\Project1\Project1\Color bit depth.h(209,91): warning C4244: '引數': 將 'float' 轉換為 'int'，由於類型不同，可能導致資料遺失
C:\Users\User\OneDrive\桌面\Project1\Project1\Color bit depth.h(209,74): warning C4244: '引數': 將 'float' 轉換為 'int'，由於類型不同，可能導致資料遺失
C:\Users\User\OneDrive\桌面\Project1\Project1\Color bit depth.h(209,57): warning C4244: '引數': 將 'float' 轉換為 'int'，由於類型不同，可能導致資料遺失
C:\Users\User\OneDrive\桌面\Project1\Project1\Color bit depth.h(221,18): warning C4244: '引數': 將 'double' 轉換為 'float'，由於類型不同，可能導致資料遺失
C:\Users\User\OneDrive\桌面\Project1\Project1\Color bit depth.h(222,18): warning C4244: '引數': 將 'double' 轉換為 'float'，由於類型不同，可能導致資料遺失
C:\Users\User\OneDrive\桌面\Project1\Project1\Color bit depth.h(223,18): warning C4244: '引數': 將 'double' 轉換為 'float'，由於類型不同，可能導致資料遺失
C:\Users\User\OneDrive\桌面\Project1\Project1\Color bit depth.h(224,65): warning C4244: '引數': 將 'float' 轉換為 'int'，由於類型不同，可能導致資料遺失
C:\Users\User\OneDrive\桌面\Project1\Project1\Color bit depth.h(224,57): warning C4244: '引數': 將 'float' 轉換為 'int'，由於類型不同，可能導致資料遺失
C:\Users\User\OneDrive\桌面\Project1\Project1\Color bit depth.h(224,49): warning C4244: '引數': 將 'float' 轉換為 'int'，由於類型不同，可能導致資料遺失
C:\Users\User\OneDrive\桌面\Project1\Project1\Color bit depth.h(236,18): warning C4244: '引數': 將 'double' 轉換為 'float'，由於類型不同，可能導致資料遺失
C:\Users\User\OneDrive\桌面\Project1\Project1\Color bit depth.h(237,18): warning C4244: '引數': 將 'double' 轉換為 'float'，由於類型不同，可能導致資料遺失
C:\Users\User\OneDrive\桌面\Project1\Project1\Color bit depth.h(238,18): warning C4244: '引數': 將 'double' 轉換為 'float'，由於類型不同，可能導致資料遺失
C:\Users\User\OneDrive\桌面\Project1\Project1\Color bit depth.h(239,65): warning C4244: '引數': 將 'float' 轉換為 'int'，由於類型不同，可能導致資料遺失
C:\Users\User\OneDrive\桌面\Project1\Project1\Color bit depth.h(239,57): warning C4244: '引數': 將 'float' 轉換為 'int'，由於類型不同，可能導致資料遺失
C:\Users\User\OneDrive\桌面\Project1\Project1\Color bit depth.h(239,49): warning C4244: '引數': 將 'float' 轉換為 'int'，由於類型不同，可能導致資料遺失
C:\Users\User\OneDrive\桌面\Project1\Project1\Histogram.h(214,29): warning C4244: '=': 將 'double' 轉換為 'int'，由於類型不同，可能導致資料遺失
C:\Users\User\OneDrive\桌面\Project1\Project1\Histogram equalization.h(182,28): warning C4244: '=': 將 'double' 轉換為 'int'，由於類型不同，可能導致資料遺失
C:\Users\User\OneDrive\桌面\Project1\Project1\Histogram equalization.h(224,15): warning C4244: '正在初始化': 將 'float' 轉換為 'int'，由於類型不同，可能導致資料遺失
C:\Users\User\OneDrive\桌面\Project1\Project1\Histogram specification1.h(296,79): warning C4677: 'LoadPcxFile': 非私用成員的簽章含有組件私用類型 'Project1::HistogramSpecification::PCXHEAD'
C:\Users\User\OneDrive\桌面\Project1\Project1\Histogram specification1.h(64): message : 請參閱 'Project1::HistogramSpecification::PCXHEAD' 的宣告
C:\Users\User\OneDrive\桌面\Project1\Project1\Histogram specification1.h(296,79): warning C4677: 'LoadPcxFile': 非私用成員的簽章含有組件私用類型 'Project1::HistogramSpecification::PCXPALETTE'
C:\Users\User\OneDrive\桌面\Project1\Project1\Histogram specification1.h(87): message : 請參閱 'Project1::HistogramSpecification::PCXPALETTE' 的宣告
C:\Users\User\OneDrive\桌面\Project1\Project1\Histogram specification1.h(495,28): warning C4244: '=': 將 'double' 轉換為 'int'，由於類型不同，可能導致資料遺失
C:\Users\User\OneDrive\桌面\Project1\Project1\Histogram specification1.h(542,28): warning C4244: '=': 將 'double' 轉換為 'int'，由於類型不同，可能導致資料遺失
C:\Users\User\OneDrive\桌面\Project1\Project1\Histogram specification1.h(588,28): warning C4244: '=': 將 'double' 轉換為 'int'，由於類型不同，可能導致資料遺失
C:\Users\User\OneDrive\桌面\Project1\Project1\Contrast1.h(422,30): warning C4244: '引數': 將 'float' 轉換為 'int'，由於類型不同，可能導致資料遺失
C:\Users\User\OneDrive\桌面\Project1\Project1\Contrast1.h(422,26): warning C4244: '引數': 將 'float' 轉換為 'int'，由於類型不同，可能導致資料遺失
C:\Users\User\OneDrive\桌面\Project1\Project1\Contrast1.h(423,30): warning C4244: '引數': 將 'float' 轉換為 'int'，由於類型不同，可能導致資料遺失
C:\Users\User\OneDrive\桌面\Project1\Project1\Contrast1.h(423,26): warning C4244: '引數': 將 'float' 轉換為 'int'，由於類型不同，可能導致資料遺失
C:\Users\User\OneDrive\桌面\Project1\Project1\Contrast1.h(435,9): warning C4101: 'newvalue': 未參考的區域變數
C:\Users\User\OneDrive\桌面\Project1\Project1\Contrast1.h(461,11): warning C4244: '=': 將 'int' 轉換為 'float'，由於類型不同，可能導致資料遺失
C:\Users\User\OneDrive\桌面\Project1\Project1\Contrast1.h(462,11): warning C4244: '=': 將 'int' 轉換為 'float'，由於類型不同，可能導致資料遺失
C:\Users\User\OneDrive\桌面\Project1\Project1\Contrast1.h(467,11): warning C4244: '=': 將 'int' 轉換為 'float'，由於類型不同，可能導致資料遺失
C:\Users\User\OneDrive\桌面\Project1\Project1\Contrast1.h(468,11): warning C4244: '=': 將 'int' 轉換為 'float'，由於類型不同，可能導致資料遺失
C:\Users\User\OneDrive\桌面\Project1\Project1\Contrast1.h(493,31): warning C4244: '引數': 將 'float' 轉換為 'int'，由於類型不同，可能導致資料遺失
C:\Users\User\OneDrive\桌面\Project1\Project1\Contrast1.h(493,27): warning C4244: '引數': 將 'float' 轉換為 'int'，由於類型不同，可能導致資料遺失
C:\Users\User\OneDrive\桌面\Project1\Project1\Contrast1.h(494,31): warning C4244: '引數': 將 'float' 轉換為 'int'，由於類型不同，可能導致資料遺失
C:\Users\User\OneDrive\桌面\Project1\Project1\Contrast1.h(494,27): warning C4244: '引數': 將 'float' 轉換為 'int'，由於類型不同，可能導致資料遺失
C:\Users\User\OneDrive\桌面\Project1\Project1\Contrast1.h(581,30): warning C4244: '引數': 將 'float' 轉換為 'int'，由於類型不同，可能導致資料遺失
C:\Users\User\OneDrive\桌面\Project1\Project1\Contrast1.h(581,26): warning C4244: '引數': 將 'float' 轉換為 'int'，由於類型不同，可能導致資料遺失
C:\Users\User\OneDrive\桌面\Project1\Project1\Contrast1.h(582,30): warning C4244: '引數': 將 'float' 轉換為 'int'，由於類型不同，可能導致資料遺失
C:\Users\User\OneDrive\桌面\Project1\Project1\Contrast1.h(582,26): warning C4244: '引數': 將 'float' 轉換為 'int'，由於類型不同，可能導致資料遺失
C:\Users\User\OneDrive\桌面\Project1\Project1\Contrast1.h(594,9): warning C4101: 'newvalue': 未參考的區域變數
C:\Users\User\OneDrive\桌面\Project1\Project1\8Connect.h(203,13): warning C4244: '=': 將 'int' 轉換為 'float'，由於類型不同，可能導致資料遺失
C:\Users\User\OneDrive\桌面\Project1\Project1\8Connect.h(208,13): warning C4244: '=': 將 'int' 轉換為 'float'，由於類型不同，可能導致資料遺失
C:\Users\User\OneDrive\桌面\Project1\Project1\8Connect.h(317,35): warning C4244: '=': 將 '__int64' 轉換為 'int'，由於類型不同，可能導致資料遺失
C:\Users\User\OneDrive\桌面\Project1\Project1\8Connect.h(318,35): warning C4244: '=': 將 '__int64' 轉換為 'int'，由於類型不同，可能導致資料遺失
C:\Users\User\OneDrive\桌面\Project1\Project1\8Connect.h(319,39): warning C4244: '=': 將 '__int64' 轉換為 'int'，由於類型不同，可能導致資料遺失
C:\Users\User\OneDrive\桌面\Project1\Project1\8Connect.h(320,39): warning C4244: '=': 將 '__int64' 轉換為 'int'，由於類型不同，可能導致資料遺失
C:\Users\User\OneDrive\桌面\Project1\Project1\8Connect.h(387,31): warning C4244: '=': 將 '__int64' 轉換為 'int'，由於類型不同，可能導致資料遺失
C:\Users\User\OneDrive\桌面\Project1\Project1\8Connect.h(388,35): warning C4244: '=': 將 '__int64' 轉換為 'int'，由於類型不同，可能導致資料遺失
C:\Users\User\OneDrive\桌面\Project1\Project1\8Connect.h(389,39): warning C4244: '=': 將 '__int64' 轉換為 'int'，由於類型不同，可能導致資料遺失
C:\Users\User\OneDrive\桌面\Project1\Project1\8Connect.h(428,31): warning C4244: '=': 將 '__int64' 轉換為 'int'，由於類型不同，可能導致資料遺失
C:\Users\User\OneDrive\桌面\Project1\Project1\8Connect.h(429,35): warning C4244: '=': 將 '__int64' 轉換為 'int'，由於類型不同，可能導致資料遺失
C:\Users\User\OneDrive\桌面\Project1\Project1\8Connect.h(430,39): warning C4244: '=': 將 '__int64' 轉換為 'int'，由於類型不同，可能導致資料遺失
C:\Users\User\OneDrive\桌面\Project1\Project1\8Connect.h(431,35): warning C4244: '=': 將 '__int64' 轉換為 'int'，由於類型不同，可能導致資料遺失
C:\Users\User\OneDrive\桌面\Project1\Project1\8Connect.h(471,35): warning C4244: '=': 將 '__int64' 轉換為 'int'，由於類型不同，可能導致資料遺失
C:\Users\User\OneDrive\桌面\Project1\Project1\8Connect.h(472,39): warning C4244: '=': 將 '__int64' 轉換為 'int'，由於類型不同，可能導致資料遺失
C:\Users\User\OneDrive\桌面\Project1\Project1\8Connect.h(473,35): warning C4244: '=': 將 '__int64' 轉換為 'int'，由於類型不同，可能導致資料遺失
C:\Users\User\OneDrive\桌面\Project1\Project1\8Connect.h(474,39): warning C4244: '=': 將 '__int64' 轉換為 'int'，由於類型不同，可能導致資料遺失
C:\Users\User\OneDrive\桌面\Project1\Project1\MyForm.h(1325,2): warning C4677: 'LOADPCXDATA': 非私用成員的簽章含有組件私用類型 'Project1::MyForm::PCXHEAD'
C:\Users\User\OneDrive\桌面\Project1\Project1\MyForm.h(204): message : 請參閱 'Project1::MyForm::PCXHEAD' 的宣告
C:\Users\User\OneDrive\桌面\Project1\Project1\MyForm.h(1325,2): warning C4677: 'LOADPCXDATA': 非私用成員的簽章含有組件私用類型 'Project1::MyForm::PCXPALETTE'
C:\Users\User\OneDrive\桌面\Project1\Project1\MyForm.h(225): message : 請參閱 'Project1::MyForm::PCXPALETTE' 的宣告
C:\Users\User\OneDrive\桌面\Project1\Project1\MyForm.h(1540,79): warning C4677: 'LOADBMPDATA': 非私用成員的簽章含有組件私用類型 'Project1::MyForm::BMPHEAD'
C:\Users\User\OneDrive\桌面\Project1\Project1\MyForm.h(230): message : 請參閱 'Project1::MyForm::BMPHEAD' 的宣告
C:\Users\User\OneDrive\桌面\Project1\Project1\MyForm.h(1540,79): warning C4677: 'LOADBMPDATA': 非私用成員的簽章含有組件私用類型 'Project1::MyForm::BMPPALETTE'
C:\Users\User\OneDrive\桌面\Project1\Project1\MyForm.h(249): message : 請參閱 'Project1::MyForm::BMPPALETTE' 的宣告
C:\Users\User\OneDrive\桌面\Project1\Project1\MyForm.h(1550,15): warning C4244: '正在初始化': 將 'double' 轉換為 'long'，由於類型不同，可能導致資料遺失
C:\Users\User\OneDrive\桌面\Project1\Project1\MyForm.h(1551,15): warning C4244: '正在初始化': 將 'double' 轉換為 'long'，由於類型不同，可能導致資料遺失
C:\Users\User\OneDrive\桌面\Project1\Project1\MyForm.h(1552,15): warning C4244: '正在初始化': 將 'double' 轉換為 'long'，由於類型不同，可能導致資料遺失
C:\Users\User\OneDrive\桌面\Project1\Project1\MyForm.h(1580,45): warning C4244: '=': 將 'long' 轉換為 'unsigned char'，由於類型不同，可能導致資料遺失
C:\Users\User\OneDrive\桌面\Project1\Project1\MyForm.h(1544,7): warning C4101: 'red': 未參考的區域變數
C:\Users\User\OneDrive\桌面\Project1\Project1\MyForm.h(1544,19): warning C4101: 'blue': 未參考的區域變數
C:\Users\User\OneDrive\桌面\Project1\Project1\MyForm.h(1544,12): warning C4101: 'green': 未參考的區域變數
C:\Users\User\OneDrive\桌面\Project1\Project1\MyForm.h(1684,17): warning C4101: 'brushHSI': 未參考的區域變數
C:\Users\User\OneDrive\桌面\Project1\Project1\MyForm.h(1811,1): warning C4244: '+=': 將 'double' 轉換為 '__int64'，由於類型不同，可能導致資料遺失
C:\Users\User\OneDrive\桌面\Project1\Project1\MyForm.h(1812,1): warning C4244: '+=': 將 'double' 轉換為 '__int64'，由於類型不同，可能導致資料遺失
C:\Users\User\OneDrive\桌面\Project1\Project1\MyForm.h(1813,1): warning C4244: '+=': 將 'double' 轉換為 '__int64'，由於類型不同，可能導致資料遺失
C:\Users\User\OneDrive\桌面\Project1\Project1\MyForm.h(1819,1): warning C4244: '+=': 將 'double' 轉換為 '__int64'，由於類型不同，可能導致資料遺失
C:\Users\User\OneDrive\桌面\Project1\Project1\MyForm.h(1820,1): warning C4244: '+=': 將 'double' 轉換為 '__int64'，由於類型不同，可能導致資料遺失
C:\Users\User\OneDrive\桌面\Project1\Project1\MyForm.h(1821,1): warning C4244: '+=': 將 'double' 轉換為 '__int64'，由於類型不同，可能導致資料遺失
C:\Users\User\OneDrive\桌面\Project1\Project1\MyForm.h(1971,15): warning C4244: '正在初始化': 將 'double' 轉換為 'int'，由於類型不同，可能導致資料遺失
C:\Users\User\OneDrive\桌面\Project1\Project1\MyForm.h(1986,15): warning C4244: '正在初始化': 將 'double' 轉換為 'int'，由於類型不同，可能導致資料遺失
C:\Users\User\OneDrive\桌面\Project1\Project1\MyForm.h(2025,58): warning C4244: '引數': 將 'double' 轉換為 'int'，由於類型不同，可能導致資料遺失
C:\Users\User\OneDrive\桌面\Project1\Project1\MyForm.h(2025,48): warning C4244: '引數': 將 'double' 轉換為 'int'，由於類型不同，可能導致資料遺失
C:\Users\User\OneDrive\桌面\Project1\Project1\MyForm.h(2025,38): warning C4244: '引數': 將 'double' 轉換為 'int'，由於類型不同，可能導致資料遺失
C:\Users\User\OneDrive\桌面\Project1\Project1\MyForm.h(2026,58): warning C4244: '引數': 將 'double' 轉換為 'int'，由於類型不同，可能導致資料遺失
C:\Users\User\OneDrive\桌面\Project1\Project1\MyForm.h(2026,48): warning C4244: '引數': 將 'double' 轉換為 'int'，由於類型不同，可能導致資料遺失
C:\Users\User\OneDrive\桌面\Project1\Project1\MyForm.h(2026,38): warning C4244: '引數': 將 'double' 轉換為 'int'，由於類型不同，可能導致資料遺失
C:\Users\User\OneDrive\桌面\Project1\Project1\MyForm.h(2027,58): warning C4244: '引數': 將 'double' 轉換為 'int'，由於類型不同，可能導致資料遺失
C:\Users\User\OneDrive\桌面\Project1\Project1\MyForm.h(2027,48): warning C4244: '引數': 將 'double' 轉換為 'int'，由於類型不同，可能導致資料遺失
C:\Users\User\OneDrive\桌面\Project1\Project1\MyForm.h(2027,38): warning C4244: '引數': 將 'double' 轉換為 'int'，由於類型不同，可能導致資料遺失
C:\Users\User\OneDrive\桌面\Project1\Project1\MyForm.h(2055,70): warning C4244: '引數': 將 'double' 轉換為 'int'，由於類型不同，可能導致資料遺失
C:\Users\User\OneDrive\桌面\Project1\Project1\MyForm.h(2055,46): warning C4244: '引數': 將 'double' 轉換為 'int'，由於類型不同，可能導致資料遺失
C:\Users\User\OneDrive\桌面\Project1\Project1\MyForm.h(2060,51): warning C4244: '引數': 將 'double' 轉換為 'int'，由於類型不同，可能導致資料遺失
C:\Users\User\OneDrive\桌面\Project1\Project1\MyForm.h(2060,40): warning C4244: '引數': 將 'double' 轉換為 'int'，由於類型不同，可能導致資料遺失
C:\Users\User\OneDrive\桌面\Project1\Project1\MyForm.h(2079,70): warning C4244: '引數': 將 'double' 轉換為 'int'，由於類型不同，可能導致資料遺失
C:\Users\User\OneDrive\桌面\Project1\Project1\MyForm.h(2079,46): warning C4244: '引數': 將 'double' 轉換為 'int'，由於類型不同，可能導致資料遺失
C:\Users\User\OneDrive\桌面\Project1\Project1\MyForm.h(2082,49): warning C4244: '引數': 將 'double' 轉換為 'int'，由於類型不同，可能導致資料遺失
C:\Users\User\OneDrive\桌面\Project1\Project1\MyForm.h(2082,38): warning C4244: '引數': 將 'double' 轉換為 'int'，由於類型不同，可能導致資料遺失
C:\Users\User\OneDrive\桌面\Project1\Project1\MyForm.h(2153,75): warning C4244: '引數': 將 'double' 轉換為 'int'，由於類型不同，可能導致資料遺失
C:\Users\User\OneDrive\桌面\Project1\Project1\MyForm.h(2153,50): warning C4244: '引數': 將 'double' 轉換為 'int'，由於類型不同，可能導致資料遺失
C:\Users\User\OneDrive\桌面\Project1\Project1\MyForm.h(2157,49): warning C4244: '引數': 將 'double' 轉換為 'int'，由於類型不同，可能導致資料遺失
C:\Users\User\OneDrive\桌面\Project1\Project1\MyForm.h(2157,38): warning C4244: '引數': 將 'double' 轉換為 'int'，由於類型不同，可能導致資料遺失
C:\Users\User\OneDrive\桌面\Project1\Project1\MyForm.h(2165,75): warning C4244: '引數': 將 'double' 轉換為 'int'，由於類型不同，可能導致資料遺失
C:\Users\User\OneDrive\桌面\Project1\Project1\MyForm.h(2165,50): warning C4244: '引數': 將 'double' 轉換為 'int'，由於類型不同，可能導致資料遺失
C:\Users\User\OneDrive\桌面\Project1\Project1\MyForm.h(2168,54): warning C4244: '=': 將 'double' 轉換為 'int'，由於類型不同，可能導致資料遺失
C:\Users\User\OneDrive\桌面\Project1\Project1\MyForm.h(2169,56): warning C4244: '=': 將 'double' 轉換為 'int'，由於類型不同，可能導致資料遺失
C:\Users\User\OneDrive\桌面\Project1\Project1\MyForm.h(2178,16): warning C4244: '=': 將 'double' 轉換為 'int'，由於類型不同，可能導致資料遺失
C:\Users\User\OneDrive\桌面\Project1\Project1\MyForm.h(2179,16): warning C4244: '=': 將 'double' 轉換為 'int'，由於類型不同，可能導致資料遺失
C:\Users\User\OneDrive\桌面\Project1\Project1\MyForm.h(2180,16): warning C4244: '=': 將 'double' 轉換為 'int'，由於類型不同，可能導致資料遺失
C:\Users\User\OneDrive\桌面\Project1\Project1\MyForm.h(2182,37): warning C4244: '引數': 將 'double' 轉換為 'int'，由於類型不同，可能導致資料遺失
C:\Users\User\OneDrive\桌面\Project1\Project1\MyForm.h(2182,26): warning C4244: '引數': 將 'double' 轉換為 'int'，由於類型不同，可能導致資料遺失
C:\Users\User\OneDrive\桌面\Project1\Project1\MyForm.h(2215,18): warning C4244: '正在初始化': 將 'double' 轉換為 'float'，由於類型不同，可能導致資料遺失
C:\Users\User\OneDrive\桌面\Project1\Project1\MyForm.h(2216,19): warning C4244: '正在初始化': 將 'double' 轉換為 'float'，由於類型不同，可能導致資料遺失
C:\Users\User\OneDrive\桌面\Project1\Project1\MyForm.h(2219,100): warning C4244: '引數': 將 'double' 轉換為 'int'，由於類型不同，可能導致資料遺失
C:\Users\User\OneDrive\桌面\Project1\Project1\MyForm.h(2219,66): warning C4244: '引數': 將 'double' 轉換為 'int'，由於類型不同，可能導致資料遺失
C:\Users\User\OneDrive\桌面\Project1\Project1\MyForm.h(2242,18): warning C4244: '正在初始化': 將 'double' 轉換為 'float'，由於類型不同，可能導致資料遺失
C:\Users\User\OneDrive\桌面\Project1\Project1\MyForm.h(2243,19): warning C4244: '正在初始化': 將 'double' 轉換為 'float'，由於類型不同，可能導致資料遺失
C:\Users\User\OneDrive\桌面\Project1\Project1\MyForm.h(2247,100): warning C4244: '引數': 將 'double' 轉換為 'int'，由於類型不同，可能導致資料遺失
C:\Users\User\OneDrive\桌面\Project1\Project1\MyForm.h(2247,67): warning C4244: '引數': 將 'double' 轉換為 'int'，由於類型不同，可能導致資料遺失
C:\Users\User\OneDrive\桌面\Project1\Project1\MyForm.h(2248,82): warning C4244: '引數': 將 'double' 轉換為 'int'，由於類型不同，可能導致資料遺失
C:\Users\User\OneDrive\桌面\Project1\Project1\MyForm.h(2248,49): warning C4244: '引數': 將 'double' 轉換為 'int'，由於類型不同，可能導致資料遺失
C:\Users\User\OneDrive\桌面\Project1\Project1\MyForm.h(2267,29): warning C4244: '引數': 將 'double' 轉換為 'int'，由於類型不同，可能導致資料遺失
C:\Users\User\OneDrive\桌面\Project1\Project1\MyForm.h(2282,18): warning C4244: '正在初始化': 將 'double' 轉換為 'float'，由於類型不同，可能導致資料遺失
C:\Users\User\OneDrive\桌面\Project1\Project1\MyForm.h(2283,19): warning C4244: '正在初始化': 將 'double' 轉換為 'float'，由於類型不同，可能導致資料遺失
C:\Users\User\OneDrive\桌面\Project1\Project1\MyForm.h(2286,100): warning C4244: '引數': 將 'double' 轉換為 'int'，由於類型不同，可能導致資料遺失
C:\Users\User\OneDrive\桌面\Project1\Project1\MyForm.h(2286,66): warning C4244: '引數': 將 'double' 轉換為 'int'，由於類型不同，可能導致資料遺失
C:\Users\User\OneDrive\桌面\Project1\Project1\MyForm.h(2301,29): warning C4244: '引數': 將 'double' 轉換為 'int'，由於類型不同，可能導致資料遺失
C:\Users\User\OneDrive\桌面\Project1\Project1\MyForm.h(2315,18): warning C4244: '正在初始化': 將 'double' 轉換為 'float'，由於類型不同，可能導致資料遺失
C:\Users\User\OneDrive\桌面\Project1\Project1\MyForm.h(2316,19): warning C4244: '正在初始化': 將 'double' 轉換為 'float'，由於類型不同，可能導致資料遺失
C:\Users\User\OneDrive\桌面\Project1\Project1\MyForm.h(2321,100): warning C4244: '引數': 將 'double' 轉換為 'int'，由於類型不同，可能導致資料遺失
C:\Users\User\OneDrive\桌面\Project1\Project1\MyForm.h(2321,67): warning C4244: '引數': 將 'double' 轉換為 'int'，由於類型不同，可能導致資料遺失
C:\Users\User\OneDrive\桌面\Project1\Project1\MyForm.h(2322,82): warning C4244: '引數': 將 'double' 轉換為 'int'，由於類型不同，可能導致資料遺失
C:\Users\User\OneDrive\桌面\Project1\Project1\MyForm.h(2322,49): warning C4244: '引數': 將 'double' 轉換為 'int'，由於類型不同，可能導致資料遺失
C:\Users\User\OneDrive\桌面\Project1\Project1\MyForm.h(2478,14): warning C4101: 'B': 未參考的區域變數
C:\Users\User\OneDrive\桌面\Project1\Project1\MyForm.h(2478,8): warning C4101: 'R': 未參考的區域變數
C:\Users\User\OneDrive\桌面\Project1\Project1\MyForm.h(2478,11): warning C4101: 'G': 未參考的區域變數
C:\Users\User\OneDrive\桌面\Project1\Project1\MyForm.h(2571,14): warning C4101: 'B': 未參考的區域變數
C:\Users\User\OneDrive\桌面\Project1\Project1\MyForm.h(2571,8): warning C4101: 'R': 未參考的區域變數
C:\Users\User\OneDrive\桌面\Project1\Project1\MyForm.h(2571,11): warning C4101: 'G': 未參考的區域變數
C:\Users\User\OneDrive\桌面\Project1\Project1\MyForm.h(2696,23): warning C4244: '=': 將 'float' 轉換為 'int'，由於類型不同，可能導致資料遺失
C:\Users\User\OneDrive\桌面\Project1\Project1\MyForm.h(2698,20): warning C4244: '=': 將 'int' 轉換為 'float'，由於類型不同，可能導致資料遺失
C:\Users\User\OneDrive\桌面\Project1\Project1\MyForm.h(2755,14): warning C4101: 'B': 未參考的區域變數
C:\Users\User\OneDrive\桌面\Project1\Project1\MyForm.h(2755,8): warning C4101: 'R': 未參考的區域變數
C:\Users\User\OneDrive\桌面\Project1\Project1\MyForm.h(2755,11): warning C4101: 'G': 未參考的區域變數
C:\Users\User\OneDrive\桌面\Project1\Project1\MyForm.h(2916,28): warning C4244: '=': 將 'double' 轉換為 'float'，由於類型不同，可能導致資料遺失
  Overlap.cpp
C:\Users\User\OneDrive\桌面\Project1\Project1\Overlap.h(247,79): warning C4677: 'LOADPCXDATA': 非私用成員的簽章含有組件私用類型 'Project1::Overlap::PCXHEAD'
C:\Users\User\OneDrive\桌面\Project1\Project1\Overlap.h(66): message : 請參閱 'Project1::Overlap::PCXHEAD' 的宣告
C:\Users\User\OneDrive\桌面\Project1\Project1\Overlap.h(247,79): warning C4677: 'LOADPCXDATA': 非私用成員的簽章含有組件私用類型 'Project1::Overlap::PCXPALETTE'
C:\Users\User\OneDrive\桌面\Project1\Project1\Overlap.h(87): message : 請參閱 'Project1::Overlap::PCXPALETTE' 的宣告
  splash_screen.cpp
C:\Users\User\OneDrive\桌面\Project1\Project1\Cut.h(151,15): warning C4244: '=': 將 'double' 轉換為 'int'，由於類型不同，可能導致資料遺失
C:\Users\User\OneDrive\桌面\Project1\Project1\Cut.h(152,15): warning C4244: '=': 將 'double' 轉換為 'int'，由於類型不同，可能導致資料遺失
C:\Users\User\OneDrive\桌面\Project1\Project1\Cut.h(153,15): warning C4244: '=': 將 'double' 轉換為 'int'，由於類型不同，可能導致資料遺失
C:\Users\User\OneDrive\桌面\Project1\Project1\Cut.h(154,15): warning C4244: '=': 將 'double' 轉換為 'int'，由於類型不同，可能導致資料遺失
C:\Users\User\OneDrive\桌面\Project1\Project1\Cut.h(167,15): warning C4244: '=': 將 'double' 轉換為 'int'，由於類型不同，可能導致資料遺失
C:\Users\User\OneDrive\桌面\Project1\Project1\Cut.h(168,15): warning C4244: '=': 將 'double' 轉換為 'int'，由於類型不同，可能導致資料遺失
C:\Users\User\OneDrive\桌面\Project1\Project1\Cut.h(169,15): warning C4244: '=': 將 'double' 轉換為 'int'，由於類型不同，可能導致資料遺失
C:\Users\User\OneDrive\桌面\Project1\Project1\Cut.h(170,15): warning C4244: '=': 將 'double' 轉換為 'int'，由於類型不同，可能導致資料遺失
C:\Users\User\OneDrive\桌面\Project1\Project1\Cut.h(173,20): warning C4244: '正在初始化': 將 'int' 轉換為 'float'，由於類型不同，可能導致資料遺失
C:\Users\User\OneDrive\桌面\Project1\Project1\Cut.h(174,20): warning C4244: '正在初始化': 將 'int' 轉換為 'float'，由於類型不同，可能導致資料遺失
C:\Users\User\OneDrive\桌面\Project1\Project1\Cut.h(175,21): warning C4244: '正在初始化': 將 'double' 轉換為 'float'，由於類型不同，可能導致資料遺失
C:\Users\User\OneDrive\桌面\Project1\Project1\Overlap.h(247,79): warning C4677: 'LOADPCXDATA': 非私用成員的簽章含有組件私用類型 'Project1::Overlap::PCXHEAD'
C:\Users\User\OneDrive\桌面\Project1\Project1\Overlap.h(66): message : 請參閱 'Project1::Overlap::PCXHEAD' 的宣告
C:\Users\User\OneDrive\桌面\Project1\Project1\Overlap.h(247,79): warning C4677: 'LOADPCXDATA': 非私用成員的簽章含有組件私用類型 'Project1::Overlap::PCXPALETTE'
C:\Users\User\OneDrive\桌面\Project1\Project1\Overlap.h(87): message : 請參閱 'Project1::Overlap::PCXPALETTE' 的宣告
C:\Users\User\OneDrive\桌面\Project1\Project1\Lightness.h(166,71): warning C4244: '=': 將 'int' 轉換為 'float'，由於類型不同，可能導致資料遺失
C:\Users\User\OneDrive\桌面\Project1\Project1\Lightness.h(167,71): warning C4244: '=': 將 'int' 轉換為 'float'，由於類型不同，可能導致資料遺失
C:\Users\User\OneDrive\桌面\Project1\Project1\Lightness.h(168,71): warning C4244: '=': 將 'int' 轉換為 'float'，由於類型不同，可能導致資料遺失
C:\Users\User\OneDrive\桌面\Project1\Project1\Lightness.h(169,40): warning C4244: '引數': 將 'float' 轉換為 'int'，由於類型不同，可能導致資料遺失
C:\Users\User\OneDrive\桌面\Project1\Project1\Lightness.h(169,37): warning C4244: '引數': 將 'float' 轉換為 'int'，由於類型不同，可能導致資料遺失
C:\Users\User\OneDrive\桌面\Project1\Project1\Lightness.h(169,34): warning C4244: '引數': 將 'float' 轉換為 'int'，由於類型不同，可能導致資料遺失
C:\Users\User\OneDrive\桌面\Project1\Project1\Lightness.h(178,71): warning C4244: '=': 將 'int' 轉換為 'float'，由於類型不同，可能導致資料遺失
C:\Users\User\OneDrive\桌面\Project1\Project1\Lightness.h(179,71): warning C4244: '=': 將 'int' 轉換為 'float'，由於類型不同，可能導致資料遺失
C:\Users\User\OneDrive\桌面\Project1\Project1\Lightness.h(180,71): warning C4244: '=': 將 'int' 轉換為 'float'，由於類型不同，可能導致資料遺失
C:\Users\User\OneDrive\桌面\Project1\Project1\Lightness.h(181,40): warning C4244: '引數': 將 'float' 轉換為 'int'，由於類型不同，可能導致資料遺失
C:\Users\User\OneDrive\桌面\Project1\Project1\Lightness.h(181,37): warning C4244: '引數': 將 'float' 轉換為 'int'，由於類型不同，可能導致資料遺失
C:\Users\User\OneDrive\桌面\Project1\Project1\Lightness.h(181,34): warning C4244: '引數': 將 'float' 轉換為 'int'，由於類型不同，可能導致資料遺失
C:\Users\User\OneDrive\桌面\Project1\Project1\Lightness.h(200,71): warning C4244: '=': 將 'int' 轉換為 'float'，由於類型不同，可能導致資料遺失
C:\Users\User\OneDrive\桌面\Project1\Project1\Lightness.h(201,71): warning C4244: '=': 將 'int' 轉換為 'float'，由於類型不同，可能導致資料遺失
C:\Users\User\OneDrive\桌面\Project1\Project1\Lightness.h(202,71): warning C4244: '=': 將 'int' 轉換為 'float'，由於類型不同，可能導致資料遺失
C:\Users\User\OneDrive\桌面\Project1\Project1\Lightness.h(203,40): warning C4244: '引數': 將 'float' 轉換為 'int'，由於類型不同，可能導致資料遺失
C:\Users\User\OneDrive\桌面\Project1\Project1\Lightness.h(203,37): warning C4244: '引數': 將 'float' 轉換為 'int'，由於類型不同，可能導致資料遺失
C:\Users\User\OneDrive\桌面\Project1\Project1\Lightness.h(203,34): warning C4244: '引數': 將 'float' 轉換為 'int'，由於類型不同，可能導致資料遺失
C:\Users\User\OneDrive\桌面\Project1\Project1\Lightness.h(212,71): warning C4244: '=': 將 'int' 轉換為 'float'，由於類型不同，可能導致資料遺失
C:\Users\User\OneDrive\桌面\Project1\Project1\Lightness.h(213,71): warning C4244: '=': 將 'int' 轉換為 'float'，由於類型不同，可能導致資料遺失
C:\Users\User\OneDrive\桌面\Project1\Project1\Lightness.h(214,71): warning C4244: '=': 將 'int' 轉換為 'float'，由於類型不同，可能導致資料遺失
C:\Users\User\OneDrive\桌面\Project1\Project1\Lightness.h(215,40): warning C4244: '引數': 將 'float' 轉換為 'int'，由於類型不同，可能導致資料遺失
C:\Users\User\OneDrive\桌面\Project1\Project1\Lightness.h(215,37): warning C4244: '引數': 將 'float' 轉換為 'int'，由於類型不同，可能導致資料遺失
C:\Users\User\OneDrive\桌面\Project1\Project1\Lightness.h(215,34): warning C4244: '引數': 將 'float' 轉換為 'int'，由於類型不同，可能導致資料遺失
C:\Users\User\OneDrive\桌面\Project1\Project1\Gary code.h(354,17): warning C4244: '正在初始化': 將 'double' 轉換為 'int'，由於類型不同，可能導致資料遺失
C:\Users\User\OneDrive\桌面\Project1\Project1\Bit plane.h(568,17): warning C4244: '正在初始化': 將 'double' 轉換為 'int'，由於類型不同，可能導致資料遺失
C:\Users\User\OneDrive\桌面\Project1\Project1\Bit plane.h(599,17): warning C4244: '正在初始化': 將 'double' 轉換為 'int'，由於類型不同，可能導致資料遺失
C:\Users\User\OneDrive\桌面\Project1\Project1\Bit plane.h(655,19): warning C4244: '=': 將 'double' 轉換為 'int'，由於類型不同，可能導致資料遺失
C:\Users\User\OneDrive\桌面\Project1\Project1\Transparency.h(282,79): warning C4677: 'LoadPcxFile': 非私用成員的簽章含有組件私用類型 'Project1::Transparent::PCXHEAD'
C:\Users\User\OneDrive\桌面\Project1\Project1\Transparency.h(77): message : 請參閱 'Project1::Transparent::PCXHEAD' 的宣告
C:\Users\User\OneDrive\桌面\Project1\Project1\Transparency.h(282,79): warning C4677: 'LoadPcxFile': 非私用成員的簽章含有組件私用類型 'Project1::Transparent::PCXPALETTE'
C:\Users\User\OneDrive\桌面\Project1\Project1\Transparency.h(100): message : 請參閱 'Project1::Transparent::PCXPALETTE' 的宣告
C:\Users\User\OneDrive\桌面\Project1\Project1\Transparency.h(508,15): warning C4244: '正在初始化': 將 'int' 轉換為 'float'，由於類型不同，可能導致資料遺失
C:\Users\User\OneDrive\桌面\Project1\Project1\Transparency.h(517,13): warning C4244: '正在初始化': 將 'double' 轉換為 'float'，由於類型不同，可能導致資料遺失
C:\Users\User\OneDrive\桌面\Project1\Project1\Transparency.h(525,59): warning C4244: '引數': 將 'float' 轉換為 'int'，由於類型不同，可能導致資料遺失
C:\Users\User\OneDrive\桌面\Project1\Project1\Transparency.h(525,56): warning C4244: '引數': 將 'float' 轉換為 'int'，由於類型不同，可能導致資料遺失
C:\Users\User\OneDrive\桌面\Project1\Project1\Transparency.h(525,53): warning C4244: '引數': 將 'float' 轉換為 'int'，由於類型不同，可能導致資料遺失
C:\Users\User\OneDrive\桌面\Project1\Project1\Transparency.h(535,15): warning C4244: '正在初始化': 將 'int' 轉換為 'float'，由於類型不同，可能導致資料遺失
C:\Users\User\OneDrive\桌面\Project1\Project1\Transparency.h(545,13): warning C4244: '正在初始化': 將 'double' 轉換為 'float'，由於類型不同，可能導致資料遺失
C:\Users\User\OneDrive\桌面\Project1\Project1\Transparency.h(553,59): warning C4244: '引數': 將 'float' 轉換為 'int'，由於類型不同，可能導致資料遺失
C:\Users\User\OneDrive\桌面\Project1\Project1\Transparency.h(553,56): warning C4244: '引數': 將 'float' 轉換為 'int'，由於類型不同，可能導致資料遺失
C:\Users\User\OneDrive\桌面\Project1\Project1\Transparency.h(553,53): warning C4244: '引數': 將 'float' 轉換為 'int'，由於類型不同，可能導致資料遺失
C:\Users\User\OneDrive\桌面\Project1\Project1\Transparency.h(569,36): warning C4244: '=': 將 'int' 轉換為 'float'，由於類型不同，可能導致資料遺失
C:\Users\User\OneDrive\桌面\Project1\Project1\Transparency.h(571,28): warning C4244: '引數': 將 'float' 轉換為 'int'，由於類型不同，可能導致資料遺失
C:\Users\User\OneDrive\桌面\Project1\Project1\Transparency.h(580,13): warning C4244: '正在初始化': 將 'double' 轉換為 'float'，由於類型不同，可能導致資料遺失
C:\Users\User\OneDrive\桌面\Project1\Project1\Transparency.h(588,59): warning C4244: '引數': 將 'float' 轉換為 'int'，由於類型不同，可能導致資料遺失
C:\Users\User\OneDrive\桌面\Project1\Project1\Transparency.h(588,56): warning C4244: '引數': 將 'float' 轉換為 'int'，由於類型不同，可能導致資料遺失
C:\Users\User\OneDrive\桌面\Project1\Project1\Transparency.h(588,53): warning C4244: '引數': 將 'float' 轉換為 'int'，由於類型不同，可能導致資料遺失
C:\Users\User\OneDrive\桌面\Project1\Project1\Threshold.h(205,28): warning C4244: '=': 將 'double' 轉換為 'int'，由於類型不同，可能導致資料遺失
C:\Users\User\OneDrive\桌面\Project1\Project1\Threshold.h(370,13): warning C4244: '=': 將 'int' 轉換為 'float'，由於類型不同，可能導致資料遺失
C:\Users\User\OneDrive\桌面\Project1\Project1\Threshold.h(375,13): warning C4244: '=': 將 'int' 轉換為 'float'，由於類型不同，可能導致資料遺失
C:\Users\User\OneDrive\桌面\Project1\Project1\Threshold.h(392,28): warning C4244: '引數': 將 'float' 轉換為 'int'，由於類型不同，可能導致資料遺失
C:\Users\User\OneDrive\桌面\Project1\Project1\Color bit depth.h(206,11): warning C4244: '=': 將 'double' 轉換為 'float'，由於類型不同，可能導致資料遺失
C:\Users\User\OneDrive\桌面\Project1\Project1\Color bit depth.h(207,11): warning C4244: '=': 將 'double' 轉換為 'float'，由於類型不同，可能導致資料遺失
C:\Users\User\OneDrive\桌面\Project1\Project1\Color bit depth.h(208,11): warning C4244: '=': 將 'double' 轉換為 'float'，由於類型不同，可能導致資料遺失
C:\Users\User\OneDrive\桌面\Project1\Project1\Color bit depth.h(209,91): warning C4244: '引數': 將 'float' 轉換為 'int'，由於類型不同，可能導致資料遺失
C:\Users\User\OneDrive\桌面\Project1\Project1\Color bit depth.h(209,74): warning C4244: '引數': 將 'float' 轉換為 'int'，由於類型不同，可能導致資料遺失
C:\Users\User\OneDrive\桌面\Project1\Project1\Color bit depth.h(209,57): warning C4244: '引數': 將 'float' 轉換為 'int'，由於類型不同，可能導致資料遺失
C:\Users\User\OneDrive\桌面\Project1\Project1\Color bit depth.h(221,18): warning C4244: '引數': 將 'double' 轉換為 'float'，由於類型不同，可能導致資料遺失
C:\Users\User\OneDrive\桌面\Project1\Project1\Color bit depth.h(222,18): warning C4244: '引數': 將 'double' 轉換為 'float'，由於類型不同，可能導致資料遺失
C:\Users\User\OneDrive\桌面\Project1\Project1\Color bit depth.h(223,18): warning C4244: '引數': 將 'double' 轉換為 'float'，由於類型不同，可能導致資料遺失
C:\Users\User\OneDrive\桌面\Project1\Project1\Color bit depth.h(224,65): warning C4244: '引數': 將 'float' 轉換為 'int'，由於類型不同，可能導致資料遺失
C:\Users\User\OneDrive\桌面\Project1\Project1\Color bit depth.h(224,57): warning C4244: '引數': 將 'float' 轉換為 'int'，由於類型不同，可能導致資料遺失
C:\Users\User\OneDrive\桌面\Project1\Project1\Color bit depth.h(224,49): warning C4244: '引數': 將 'float' 轉換為 'int'，由於類型不同，可能導致資料遺失
C:\Users\User\OneDrive\桌面\Project1\Project1\Color bit depth.h(236,18): warning C4244: '引數': 將 'double' 轉換為 'float'，由於類型不同，可能導致資料遺失
C:\Users\User\OneDrive\桌面\Project1\Project1\Color bit depth.h(237,18): warning C4244: '引數': 將 'double' 轉換為 'float'，由於類型不同，可能導致資料遺失
C:\Users\User\OneDrive\桌面\Project1\Project1\Color bit depth.h(238,18): warning C4244: '引數': 將 'double' 轉換為 'float'，由於類型不同，可能導致資料遺失
C:\Users\User\OneDrive\桌面\Project1\Project1\Color bit depth.h(239,65): warning C4244: '引數': 將 'float' 轉換為 'int'，由於類型不同，可能導致資料遺失
C:\Users\User\OneDrive\桌面\Project1\Project1\Color bit depth.h(239,57): warning C4244: '引數': 將 'float' 轉換為 'int'，由於類型不同，可能導致資料遺失
C:\Users\User\OneDrive\桌面\Project1\Project1\Color bit depth.h(239,49): warning C4244: '引數': 將 'float' 轉換為 'int'，由於類型不同，可能導致資料遺失
C:\Users\User\OneDrive\桌面\Project1\Project1\Histogram.h(214,29): warning C4244: '=': 將 'double' 轉換為 'int'，由於類型不同，可能導致資料遺失
C:\Users\User\OneDrive\桌面\Project1\Project1\Histogram equalization.h(182,28): warning C4244: '=': 將 'double' 轉換為 'int'，由於類型不同，可能導致資料遺失
C:\Users\User\OneDrive\桌面\Project1\Project1\Histogram equalization.h(224,15): warning C4244: '正在初始化': 將 'float' 轉換為 'int'，由於類型不同，可能導致資料遺失
C:\Users\User\OneDrive\桌面\Project1\Project1\Histogram specification1.h(296,79): warning C4677: 'LoadPcxFile': 非私用成員的簽章含有組件私用類型 'Project1::HistogramSpecification::PCXHEAD'
C:\Users\User\OneDrive\桌面\Project1\Project1\Histogram specification1.h(64): message : 請參閱 'Project1::HistogramSpecification::PCXHEAD' 的宣告
C:\Users\User\OneDrive\桌面\Project1\Project1\Histogram specification1.h(296,79): warning C4677: 'LoadPcxFile': 非私用成員的簽章含有組件私用類型 'Project1::HistogramSpecification::PCXPALETTE'
C:\Users\User\OneDrive\桌面\Project1\Project1\Histogram specification1.h(87): message : 請參閱 'Project1::HistogramSpecification::PCXPALETTE' 的宣告
C:\Users\User\OneDrive\桌面\Project1\Project1\Histogram specification1.h(495,28): warning C4244: '=': 將 'double' 轉換為 'int'，由於類型不同，可能導致資料遺失
C:\Users\User\OneDrive\桌面\Project1\Project1\Histogram specification1.h(542,28): warning C4244: '=': 將 'double' 轉換為 'int'，由於類型不同，可能導致資料遺失
C:\Users\User\OneDrive\桌面\Project1\Project1\Histogram specification1.h(588,28): warning C4244: '=': 將 'double' 轉換為 'int'，由於類型不同，可能導致資料遺失
C:\Users\User\OneDrive\桌面\Project1\Project1\Contrast1.h(422,30): warning C4244: '引數': 將 'float' 轉換為 'int'，由於類型不同，可能導致資料遺失
C:\Users\User\OneDrive\桌面\Project1\Project1\Contrast1.h(422,26): warning C4244: '引數': 將 'float' 轉換為 'int'，由於類型不同，可能導致資料遺失
C:\Users\User\OneDrive\桌面\Project1\Project1\Contrast1.h(423,30): warning C4244: '引數': 將 'float' 轉換為 'int'，由於類型不同，可能導致資料遺失
C:\Users\User\OneDrive\桌面\Project1\Project1\Contrast1.h(423,26): warning C4244: '引數': 將 'float' 轉換為 'int'，由於類型不同，可能導致資料遺失
C:\Users\User\OneDrive\桌面\Project1\Project1\Contrast1.h(435,9): warning C4101: 'newvalue': 未參考的區域變數
C:\Users\User\OneDrive\桌面\Project1\Project1\Contrast1.h(461,11): warning C4244: '=': 將 'int' 轉換為 'float'，由於類型不同，可能導致資料遺失
C:\Users\User\OneDrive\桌面\Project1\Project1\Contrast1.h(462,11): warning C4244: '=': 將 'int' 轉換為 'float'，由於類型不同，可能導致資料遺失
C:\Users\User\OneDrive\桌面\Project1\Project1\Contrast1.h(467,11): warning C4244: '=': 將 'int' 轉換為 'float'，由於類型不同，可能導致資料遺失
C:\Users\User\OneDrive\桌面\Project1\Project1\Contrast1.h(468,11): warning C4244: '=': 將 'int' 轉換為 'float'，由於類型不同，可能導致資料遺失
C:\Users\User\OneDrive\桌面\Project1\Project1\Contrast1.h(493,31): warning C4244: '引數': 將 'float' 轉換為 'int'，由於類型不同，可能導致資料遺失
C:\Users\User\OneDrive\桌面\Project1\Project1\Contrast1.h(493,27): warning C4244: '引數': 將 'float' 轉換為 'int'，由於類型不同，可能導致資料遺失
C:\Users\User\OneDrive\桌面\Project1\Project1\Contrast1.h(494,31): warning C4244: '引數': 將 'float' 轉換為 'int'，由於類型不同，可能導致資料遺失
C:\Users\User\OneDrive\桌面\Project1\Project1\Contrast1.h(494,27): warning C4244: '引數': 將 'float' 轉換為 'int'，由於類型不同，可能導致資料遺失
C:\Users\User\OneDrive\桌面\Project1\Project1\Contrast1.h(581,30): warning C4244: '引數': 將 'float' 轉換為 'int'，由於類型不同，可能導致資料遺失
C:\Users\User\OneDrive\桌面\Project1\Project1\Contrast1.h(581,26): warning C4244: '引數': 將 'float' 轉換為 'int'，由於類型不同，可能導致資料遺失
C:\Users\User\OneDrive\桌面\Project1\Project1\Contrast1.h(582,30): warning C4244: '引數': 將 'float' 轉換為 'int'，由於類型不同，可能導致資料遺失
C:\Users\User\OneDrive\桌面\Project1\Project1\Contrast1.h(582,26): warning C4244: '引數': 將 'float' 轉換為 'int'，由於類型不同，可能導致資料遺失
C:\Users\User\OneDrive\桌面\Project1\Project1\Contrast1.h(594,9): warning C4101: 'newvalue': 未參考的區域變數
C:\Users\User\OneDrive\桌面\Project1\Project1\8Connect.h(203,13): warning C4244: '=': 將 'int' 轉換為 'float'，由於類型不同，可能導致資料遺失
C:\Users\User\OneDrive\桌面\Project1\Project1\8Connect.h(208,13): warning C4244: '=': 將 'int' 轉換為 'float'，由於類型不同，可能導致資料遺失
C:\Users\User\OneDrive\桌面\Project1\Project1\8Connect.h(317,35): warning C4244: '=': 將 '__int64' 轉換為 'int'，由於類型不同，可能導致資料遺失
C:\Users\User\OneDrive\桌面\Project1\Project1\8Connect.h(318,35): warning C4244: '=': 將 '__int64' 轉換為 'int'，由於類型不同，可能導致資料遺失
C:\Users\User\OneDrive\桌面\Project1\Project1\8Connect.h(319,39): warning C4244: '=': 將 '__int64' 轉換為 'int'，由於類型不同，可能導致資料遺失
C:\Users\User\OneDrive\桌面\Project1\Project1\8Connect.h(320,39): warning C4244: '=': 將 '__int64' 轉換為 'int'，由於類型不同，可能導致資料遺失
C:\Users\User\OneDrive\桌面\Project1\Project1\8Connect.h(387,31): warning C4244: '=': 將 '__int64' 轉換為 'int'，由於類型不同，可能導致資料遺失
C:\Users\User\OneDrive\桌面\Project1\Project1\8Connect.h(388,35): warning C4244: '=': 將 '__int64' 轉換為 'int'，由於類型不同，可能導致資料遺失
C:\Users\User\OneDrive\桌面\Project1\Project1\8Connect.h(389,39): warning C4244: '=': 將 '__int64' 轉換為 'int'，由於類型不同，可能導致資料遺失
C:\Users\User\OneDrive\桌面\Project1\Project1\8Connect.h(428,31): warning C4244: '=': 將 '__int64' 轉換為 'int'，由於類型不同，可能導致資料遺失
C:\Users\User\OneDrive\桌面\Project1\Project1\8Connect.h(429,35): warning C4244: '=': 將 '__int64' 轉換為 'int'，由於類型不同，可能導致資料遺失
C:\Users\User\OneDrive\桌面\Project1\Project1\8Connect.h(430,39): warning C4244: '=': 將 '__int64' 轉換為 'int'，由於類型不同，可能導致資料遺失
C:\Users\User\OneDrive\桌面\Project1\Project1\8Connect.h(431,35): warning C4244: '=': 將 '__int64' 轉換為 'int'，由於類型不同，可能導致資料遺失
C:\Users\User\OneDrive\桌面\Project1\Project1\8Connect.h(471,35): warning C4244: '=': 將 '__int64' 轉換為 'int'，由於類型不同，可能導致資料遺失
C:\Users\User\OneDrive\桌面\Project1\Project1\8Connect.h(472,39): warning C4244: '=': 將 '__int64' 轉換為 'int'，由於類型不同，可能導致資料遺失
C:\Users\User\OneDrive\桌面\Project1\Project1\8Connect.h(473,35): warning C4244: '=': 將 '__int64' 轉換為 'int'，由於類型不同，可能導致資料遺失
C:\Users\User\OneDrive\桌面\Project1\Project1\8Connect.h(474,39): warning C4244: '=': 將 '__int64' 轉換為 'int'，由於類型不同，可能導致資料遺失
C:\Users\User\OneDrive\桌面\Project1\Project1\MyForm.h(1325,2): warning C4677: 'LOADPCXDATA': 非私用成員的簽章含有組件私用類型 'Project1::MyForm::PCXHEAD'
C:\Users\User\OneDrive\桌面\Project1\Project1\MyForm.h(204): message : 請參閱 'Project1::MyForm::PCXHEAD' 的宣告
C:\Users\User\OneDrive\桌面\Project1\Project1\MyForm.h(1325,2): warning C4677: 'LOADPCXDATA': 非私用成員的簽章含有組件私用類型 'Project1::MyForm::PCXPALETTE'
C:\Users\User\OneDrive\桌面\Project1\Project1\MyForm.h(225): message : 請參閱 'Project1::MyForm::PCXPALETTE' 的宣告
C:\Users\User\OneDrive\桌面\Project1\Project1\MyForm.h(1540,79): warning C4677: 'LOADBMPDATA': 非私用成員的簽章含有組件私用類型 'Project1::MyForm::BMPHEAD'
C:\Users\User\OneDrive\桌面\Project1\Project1\MyForm.h(230): message : 請參閱 'Project1::MyForm::BMPHEAD' 的宣告
C:\Users\User\OneDrive\桌面\Project1\Project1\MyForm.h(1540,79): warning C4677: 'LOADBMPDATA': 非私用成員的簽章含有組件私用類型 'Project1::MyForm::BMPPALETTE'
C:\Users\User\OneDrive\桌面\Project1\Project1\MyForm.h(249): message : 請參閱 'Project1::MyForm::BMPPALETTE' 的宣告
C:\Users\User\OneDrive\桌面\Project1\Project1\MyForm.h(1550,15): warning C4244: '正在初始化': 將 'double' 轉換為 'long'，由於類型不同，可能導致資料遺失
C:\Users\User\OneDrive\桌面\Project1\Project1\MyForm.h(1551,15): warning C4244: '正在初始化': 將 'double' 轉換為 'long'，由於類型不同，可能導致資料遺失
C:\Users\User\OneDrive\桌面\Project1\Project1\MyForm.h(1552,15): warning C4244: '正在初始化': 將 'double' 轉換為 'long'，由於類型不同，可能導致資料遺失
C:\Users\User\OneDrive\桌面\Project1\Project1\MyForm.h(1580,45): warning C4244: '=': 將 'long' 轉換為 'unsigned char'，由於類型不同，可能導致資料遺失
C:\Users\User\OneDrive\桌面\Project1\Project1\MyForm.h(1544,7): warning C4101: 'red': 未參考的區域變數
C:\Users\User\OneDrive\桌面\Project1\Project1\MyForm.h(1544,19): warning C4101: 'blue': 未參考的區域變數
C:\Users\User\OneDrive\桌面\Project1\Project1\MyForm.h(1544,12): warning C4101: 'green': 未參考的區域變數
C:\Users\User\OneDrive\桌面\Project1\Project1\MyForm.h(1684,17): warning C4101: 'brushHSI': 未參考的區域變數
C:\Users\User\OneDrive\桌面\Project1\Project1\MyForm.h(1811,1): warning C4244: '+=': 將 'double' 轉換為 '__int64'，由於類型不同，可能導致資料遺失
C:\Users\User\OneDrive\桌面\Project1\Project1\MyForm.h(1812,1): warning C4244: '+=': 將 'double' 轉換為 '__int64'，由於類型不同，可能導致資料遺失
C:\Users\User\OneDrive\桌面\Project1\Project1\MyForm.h(1813,1): warning C4244: '+=': 將 'double' 轉換為 '__int64'，由於類型不同，可能導致資料遺失
C:\Users\User\OneDrive\桌面\Project1\Project1\MyForm.h(1819,1): warning C4244: '+=': 將 'double' 轉換為 '__int64'，由於類型不同，可能導致資料遺失
C:\Users\User\OneDrive\桌面\Project1\Project1\MyForm.h(1820,1): warning C4244: '+=': 將 'double' 轉換為 '__int64'，由於類型不同，可能導致資料遺失
C:\Users\User\OneDrive\桌面\Project1\Project1\MyForm.h(1821,1): warning C4244: '+=': 將 'double' 轉換為 '__int64'，由於類型不同，可能導致資料遺失
C:\Users\User\OneDrive\桌面\Project1\Project1\MyForm.h(1971,15): warning C4244: '正在初始化': 將 'double' 轉換為 'int'，由於類型不同，可能導致資料遺失
C:\Users\User\OneDrive\桌面\Project1\Project1\MyForm.h(1986,15): warning C4244: '正在初始化': 將 'double' 轉換為 'int'，由於類型不同，可能導致資料遺失
C:\Users\User\OneDrive\桌面\Project1\Project1\MyForm.h(2025,58): warning C4244: '引數': 將 'double' 轉換為 'int'，由於類型不同，可能導致資料遺失
C:\Users\User\OneDrive\桌面\Project1\Project1\MyForm.h(2025,48): warning C4244: '引數': 將 'double' 轉換為 'int'，由於類型不同，可能導致資料遺失
C:\Users\User\OneDrive\桌面\Project1\Project1\MyForm.h(2025,38): warning C4244: '引數': 將 'double' 轉換為 'int'，由於類型不同，可能導致資料遺失
C:\Users\User\OneDrive\桌面\Project1\Project1\MyForm.h(2026,58): warning C4244: '引數': 將 'double' 轉換為 'int'，由於類型不同，可能導致資料遺失
C:\Users\User\OneDrive\桌面\Project1\Project1\MyForm.h(2026,48): warning C4244: '引數': 將 'double' 轉換為 'int'，由於類型不同，可能導致資料遺失
C:\Users\User\OneDrive\桌面\Project1\Project1\MyForm.h(2026,38): warning C4244: '引數': 將 'double' 轉換為 'int'，由於類型不同，可能導致資料遺失
C:\Users\User\OneDrive\桌面\Project1\Project1\MyForm.h(2027,58): warning C4244: '引數': 將 'double' 轉換為 'int'，由於類型不同，可能導致資料遺失
C:\Users\User\OneDrive\桌面\Project1\Project1\MyForm.h(2027,48): warning C4244: '引數': 將 'double' 轉換為 'int'，由於類型不同，可能導致資料遺失
C:\Users\User\OneDrive\桌面\Project1\Project1\MyForm.h(2027,38): warning C4244: '引數': 將 'double' 轉換為 'int'，由於類型不同，可能導致資料遺失
C:\Users\User\OneDrive\桌面\Project1\Project1\MyForm.h(2055,70): warning C4244: '引數': 將 'double' 轉換為 'int'，由於類型不同，可能導致資料遺失
C:\Users\User\OneDrive\桌面\Project1\Project1\MyForm.h(2055,46): warning C4244: '引數': 將 'double' 轉換為 'int'，由於類型不同，可能導致資料遺失
C:\Users\User\OneDrive\桌面\Project1\Project1\MyForm.h(2060,51): warning C4244: '引數': 將 'double' 轉換為 'int'，由於類型不同，可能導致資料遺失
C:\Users\User\OneDrive\桌面\Project1\Project1\MyForm.h(2060,40): warning C4244: '引數': 將 'double' 轉換為 'int'，由於類型不同，可能導致資料遺失
C:\Users\User\OneDrive\桌面\Project1\Project1\MyForm.h(2079,70): warning C4244: '引數': 將 'double' 轉換為 'int'，由於類型不同，可能導致資料遺失
C:\Users\User\OneDrive\桌面\Project1\Project1\MyForm.h(2079,46): warning C4244: '引數': 將 'double' 轉換為 'int'，由於類型不同，可能導致資料遺失
C:\Users\User\OneDrive\桌面\Project1\Project1\MyForm.h(2082,49): warning C4244: '引數': 將 'double' 轉換為 'int'，由於類型不同，可能導致資料遺失
C:\Users\User\OneDrive\桌面\Project1\Project1\MyForm.h(2082,38): warning C4244: '引數': 將 'double' 轉換為 'int'，由於類型不同，可能導致資料遺失
C:\Users\User\OneDrive\桌面\Project1\Project1\MyForm.h(2153,75): warning C4244: '引數': 將 'double' 轉換為 'int'，由於類型不同，可能導致資料遺失
C:\Users\User\OneDrive\桌面\Project1\Project1\MyForm.h(2153,50): warning C4244: '引數': 將 'double' 轉換為 'int'，由於類型不同，可能導致資料遺失
C:\Users\User\OneDrive\桌面\Project1\Project1\MyForm.h(2157,49): warning C4244: '引數': 將 'double' 轉換為 'int'，由於類型不同，可能導致資料遺失
C:\Users\User\OneDrive\桌面\Project1\Project1\MyForm.h(2157,38): warning C4244: '引數': 將 'double' 轉換為 'int'，由於類型不同，可能導致資料遺失
C:\Users\User\OneDrive\桌面\Project1\Project1\MyForm.h(2165,75): warning C4244: '引數': 將 'double' 轉換為 'int'，由於類型不同，可能導致資料遺失
C:\Users\User\OneDrive\桌面\Project1\Project1\MyForm.h(2165,50): warning C4244: '引數': 將 'double' 轉換為 'int'，由於類型不同，可能導致資料遺失
C:\Users\User\OneDrive\桌面\Project1\Project1\MyForm.h(2168,54): warning C4244: '=': 將 'double' 轉換為 'int'，由於類型不同，可能導致資料遺失
C:\Users\User\OneDrive\桌面\Project1\Project1\MyForm.h(2169,56): warning C4244: '=': 將 'double' 轉換為 'int'，由於類型不同，可能導致資料遺失
C:\Users\User\OneDrive\桌面\Project1\Project1\MyForm.h(2178,16): warning C4244: '=': 將 'double' 轉換為 'int'，由於類型不同，可能導致資料遺失
C:\Users\User\OneDrive\桌面\Project1\Project1\MyForm.h(2179,16): warning C4244: '=': 將 'double' 轉換為 'int'，由於類型不同，可能導致資料遺失
C:\Users\User\OneDrive\桌面\Project1\Project1\MyForm.h(2180,16): warning C4244: '=': 將 'double' 轉換為 'int'，由於類型不同，可能導致資料遺失
C:\Users\User\OneDrive\桌面\Project1\Project1\MyForm.h(2182,37): warning C4244: '引數': 將 'double' 轉換為 'int'，由於類型不同，可能導致資料遺失
C:\Users\User\OneDrive\桌面\Project1\Project1\MyForm.h(2182,26): warning C4244: '引數': 將 'double' 轉換為 'int'，由於類型不同，可能導致資料遺失
C:\Users\User\OneDrive\桌面\Project1\Project1\MyForm.h(2215,18): warning C4244: '正在初始化': 將 'double' 轉換為 'float'，由於類型不同，可能導致資料遺失
C:\Users\User\OneDrive\桌面\Project1\Project1\MyForm.h(2216,19): warning C4244: '正在初始化': 將 'double' 轉換為 'float'，由於類型不同，可能導致資料遺失
C:\Users\User\OneDrive\桌面\Project1\Project1\MyForm.h(2219,100): warning C4244: '引數': 將 'double' 轉換為 'int'，由於類型不同，可能導致資料遺失
C:\Users\User\OneDrive\桌面\Project1\Project1\MyForm.h(2219,66): warning C4244: '引數': 將 'double' 轉換為 'int'，由於類型不同，可能導致資料遺失
C:\Users\User\OneDrive\桌面\Project1\Project1\MyForm.h(2242,18): warning C4244: '正在初始化': 將 'double' 轉換為 'float'，由於類型不同，可能導致資料遺失
C:\Users\User\OneDrive\桌面\Project1\Project1\MyForm.h(2243,19): warning C4244: '正在初始化': 將 'double' 轉換為 'float'，由於類型不同，可能導致資料遺失
C:\Users\User\OneDrive\桌面\Project1\Project1\MyForm.h(2247,100): warning C4244: '引數': 將 'double' 轉換為 'int'，由於類型不同，可能導致資料遺失
C:\Users\User\OneDrive\桌面\Project1\Project1\MyForm.h(2247,67): warning C4244: '引數': 將 'double' 轉換為 'int'，由於類型不同，可能導致資料遺失
C:\Users\User\OneDrive\桌面\Project1\Project1\MyForm.h(2248,82): warning C4244: '引數': 將 'double' 轉換為 'int'，由於類型不同，可能導致資料遺失
C:\Users\User\OneDrive\桌面\Project1\Project1\MyForm.h(2248,49): warning C4244: '引數': 將 'double' 轉換為 'int'，由於類型不同，可能導致資料遺失
C:\Users\User\OneDrive\桌面\Project1\Project1\MyForm.h(2267,29): warning C4244: '引數': 將 'double' 轉換為 'int'，由於類型不同，可能導致資料遺失
C:\Users\User\OneDrive\桌面\Project1\Project1\MyForm.h(2282,18): warning C4244: '正在初始化': 將 'double' 轉換為 'float'，由於類型不同，可能導致資料遺失
C:\Users\User\OneDrive\桌面\Project1\Project1\MyForm.h(2283,19): warning C4244: '正在初始化': 將 'double' 轉換為 'float'，由於類型不同，可能導致資料遺失
C:\Users\User\OneDrive\桌面\Project1\Project1\MyForm.h(2286,100): warning C4244: '引數': 將 'double' 轉換為 'int'，由於類型不同，可能導致資料遺失
C:\Users\User\OneDrive\桌面\Project1\Project1\MyForm.h(2286,66): warning C4244: '引數': 將 'double' 轉換為 'int'，由於類型不同，可能導致資料遺失
C:\Users\User\OneDrive\桌面\Project1\Project1\MyForm.h(2301,29): warning C4244: '引數': 將 'double' 轉換為 'int'，由於類型不同，可能導致資料遺失
C:\Users\User\OneDrive\桌面\Project1\Project1\MyForm.h(2315,18): warning C4244: '正在初始化': 將 'double' 轉換為 'float'，由於類型不同，可能導致資料遺失
C:\Users\User\OneDrive\桌面\Project1\Project1\MyForm.h(2316,19): warning C4244: '正在初始化': 將 'double' 轉換為 'float'，由於類型不同，可能導致資料遺失
C:\Users\User\OneDrive\桌面\Project1\Project1\MyForm.h(2321,100): warning C4244: '引數': 將 'double' 轉換為 'int'，由於類型不同，可能導致資料遺失
C:\Users\User\OneDrive\桌面\Project1\Project1\MyForm.h(2321,67): warning C4244: '引數': 將 'double' 轉換為 'int'，由於類型不同，可能導致資料遺失
C:\Users\User\OneDrive\桌面\Project1\Project1\MyForm.h(2322,82): warning C4244: '引數': 將 'double' 轉換為 'int'，由於類型不同，可能導致資料遺失
C:\Users\User\OneDrive\桌面\Project1\Project1\MyForm.h(2322,49): warning C4244: '引數': 將 'double' 轉換為 'int'，由於類型不同，可能導致資料遺失
C:\Users\User\OneDrive\桌面\Project1\Project1\MyForm.h(2478,14): warning C4101: 'B': 未參考的區域變數
C:\Users\User\OneDrive\桌面\Project1\Project1\MyForm.h(2478,8): warning C4101: 'R': 未參考的區域變數
C:\Users\User\OneDrive\桌面\Project1\Project1\MyForm.h(2478,11): warning C4101: 'G': 未參考的區域變數
C:\Users\User\OneDrive\桌面\Project1\Project1\MyForm.h(2571,14): warning C4101: 'B': 未參考的區域變數
C:\Users\User\OneDrive\桌面\Project1\Project1\MyForm.h(2571,8): warning C4101: 'R': 未參考的區域變數
C:\Users\User\OneDrive\桌面\Project1\Project1\MyForm.h(2571,11): warning C4101: 'G': 未參考的區域變數
C:\Users\User\OneDrive\桌面\Project1\Project1\MyForm.h(2696,23): warning C4244: '=': 將 'float' 轉換為 'int'，由於類型不同，可能導致資料遺失
C:\Users\User\OneDrive\桌面\Project1\Project1\MyForm.h(2698,20): warning C4244: '=': 將 'int' 轉換為 'float'，由於類型不同，可能導致資料遺失
C:\Users\User\OneDrive\桌面\Project1\Project1\MyForm.h(2755,14): warning C4101: 'B': 未參考的區域變數
C:\Users\User\OneDrive\桌面\Project1\Project1\MyForm.h(2755,8): warning C4101: 'R': 未參考的區域變數
C:\Users\User\OneDrive\桌面\Project1\Project1\MyForm.h(2755,11): warning C4101: 'G': 未參考的區域變數
C:\Users\User\OneDrive\桌面\Project1\Project1\MyForm.h(2916,28): warning C4244: '=': 將 'double' 轉換為 'float'，由於類型不同，可能導致資料遺失
  Threshold1.cpp
C:\Users\User\OneDrive\桌面\Project1\Project1\Threshold1.h(211,28): warning C4244: '=': 將 'double' 轉換為 'int'，由於類型不同，可能導致資料遺失
C:\Users\User\OneDrive\桌面\Project1\Project1\Threshold1.h(375,13): warning C4244: '=': 將 'int' 轉換為 'float'，由於類型不同，可能導致資料遺失
C:\Users\User\OneDrive\桌面\Project1\Project1\Threshold1.h(380,13): warning C4244: '=': 將 'int' 轉換為 'float'，由於類型不同，可能導致資料遺失
C:\Users\User\OneDrive\桌面\Project1\Project1\Threshold1.h(397,28): warning C4244: '引數': 將 'float' 轉換為 'int'，由於類型不同，可能導致資料遺失
  Transparency.cpp
C:\Users\User\OneDrive\桌面\Project1\Project1\Transparency.h(282,79): warning C4677: 'LoadPcxFile': 非私用成員的簽章含有組件私用類型 'Project1::Transparent::PCXHEAD'
C:\Users\User\OneDrive\桌面\Project1\Project1\Transparency.h(77): message : 請參閱 'Project1::Transparent::PCXHEAD' 的宣告
C:\Users\User\OneDrive\桌面\Project1\Project1\Transparency.h(282,79): warning C4677: 'LoadPcxFile': 非私用成員的簽章含有組件私用類型 'Project1::Transparent::PCXPALETTE'
C:\Users\User\OneDrive\桌面\Project1\Project1\Transparency.h(100): message : 請參閱 'Project1::Transparent::PCXPALETTE' 的宣告
C:\Users\User\OneDrive\桌面\Project1\Project1\Transparency.h(508,15): warning C4244: '正在初始化': 將 'int' 轉換為 'float'，由於類型不同，可能導致資料遺失
C:\Users\User\OneDrive\桌面\Project1\Project1\Transparency.h(517,13): warning C4244: '正在初始化': 將 'double' 轉換為 'float'，由於類型不同，可能導致資料遺失
C:\Users\User\OneDrive\桌面\Project1\Project1\Transparency.h(525,59): warning C4244: '引數': 將 'float' 轉換為 'int'，由於類型不同，可能導致資料遺失
C:\Users\User\OneDrive\桌面\Project1\Project1\Transparency.h(525,56): warning C4244: '引數': 將 'float' 轉換為 'int'，由於類型不同，可能導致資料遺失
C:\Users\User\OneDrive\桌面\Project1\Project1\Transparency.h(525,53): warning C4244: '引數': 將 'float' 轉換為 'int'，由於類型不同，可能導致資料遺失
C:\Users\User\OneDrive\桌面\Project1\Project1\Transparency.h(535,15): warning C4244: '正在初始化': 將 'int' 轉換為 'float'，由於類型不同，可能導致資料遺失
C:\Users\User\OneDrive\桌面\Project1\Project1\Transparency.h(545,13): warning C4244: '正在初始化': 將 'double' 轉換為 'float'，由於類型不同，可能導致資料遺失
C:\Users\User\OneDrive\桌面\Project1\Project1\Transparency.h(553,59): warning C4244: '引數': 將 'float' 轉換為 'int'，由於類型不同，可能導致資料遺失
C:\Users\User\OneDrive\桌面\Project1\Project1\Transparency.h(553,56): warning C4244: '引數': 將 'float' 轉換為 'int'，由於類型不同，可能導致資料遺失
C:\Users\User\OneDrive\桌面\Project1\Project1\Transparency.h(553,53): warning C4244: '引數': 將 'float' 轉換為 'int'，由於類型不同，可能導致資料遺失
C:\Users\User\OneDrive\桌面\Project1\Project1\Transparency.h(569,36): warning C4244: '=': 將 'int' 轉換為 'float'，由於類型不同，可能導致資料遺失
C:\Users\User\OneDrive\桌面\Project1\Project1\Transparency.h(571,28): warning C4244: '引數': 將 'float' 轉換為 'int'，由於類型不同，可能導致資料遺失
C:\Users\User\OneDrive\桌面\Project1\Project1\Transparency.h(580,13): warning C4244: '正在初始化': 將 'double' 轉換為 'float'，由於類型不同，可能導致資料遺失
C:\Users\User\OneDrive\桌面\Project1\Project1\Transparency.h(588,59): warning C4244: '引數': 將 'float' 轉換為 'int'，由於類型不同，可能導致資料遺失
C:\Users\User\OneDrive\桌面\Project1\Project1\Transparency.h(588,56): warning C4244: '引數': 將 'float' 轉換為 'int'，由於類型不同，可能導致資料遺失
C:\Users\User\OneDrive\桌面\Project1\Project1\Transparency.h(588,53): warning C4244: '引數': 將 'float' 轉換為 'int'，由於類型不同，可能導致資料遺失
  .NETFramework,Version=v4.7.2.AssemblyAttributes.cpp
  正在產生程式碼...
C:\Users\User\OneDrive\桌面\Project1\Project1\Transparency.h(417): warning C4700: 使用了未初始化的區域變數 'color_num'
C:\Users\User\OneDrive\桌面\Project1\Project1\Overlap.h(388): warning C4700: 使用了未初始化的區域變數 'color_number'
C:\Users\User\OneDrive\桌面\Project1\Project1\Transparency.h(417): warning C4700: 使用了未初始化的區域變數 'color_num'
C:\Users\User\OneDrive\桌面\Project1\Project1\Histogram specification1.h(432): warning C4700: 使用了未初始化的區域變數 'color_num'
C:\Users\User\OneDrive\桌面\Project1\Project1\MyForm.h(2044): warning C4715: 'Project1::MyForm::RGBtoHSI': 不是所有控制路徑都傳回值
C:\Users\User\OneDrive\桌面\Project1\Project1\MyForm.h(1723): warning C4700: 使用了未初始化的區域變數 'check'
C:\Users\User\OneDrive\桌面\Project1\Project1\Overlap.h(388): warning C4700: 使用了未初始化的區域變數 'color_number'
C:\Users\User\OneDrive\桌面\Project1\Project1\Overlap.h(388): warning C4700: 使用了未初始化的區域變數 'color_number'
C:\Users\User\OneDrive\桌面\Project1\Project1\Transparency.h(417): warning C4700: 使用了未初始化的區域變數 'color_num'
C:\Users\User\OneDrive\桌面\Project1\Project1\Histogram specification1.h(432): warning C4700: 使用了未初始化的區域變數 'color_num'
C:\Users\User\OneDrive\桌面\Project1\Project1\MyForm.h(2044): warning C4715: 'Project1::MyForm::RGBtoHSI': 不是所有控制路徑都傳回值
C:\Users\User\OneDrive\桌面\Project1\Project1\MyForm.h(1723): warning C4700: 使用了未初始化的區域變數 'check'
C:\Users\User\OneDrive\桌面\Project1\Project1\Histogram specification1.h(432): warning C4700: 使用了未初始化的區域變數 'color_num'
  8Connect.obj : 發現 MSIL 模組。MSIL 的累加連結已停用。正在執行完整連結
  Project1.vcxproj -> C:\Users\User\OneDrive\桌面\Project1\Debug\Project1.exe
