  MyForm.cpp
D:\imageprocessing\Image\Project1\Project1\Cut.h(151,15): warning C4244: '=': 將 'double' 轉換為 'int'，由於類型不同，可能導致資料遺失
D:\imageprocessing\Image\Project1\Project1\Cut.h(152,15): warning C4244: '=': 將 'double' 轉換為 'int'，由於類型不同，可能導致資料遺失
D:\imageprocessing\Image\Project1\Project1\Cut.h(153,15): warning C4244: '=': 將 'double' 轉換為 'int'，由於類型不同，可能導致資料遺失
D:\imageprocessing\Image\Project1\Project1\Cut.h(154,15): warning C4244: '=': 將 'double' 轉換為 'int'，由於類型不同，可能導致資料遺失
D:\imageprocessing\Image\Project1\Project1\Cut.h(167,15): warning C4244: '=': 將 'double' 轉換為 'int'，由於類型不同，可能導致資料遺失
D:\imageprocessing\Image\Project1\Project1\Cut.h(168,15): warning C4244: '=': 將 'double' 轉換為 'int'，由於類型不同，可能導致資料遺失
D:\imageprocessing\Image\Project1\Project1\Cut.h(169,15): warning C4244: '=': 將 'double' 轉換為 'int'，由於類型不同，可能導致資料遺失
D:\imageprocessing\Image\Project1\Project1\Cut.h(170,15): warning C4244: '=': 將 'double' 轉換為 'int'，由於類型不同，可能導致資料遺失
D:\imageprocessing\Image\Project1\Project1\Cut.h(173,20): warning C4244: '正在初始化': 將 'int' 轉換為 'float'，由於類型不同，可能導致資料遺失
D:\imageprocessing\Image\Project1\Project1\Cut.h(174,20): warning C4244: '正在初始化': 將 'int' 轉換為 'float'，由於類型不同，可能導致資料遺失
D:\imageprocessing\Image\Project1\Project1\Cut.h(175,21): warning C4244: '正在初始化': 將 'double' 轉換為 'float'，由於類型不同，可能導致資料遺失
D:\imageprocessing\Image\Project1\Project1\Overlap.h(247,79): warning C4677: 'LOADPCXDATA': 非私用成員的簽章含有組件私用類型 'Project1::Overlap::PCXHEAD'
D:\imageprocessing\Image\Project1\Project1\Overlap.h(66): message : 請參閱 'Project1::Overlap::PCXHEAD' 的宣告
D:\imageprocessing\Image\Project1\Project1\Overlap.h(247,79): warning C4677: 'LOADPCXDATA': 非私用成員的簽章含有組件私用類型 'Project1::Overlap::PCXPALETTE'
D:\imageprocessing\Image\Project1\Project1\Overlap.h(87): message : 請參閱 'Project1::Overlap::PCXPALETTE' 的宣告
D:\imageprocessing\Image\Project1\Project1\Lightness.h(167,71): warning C4244: '=': 將 'int' 轉換為 'float'，由於類型不同，可能導致資料遺失
D:\imageprocessing\Image\Project1\Project1\Lightness.h(168,71): warning C4244: '=': 將 'int' 轉換為 'float'，由於類型不同，可能導致資料遺失
D:\imageprocessing\Image\Project1\Project1\Lightness.h(169,71): warning C4244: '=': 將 'int' 轉換為 'float'，由於類型不同，可能導致資料遺失
D:\imageprocessing\Image\Project1\Project1\Lightness.h(170,40): warning C4244: '引數': 將 'float' 轉換為 'int'，由於類型不同，可能導致資料遺失
D:\imageprocessing\Image\Project1\Project1\Lightness.h(170,37): warning C4244: '引數': 將 'float' 轉換為 'int'，由於類型不同，可能導致資料遺失
D:\imageprocessing\Image\Project1\Project1\Lightness.h(170,34): warning C4244: '引數': 將 'float' 轉換為 'int'，由於類型不同，可能導致資料遺失
D:\imageprocessing\Image\Project1\Project1\Lightness.h(179,71): warning C4244: '=': 將 'int' 轉換為 'float'，由於類型不同，可能導致資料遺失
D:\imageprocessing\Image\Project1\Project1\Lightness.h(180,71): warning C4244: '=': 將 'int' 轉換為 'float'，由於類型不同，可能導致資料遺失
D:\imageprocessing\Image\Project1\Project1\Lightness.h(181,71): warning C4244: '=': 將 'int' 轉換為 'float'，由於類型不同，可能導致資料遺失
D:\imageprocessing\Image\Project1\Project1\Lightness.h(182,40): warning C4244: '引數': 將 'float' 轉換為 'int'，由於類型不同，可能導致資料遺失
D:\imageprocessing\Image\Project1\Project1\Lightness.h(182,37): warning C4244: '引數': 將 'float' 轉換為 'int'，由於類型不同，可能導致資料遺失
D:\imageprocessing\Image\Project1\Project1\Lightness.h(182,34): warning C4244: '引數': 將 'float' 轉換為 'int'，由於類型不同，可能導致資料遺失
D:\imageprocessing\Image\Project1\Project1\Lightness.h(202,71): warning C4244: '=': 將 'int' 轉換為 'float'，由於類型不同，可能導致資料遺失
D:\imageprocessing\Image\Project1\Project1\Lightness.h(203,71): warning C4244: '=': 將 'int' 轉換為 'float'，由於類型不同，可能導致資料遺失
D:\imageprocessing\Image\Project1\Project1\Lightness.h(204,71): warning C4244: '=': 將 'int' 轉換為 'float'，由於類型不同，可能導致資料遺失
D:\imageprocessing\Image\Project1\Project1\Lightness.h(205,40): warning C4244: '引數': 將 'float' 轉換為 'int'，由於類型不同，可能導致資料遺失
D:\imageprocessing\Image\Project1\Project1\Lightness.h(205,37): warning C4244: '引數': 將 'float' 轉換為 'int'，由於類型不同，可能導致資料遺失
D:\imageprocessing\Image\Project1\Project1\Lightness.h(205,34): warning C4244: '引數': 將 'float' 轉換為 'int'，由於類型不同，可能導致資料遺失
D:\imageprocessing\Image\Project1\Project1\Lightness.h(215,71): warning C4244: '=': 將 'int' 轉換為 'float'，由於類型不同，可能導致資料遺失
D:\imageprocessing\Image\Project1\Project1\Lightness.h(216,71): warning C4244: '=': 將 'int' 轉換為 'float'，由於類型不同，可能導致資料遺失
D:\imageprocessing\Image\Project1\Project1\Lightness.h(217,71): warning C4244: '=': 將 'int' 轉換為 'float'，由於類型不同，可能導致資料遺失
D:\imageprocessing\Image\Project1\Project1\Lightness.h(218,40): warning C4244: '引數': 將 'float' 轉換為 'int'，由於類型不同，可能導致資料遺失
D:\imageprocessing\Image\Project1\Project1\Lightness.h(218,37): warning C4244: '引數': 將 'float' 轉換為 'int'，由於類型不同，可能導致資料遺失
D:\imageprocessing\Image\Project1\Project1\Lightness.h(218,34): warning C4244: '引數': 將 'float' 轉換為 'int'，由於類型不同，可能導致資料遺失
D:\imageprocessing\Image\Project1\Project1\Gary code.h(363,17): warning C4244: '正在初始化': 將 'double' 轉換為 'int'，由於類型不同，可能導致資料遺失
D:\imageprocessing\Image\Project1\Project1\Bit plane.h(573,2): warning C4677: 'LOADPCXDATA': 非私用成員的簽章含有組件私用類型 'Project1::BitPlane::PCXHEAD'
D:\imageprocessing\Image\Project1\Project1\Bit plane.h(85): message : 請參閱 'Project1::BitPlane::PCXHEAD' 的宣告
D:\imageprocessing\Image\Project1\Project1\Bit plane.h(573,2): warning C4677: 'LOADPCXDATA': 非私用成員的簽章含有組件私用類型 'Project1::BitPlane::PCXPALETTE'
D:\imageprocessing\Image\Project1\Project1\Bit plane.h(106): message : 請參閱 'Project1::BitPlane::PCXPALETTE' 的宣告
D:\imageprocessing\Image\Project1\Project1\Bit plane.h(820,17): warning C4244: '正在初始化': 將 'double' 轉換為 'int'，由於類型不同，可能導致資料遺失
D:\imageprocessing\Image\Project1\Project1\Bit plane.h(851,17): warning C4244: '正在初始化': 將 'double' 轉換為 'int'，由於類型不同，可能導致資料遺失
D:\imageprocessing\Image\Project1\Project1\Bit plane.h(902,32): warning C4244: '=': 將 'double' 轉換為 'int'，由於類型不同，可能導致資料遺失
D:\imageprocessing\Image\Project1\Project1\Bit plane.h(916,19): warning C4244: '=': 將 'double' 轉換為 'int'，由於類型不同，可能導致資料遺失
D:\imageprocessing\Image\Project1\Project1\Transparency.h(282,79): warning C4677: 'LoadPcxFile': 非私用成員的簽章含有組件私用類型 'Project1::Transparent::PCXHEAD'
D:\imageprocessing\Image\Project1\Project1\Transparency.h(77): message : 請參閱 'Project1::Transparent::PCXHEAD' 的宣告
D:\imageprocessing\Image\Project1\Project1\Transparency.h(282,79): warning C4677: 'LoadPcxFile': 非私用成員的簽章含有組件私用類型 'Project1::Transparent::PCXPALETTE'
D:\imageprocessing\Image\Project1\Project1\Transparency.h(100): message : 請參閱 'Project1::Transparent::PCXPALETTE' 的宣告
D:\imageprocessing\Image\Project1\Project1\Transparency.h(508,15): warning C4244: '正在初始化': 將 'int' 轉換為 'float'，由於類型不同，可能導致資料遺失
D:\imageprocessing\Image\Project1\Project1\Transparency.h(517,13): warning C4244: '正在初始化': 將 'double' 轉換為 'float'，由於類型不同，可能導致資料遺失
D:\imageprocessing\Image\Project1\Project1\Transparency.h(525,59): warning C4244: '引數': 將 'float' 轉換為 'int'，由於類型不同，可能導致資料遺失
D:\imageprocessing\Image\Project1\Project1\Transparency.h(525,56): warning C4244: '引數': 將 'float' 轉換為 'int'，由於類型不同，可能導致資料遺失
D:\imageprocessing\Image\Project1\Project1\Transparency.h(525,53): warning C4244: '引數': 將 'float' 轉換為 'int'，由於類型不同，可能導致資料遺失
D:\imageprocessing\Image\Project1\Project1\Transparency.h(535,15): warning C4244: '正在初始化': 將 'int' 轉換為 'float'，由於類型不同，可能導致資料遺失
D:\imageprocessing\Image\Project1\Project1\Transparency.h(545,13): warning C4244: '正在初始化': 將 'double' 轉換為 'float'，由於類型不同，可能導致資料遺失
D:\imageprocessing\Image\Project1\Project1\Transparency.h(553,59): warning C4244: '引數': 將 'float' 轉換為 'int'，由於類型不同，可能導致資料遺失
D:\imageprocessing\Image\Project1\Project1\Transparency.h(553,56): warning C4244: '引數': 將 'float' 轉換為 'int'，由於類型不同，可能導致資料遺失
D:\imageprocessing\Image\Project1\Project1\Transparency.h(553,53): warning C4244: '引數': 將 'float' 轉換為 'int'，由於類型不同，可能導致資料遺失
D:\imageprocessing\Image\Project1\Project1\Transparency.h(569,36): warning C4244: '=': 將 'int' 轉換為 'float'，由於類型不同，可能導致資料遺失
D:\imageprocessing\Image\Project1\Project1\Transparency.h(571,28): warning C4244: '引數': 將 'float' 轉換為 'int'，由於類型不同，可能導致資料遺失
D:\imageprocessing\Image\Project1\Project1\Transparency.h(580,13): warning C4244: '正在初始化': 將 'double' 轉換為 'float'，由於類型不同，可能導致資料遺失
D:\imageprocessing\Image\Project1\Project1\Transparency.h(588,59): warning C4244: '引數': 將 'float' 轉換為 'int'，由於類型不同，可能導致資料遺失
D:\imageprocessing\Image\Project1\Project1\Transparency.h(588,56): warning C4244: '引數': 將 'float' 轉換為 'int'，由於類型不同，可能導致資料遺失
D:\imageprocessing\Image\Project1\Project1\Transparency.h(588,53): warning C4244: '引數': 將 'float' 轉換為 'int'，由於類型不同，可能導致資料遺失
D:\imageprocessing\Image\Project1\Project1\Threshold.h(205,28): warning C4244: '=': 將 'double' 轉換為 'int'，由於類型不同，可能導致資料遺失
D:\imageprocessing\Image\Project1\Project1\Threshold.h(370,13): warning C4244: '=': 將 'int' 轉換為 'float'，由於類型不同，可能導致資料遺失
D:\imageprocessing\Image\Project1\Project1\Threshold.h(375,13): warning C4244: '=': 將 'int' 轉換為 'float'，由於類型不同，可能導致資料遺失
D:\imageprocessing\Image\Project1\Project1\Threshold.h(392,28): warning C4244: '引數': 將 'float' 轉換為 'int'，由於類型不同，可能導致資料遺失
D:\imageprocessing\Image\Project1\Project1\Color bit depth.h(322,11): warning C4244: '=': 將 'double' 轉換為 'float'，由於類型不同，可能導致資料遺失
D:\imageprocessing\Image\Project1\Project1\Color bit depth.h(323,11): warning C4244: '=': 將 'double' 轉換為 'float'，由於類型不同，可能導致資料遺失
D:\imageprocessing\Image\Project1\Project1\Color bit depth.h(324,11): warning C4244: '=': 將 'double' 轉換為 'float'，由於類型不同，可能導致資料遺失
D:\imageprocessing\Image\Project1\Project1\Color bit depth.h(325,91): warning C4244: '引數': 將 'float' 轉換為 'int'，由於類型不同，可能導致資料遺失
D:\imageprocessing\Image\Project1\Project1\Color bit depth.h(325,74): warning C4244: '引數': 將 'float' 轉換為 'int'，由於類型不同，可能導致資料遺失
D:\imageprocessing\Image\Project1\Project1\Color bit depth.h(325,57): warning C4244: '引數': 將 'float' 轉換為 'int'，由於類型不同，可能導致資料遺失
D:\imageprocessing\Image\Project1\Project1\Color bit depth.h(337,18): warning C4244: '引數': 將 'double' 轉換為 'float'，由於類型不同，可能導致資料遺失
D:\imageprocessing\Image\Project1\Project1\Color bit depth.h(338,18): warning C4244: '引數': 將 'double' 轉換為 'float'，由於類型不同，可能導致資料遺失
D:\imageprocessing\Image\Project1\Project1\Color bit depth.h(339,18): warning C4244: '引數': 將 'double' 轉換為 'float'，由於類型不同，可能導致資料遺失
D:\imageprocessing\Image\Project1\Project1\Color bit depth.h(340,65): warning C4244: '引數': 將 'float' 轉換為 'int'，由於類型不同，可能導致資料遺失
D:\imageprocessing\Image\Project1\Project1\Color bit depth.h(340,57): warning C4244: '引數': 將 'float' 轉換為 'int'，由於類型不同，可能導致資料遺失
D:\imageprocessing\Image\Project1\Project1\Color bit depth.h(340,49): warning C4244: '引數': 將 'float' 轉換為 'int'，由於類型不同，可能導致資料遺失
D:\imageprocessing\Image\Project1\Project1\Color bit depth.h(352,18): warning C4244: '引數': 將 'double' 轉換為 'float'，由於類型不同，可能導致資料遺失
D:\imageprocessing\Image\Project1\Project1\Color bit depth.h(353,18): warning C4244: '引數': 將 'double' 轉換為 'float'，由於類型不同，可能導致資料遺失
D:\imageprocessing\Image\Project1\Project1\Color bit depth.h(354,18): warning C4244: '引數': 將 'double' 轉換為 'float'，由於類型不同，可能導致資料遺失
D:\imageprocessing\Image\Project1\Project1\Color bit depth.h(355,65): warning C4244: '引數': 將 'float' 轉換為 'int'，由於類型不同，可能導致資料遺失
D:\imageprocessing\Image\Project1\Project1\Color bit depth.h(355,57): warning C4244: '引數': 將 'float' 轉換為 'int'，由於類型不同，可能導致資料遺失
D:\imageprocessing\Image\Project1\Project1\Color bit depth.h(355,49): warning C4244: '引數': 將 'float' 轉換為 'int'，由於類型不同，可能導致資料遺失
D:\imageprocessing\Image\Project1\Project1\Color bit depth.h(368,28): warning C4244: '=': 將 'double' 轉換為 'int'，由於類型不同，可能導致資料遺失
D:\imageprocessing\Image\Project1\Project1\Color bit depth.h(383,11): warning C4244: '=': 將 'double' 轉換為 'float'，由於類型不同，可能導致資料遺失
D:\imageprocessing\Image\Project1\Project1\Color bit depth.h(384,11): warning C4244: '=': 將 'double' 轉換為 'float'，由於類型不同，可能導致資料遺失
D:\imageprocessing\Image\Project1\Project1\Color bit depth.h(385,11): warning C4244: '=': 將 'double' 轉換為 'float'，由於類型不同，可能導致資料遺失
D:\imageprocessing\Image\Project1\Project1\Color bit depth.h(386,92): warning C4244: '引數': 將 'float' 轉換為 'int'，由於類型不同，可能導致資料遺失
D:\imageprocessing\Image\Project1\Project1\Color bit depth.h(386,75): warning C4244: '引數': 將 'float' 轉換為 'int'，由於類型不同，可能導致資料遺失
D:\imageprocessing\Image\Project1\Project1\Color bit depth.h(386,58): warning C4244: '引數': 將 'float' 轉換為 'int'，由於類型不同，可能導致資料遺失
D:\imageprocessing\Image\Project1\Project1\Color bit depth.h(398,18): warning C4244: '引數': 將 'double' 轉換為 'float'，由於類型不同，可能導致資料遺失
D:\imageprocessing\Image\Project1\Project1\Color bit depth.h(399,18): warning C4244: '引數': 將 'double' 轉換為 'float'，由於類型不同，可能導致資料遺失
D:\imageprocessing\Image\Project1\Project1\Color bit depth.h(400,18): warning C4244: '引數': 將 'double' 轉換為 'float'，由於類型不同，可能導致資料遺失
D:\imageprocessing\Image\Project1\Project1\Color bit depth.h(401,66): warning C4244: '引數': 將 'float' 轉換為 'int'，由於類型不同，可能導致資料遺失
D:\imageprocessing\Image\Project1\Project1\Color bit depth.h(401,58): warning C4244: '引數': 將 'float' 轉換為 'int'，由於類型不同，可能導致資料遺失
D:\imageprocessing\Image\Project1\Project1\Color bit depth.h(401,50): warning C4244: '引數': 將 'float' 轉換為 'int'，由於類型不同，可能導致資料遺失
D:\imageprocessing\Image\Project1\Project1\Color bit depth.h(413,18): warning C4244: '引數': 將 'double' 轉換為 'float'，由於類型不同，可能導致資料遺失
D:\imageprocessing\Image\Project1\Project1\Color bit depth.h(414,18): warning C4244: '引數': 將 'double' 轉換為 'float'，由於類型不同，可能導致資料遺失
D:\imageprocessing\Image\Project1\Project1\Color bit depth.h(415,18): warning C4244: '引數': 將 'double' 轉換為 'float'，由於類型不同，可能導致資料遺失
D:\imageprocessing\Image\Project1\Project1\Color bit depth.h(416,66): warning C4244: '引數': 將 'float' 轉換為 'int'，由於類型不同，可能導致資料遺失
D:\imageprocessing\Image\Project1\Project1\Color bit depth.h(416,58): warning C4244: '引數': 將 'float' 轉換為 'int'，由於類型不同，可能導致資料遺失
D:\imageprocessing\Image\Project1\Project1\Color bit depth.h(416,50): warning C4244: '引數': 將 'float' 轉換為 'int'，由於類型不同，可能導致資料遺失
D:\imageprocessing\Image\Project1\Project1\Histogram.h(214,29): warning C4244: '=': 將 'double' 轉換為 'int'，由於類型不同，可能導致資料遺失
D:\imageprocessing\Image\Project1\Project1\Histogram equalization.h(182,28): warning C4244: '=': 將 'double' 轉換為 'int'，由於類型不同，可能導致資料遺失
D:\imageprocessing\Image\Project1\Project1\Histogram equalization.h(224,15): warning C4244: '正在初始化': 將 'float' 轉換為 'int'，由於類型不同，可能導致資料遺失
D:\imageprocessing\Image\Project1\Project1\Histogram specification1.h(296,79): warning C4677: 'LoadPcxFile': 非私用成員的簽章含有組件私用類型 'Project1::HistogramSpecification::PCXHEAD'
D:\imageprocessing\Image\Project1\Project1\Histogram specification1.h(64): message : 請參閱 'Project1::HistogramSpecification::PCXHEAD' 的宣告
D:\imageprocessing\Image\Project1\Project1\Histogram specification1.h(296,79): warning C4677: 'LoadPcxFile': 非私用成員的簽章含有組件私用類型 'Project1::HistogramSpecification::PCXPALETTE'
D:\imageprocessing\Image\Project1\Project1\Histogram specification1.h(87): message : 請參閱 'Project1::HistogramSpecification::PCXPALETTE' 的宣告
D:\imageprocessing\Image\Project1\Project1\Histogram specification1.h(495,28): warning C4244: '=': 將 'double' 轉換為 'int'，由於類型不同，可能導致資料遺失
D:\imageprocessing\Image\Project1\Project1\Histogram specification1.h(542,28): warning C4244: '=': 將 'double' 轉換為 'int'，由於類型不同，可能導致資料遺失
D:\imageprocessing\Image\Project1\Project1\Histogram specification1.h(588,28): warning C4244: '=': 將 'double' 轉換為 'int'，由於類型不同，可能導致資料遺失
D:\imageprocessing\Image\Project1\Project1\Contrast1.h(422,30): warning C4244: '引數': 將 'float' 轉換為 'int'，由於類型不同，可能導致資料遺失
D:\imageprocessing\Image\Project1\Project1\Contrast1.h(422,26): warning C4244: '引數': 將 'float' 轉換為 'int'，由於類型不同，可能導致資料遺失
D:\imageprocessing\Image\Project1\Project1\Contrast1.h(423,30): warning C4244: '引數': 將 'float' 轉換為 'int'，由於類型不同，可能導致資料遺失
D:\imageprocessing\Image\Project1\Project1\Contrast1.h(423,26): warning C4244: '引數': 將 'float' 轉換為 'int'，由於類型不同，可能導致資料遺失
D:\imageprocessing\Image\Project1\Project1\Contrast1.h(435,9): warning C4101: 'newvalue': 未參考的區域變數
D:\imageprocessing\Image\Project1\Project1\Contrast1.h(461,11): warning C4244: '=': 將 'int' 轉換為 'float'，由於類型不同，可能導致資料遺失
D:\imageprocessing\Image\Project1\Project1\Contrast1.h(462,11): warning C4244: '=': 將 'int' 轉換為 'float'，由於類型不同，可能導致資料遺失
D:\imageprocessing\Image\Project1\Project1\Contrast1.h(467,11): warning C4244: '=': 將 'int' 轉換為 'float'，由於類型不同，可能導致資料遺失
D:\imageprocessing\Image\Project1\Project1\Contrast1.h(468,11): warning C4244: '=': 將 'int' 轉換為 'float'，由於類型不同，可能導致資料遺失
D:\imageprocessing\Image\Project1\Project1\Contrast1.h(493,31): warning C4244: '引數': 將 'float' 轉換為 'int'，由於類型不同，可能導致資料遺失
D:\imageprocessing\Image\Project1\Project1\Contrast1.h(493,27): warning C4244: '引數': 將 'float' 轉換為 'int'，由於類型不同，可能導致資料遺失
D:\imageprocessing\Image\Project1\Project1\Contrast1.h(494,31): warning C4244: '引數': 將 'float' 轉換為 'int'，由於類型不同，可能導致資料遺失
D:\imageprocessing\Image\Project1\Project1\Contrast1.h(494,27): warning C4244: '引數': 將 'float' 轉換為 'int'，由於類型不同，可能導致資料遺失
D:\imageprocessing\Image\Project1\Project1\Contrast1.h(581,30): warning C4244: '引數': 將 'float' 轉換為 'int'，由於類型不同，可能導致資料遺失
D:\imageprocessing\Image\Project1\Project1\Contrast1.h(581,26): warning C4244: '引數': 將 'float' 轉換為 'int'，由於類型不同，可能導致資料遺失
D:\imageprocessing\Image\Project1\Project1\Contrast1.h(582,30): warning C4244: '引數': 將 'float' 轉換為 'int'，由於類型不同，可能導致資料遺失
D:\imageprocessing\Image\Project1\Project1\Contrast1.h(582,26): warning C4244: '引數': 將 'float' 轉換為 'int'，由於類型不同，可能導致資料遺失
D:\imageprocessing\Image\Project1\Project1\Contrast1.h(594,9): warning C4101: 'newvalue': 未參考的區域變數
D:\imageprocessing\Image\Project1\Project1\8Connect.h(203,13): warning C4244: '=': 將 'int' 轉換為 'float'，由於類型不同，可能導致資料遺失
D:\imageprocessing\Image\Project1\Project1\8Connect.h(208,13): warning C4244: '=': 將 'int' 轉換為 'float'，由於類型不同，可能導致資料遺失
D:\imageprocessing\Image\Project1\Project1\8Connect.h(317,35): warning C4244: '=': 將 '__int64' 轉換為 'int'，由於類型不同，可能導致資料遺失
D:\imageprocessing\Image\Project1\Project1\8Connect.h(318,35): warning C4244: '=': 將 '__int64' 轉換為 'int'，由於類型不同，可能導致資料遺失
D:\imageprocessing\Image\Project1\Project1\8Connect.h(319,39): warning C4244: '=': 將 '__int64' 轉換為 'int'，由於類型不同，可能導致資料遺失
D:\imageprocessing\Image\Project1\Project1\8Connect.h(320,39): warning C4244: '=': 將 '__int64' 轉換為 'int'，由於類型不同，可能導致資料遺失
D:\imageprocessing\Image\Project1\Project1\8Connect.h(387,31): warning C4244: '=': 將 '__int64' 轉換為 'int'，由於類型不同，可能導致資料遺失
D:\imageprocessing\Image\Project1\Project1\8Connect.h(388,35): warning C4244: '=': 將 '__int64' 轉換為 'int'，由於類型不同，可能導致資料遺失
D:\imageprocessing\Image\Project1\Project1\8Connect.h(389,39): warning C4244: '=': 將 '__int64' 轉換為 'int'，由於類型不同，可能導致資料遺失
D:\imageprocessing\Image\Project1\Project1\8Connect.h(428,31): warning C4244: '=': 將 '__int64' 轉換為 'int'，由於類型不同，可能導致資料遺失
D:\imageprocessing\Image\Project1\Project1\8Connect.h(429,35): warning C4244: '=': 將 '__int64' 轉換為 'int'，由於類型不同，可能導致資料遺失
D:\imageprocessing\Image\Project1\Project1\8Connect.h(430,39): warning C4244: '=': 將 '__int64' 轉換為 'int'，由於類型不同，可能導致資料遺失
D:\imageprocessing\Image\Project1\Project1\8Connect.h(431,35): warning C4244: '=': 將 '__int64' 轉換為 'int'，由於類型不同，可能導致資料遺失
D:\imageprocessing\Image\Project1\Project1\8Connect.h(471,35): warning C4244: '=': 將 '__int64' 轉換為 'int'，由於類型不同，可能導致資料遺失
D:\imageprocessing\Image\Project1\Project1\8Connect.h(472,39): warning C4244: '=': 將 '__int64' 轉換為 'int'，由於類型不同，可能導致資料遺失
D:\imageprocessing\Image\Project1\Project1\8Connect.h(473,35): warning C4244: '=': 將 '__int64' 轉換為 'int'，由於類型不同，可能導致資料遺失
D:\imageprocessing\Image\Project1\Project1\8Connect.h(474,39): warning C4244: '=': 將 '__int64' 轉換為 'int'，由於類型不同，可能導致資料遺失
D:\imageprocessing\Image\Project1\Project1\TTSdecode.h(44,45): warning C4677: 'videoseries': 非私用成員的簽章含有組件私用類型 'cliext::vector<System::Drawing::Bitmap ^>'
D:\imageprocessing\Image\Project1\Project1\TTSdecode.h(44): message : 請參閱 'cliext::vector<System::Drawing::Bitmap ^>' 的宣告
D:\imageprocessing\Image\Project1\Project1\TTSdecode.h(47,40): warning C4677: 'motionvector': 非私用成員的簽章含有組件私用類型 'cliext::vector<System::Drawing::Bitmap ^>'
D:\imageprocessing\Image\Project1\Project1\TTSdecode.h(44): message : 請參閱 'cliext::vector<System::Drawing::Bitmap ^>' 的宣告
D:\imageprocessing\Image\Project1\Project1\TTSdecode.h(48,37): warning C4677: 'MOTION': 非私用成員的簽章含有組件私用類型 'cliext::vector<System::Drawing::Graphics ^>'
D:\imageprocessing\Image\Project1\Project1\TTSdecode.h(48): message : 請參閱 'cliext::vector<System::Drawing::Graphics ^>' 的宣告
D:\imageprocessing\Image\Project1\Project1\TTSdecode.h(49,34): warning C4677: 'DECODE': 非私用成員的簽章含有組件私用類型 'cliext::vector<System::Drawing::Bitmap ^>'
D:\imageprocessing\Image\Project1\Project1\TTSdecode.h(44): message : 請參閱 'cliext::vector<System::Drawing::Bitmap ^>' 的宣告
D:\imageprocessing\Image\Project1\Project1\TTSdecode.h(50,40): warning C4677: 'decodesereis': 非私用成員的簽章含有組件私用類型 'cliext::vector<System::Drawing::Bitmap ^>'
D:\imageprocessing\Image\Project1\Project1\TTSdecode.h(44): message : 請參閱 'cliext::vector<System::Drawing::Bitmap ^>' 的宣告
D:\imageprocessing\Image\Project1\Project1\TTSdecode.h(51,30): warning C4677: 'PSNR': 非私用成員的簽章含有組件私用類型 'cliext::vector<float>'
D:\imageprocessing\Image\Project1\Project1\TTSdecode.h(51): message : 請參閱 'cliext::vector<float>' 的宣告
D:\imageprocessing\Image\Project1\Project1\TTSdecode.h(439,22): warning C4244: '=': 將 'float' 轉換為 'int'，由於類型不同，可能導致資料遺失
D:\imageprocessing\Image\Project1\Project1\TTSdecode.h(445,22): warning C4244: '=': 將 'double' 轉換為 'int'，由於類型不同，可能導致資料遺失
D:\imageprocessing\Image\Project1\Project1\TTSdecode.h(583,1): warning C4244: '+=': 將 'double' 轉換為 '__int64'，由於類型不同，可能導致資料遺失
D:\imageprocessing\Image\Project1\Project1\TTSdecode.h(584,1): warning C4244: '+=': 將 'double' 轉換為 '__int64'，由於類型不同，可能導致資料遺失
D:\imageprocessing\Image\Project1\Project1\TTSdecode.h(585,1): warning C4244: '+=': 將 'double' 轉換為 '__int64'，由於類型不同，可能導致資料遺失
D:\imageprocessing\Image\Project1\Project1\TTSdecode.h(591,1): warning C4244: '+=': 將 'double' 轉換為 '__int64'，由於類型不同，可能導致資料遺失
D:\imageprocessing\Image\Project1\Project1\TTSdecode.h(592,1): warning C4244: '+=': 將 'double' 轉換為 '__int64'，由於類型不同，可能導致資料遺失
D:\imageprocessing\Image\Project1\Project1\TTSdecode.h(593,1): warning C4244: '+=': 將 'double' 轉換為 '__int64'，由於類型不同，可能導致資料遺失
D:\imageprocessing\Image\Project1\Project1\TTSdecode.h(599,19): warning C4244: '引數': 將 'double' 轉換為 'float'，由於類型不同，可能導致資料遺失
D:\imageprocessing\Image\Project1\Project1\TTSdecode.h(687,1): warning C4244: '+=': 將 'double' 轉換為 '__int64'，由於類型不同，可能導致資料遺失
D:\imageprocessing\Image\Project1\Project1\TTSdecode.h(688,1): warning C4244: '+=': 將 'double' 轉換為 '__int64'，由於類型不同，可能導致資料遺失
D:\imageprocessing\Image\Project1\Project1\TTSdecode.h(689,1): warning C4244: '+=': 將 'double' 轉換為 '__int64'，由於類型不同，可能導致資料遺失
D:\imageprocessing\Image\Project1\Project1\TTSdecode.h(695,1): warning C4244: '+=': 將 'double' 轉換為 '__int64'，由於類型不同，可能導致資料遺失
D:\imageprocessing\Image\Project1\Project1\TTSdecode.h(696,1): warning C4244: '+=': 將 'double' 轉換為 '__int64'，由於類型不同，可能導致資料遺失
D:\imageprocessing\Image\Project1\Project1\TTSdecode.h(697,1): warning C4244: '+=': 將 'double' 轉換為 '__int64'，由於類型不同，可能導致資料遺失
D:\imageprocessing\Image\Project1\Project1\TTSdecode.h(703,19): warning C4244: '引數': 將 'double' 轉換為 'float'，由於類型不同，可能導致資料遺失
D:\imageprocessing\Image\Project1\Project1\TTSdecode.h(795,1): warning C4244: '+=': 將 'double' 轉換為 '__int64'，由於類型不同，可能導致資料遺失
D:\imageprocessing\Image\Project1\Project1\TTSdecode.h(796,1): warning C4244: '+=': 將 'double' 轉換為 '__int64'，由於類型不同，可能導致資料遺失
D:\imageprocessing\Image\Project1\Project1\TTSdecode.h(797,1): warning C4244: '+=': 將 'double' 轉換為 '__int64'，由於類型不同，可能導致資料遺失
D:\imageprocessing\Image\Project1\Project1\TTSdecode.h(803,1): warning C4244: '+=': 將 'double' 轉換為 '__int64'，由於類型不同，可能導致資料遺失
D:\imageprocessing\Image\Project1\Project1\TTSdecode.h(804,1): warning C4244: '+=': 將 'double' 轉換為 '__int64'，由於類型不同，可能導致資料遺失
D:\imageprocessing\Image\Project1\Project1\TTSdecode.h(805,1): warning C4244: '+=': 將 'double' 轉換為 '__int64'，由於類型不同，可能導致資料遺失
D:\imageprocessing\Image\Project1\Project1\TTSdecode.h(811,19): warning C4244: '引數': 將 'double' 轉換為 'float'，由於類型不同，可能導致資料遺失
D:\imageprocessing\Image\Project1\Project1\Video.h(48,39): warning C4677: 'videos': 非私用成員的簽章含有組件私用類型 'cliext::vector<System::Drawing::Bitmap ^>'
D:\imageprocessing\Image\Project1\Project1\TTSdecode.h(44): message : 請參閱 'cliext::vector<System::Drawing::Bitmap ^>' 的宣告
D:\imageprocessing\Image\Project1\Project1\Video.h(696,22): warning C4244: '=': 將 'double' 轉換為 'unsigned int'，由於類型不同，可能導致資料遺失
D:\imageprocessing\Image\Project1\Project1\Video.h(697,9): warning C4244: '=': 將 'double' 轉換為 'float'，由於類型不同，可能導致資料遺失
D:\imageprocessing\Image\Project1\Project1\Video.h(704,22): warning C4244: '=': 將 'float' 轉換為 'unsigned int'，由於類型不同，可能導致資料遺失
D:\imageprocessing\Image\Project1\Project1\Video.h(705,9): warning C4244: '=': 將 'double' 轉換為 'float'，由於類型不同，可能導致資料遺失
D:\imageprocessing\Image\Project1\Project1\Video.h(723,1): warning C4947: 'System::Threading::Thread::Suspend': 已標記為過時
D:\imageprocessing\Image\Project1\Project1\Video.h(723,1): message : 訊息: 'Thread.Suspend has been deprecated.  Please use other classes in System.Threading, such as Monitor, Mutex, Event, and Semaphore, to synchronize Threads or protect resources.  http://go.microsoft.com/fwlink/?linkid=14202'
D:\imageprocessing\Image\Project1\Project1\Video.h(726,1): warning C4947: 'System::Threading::Thread::Suspend': 已標記為過時
D:\imageprocessing\Image\Project1\Project1\Video.h(726,1): message : 訊息: 'Thread.Suspend has been deprecated.  Please use other classes in System.Threading, such as Monitor, Mutex, Event, and Semaphore, to synchronize Threads or protect resources.  http://go.microsoft.com/fwlink/?linkid=14202'
D:\imageprocessing\Image\Project1\Project1\Video.h(734,1): warning C4947: 'System::Threading::Thread::Resume': 已標記為過時
D:\imageprocessing\Image\Project1\Project1\Video.h(734,1): message : 訊息: 'Thread.Resume has been deprecated.  Please use other classes in System.Threading, such as Monitor, Mutex, Event, and Semaphore, to synchronize Threads or protect resources.  http://go.microsoft.com/fwlink/?linkid=14202'
D:\imageprocessing\Image\Project1\Project1\Video.h(737,1): warning C4947: 'System::Threading::Thread::Resume': 已標記為過時
D:\imageprocessing\Image\Project1\Project1\Video.h(737,1): message : 訊息: 'Thread.Resume has been deprecated.  Please use other classes in System.Threading, such as Monitor, Mutex, Event, and Semaphore, to synchronize Threads or protect resources.  http://go.microsoft.com/fwlink/?linkid=14202'
D:\imageprocessing\Image\Project1\Project1\Video.h(794,1): warning C4244: '+=': 將 'double' 轉換為 'unsigned int'，由於類型不同，可能導致資料遺失
D:\imageprocessing\Image\Project1\Project1\MyForm.h(1466,2): warning C4677: 'LOADPCXDATA': 非私用成員的簽章含有組件私用類型 'Project1::MyForm::PCXHEAD'
D:\imageprocessing\Image\Project1\Project1\MyForm.h(215): message : 請參閱 'Project1::MyForm::PCXHEAD' 的宣告
D:\imageprocessing\Image\Project1\Project1\MyForm.h(1466,2): warning C4677: 'LOADPCXDATA': 非私用成員的簽章含有組件私用類型 'Project1::MyForm::PCXPALETTE'
D:\imageprocessing\Image\Project1\Project1\MyForm.h(236): message : 請參閱 'Project1::MyForm::PCXPALETTE' 的宣告
D:\imageprocessing\Image\Project1\Project1\MyForm.h(1681,79): warning C4677: 'LOADBMPDATA': 非私用成員的簽章含有組件私用類型 'Project1::MyForm::BMPHEAD'
D:\imageprocessing\Image\Project1\Project1\MyForm.h(241): message : 請參閱 'Project1::MyForm::BMPHEAD' 的宣告
D:\imageprocessing\Image\Project1\Project1\MyForm.h(1681,79): warning C4677: 'LOADBMPDATA': 非私用成員的簽章含有組件私用類型 'Project1::MyForm::BMPPALETTE'
D:\imageprocessing\Image\Project1\Project1\MyForm.h(260): message : 請參閱 'Project1::MyForm::BMPPALETTE' 的宣告
D:\imageprocessing\Image\Project1\Project1\MyForm.h(1691,15): warning C4244: '正在初始化': 將 'double' 轉換為 'long'，由於類型不同，可能導致資料遺失
D:\imageprocessing\Image\Project1\Project1\MyForm.h(1692,15): warning C4244: '正在初始化': 將 'double' 轉換為 'long'，由於類型不同，可能導致資料遺失
D:\imageprocessing\Image\Project1\Project1\MyForm.h(1693,15): warning C4244: '正在初始化': 將 'double' 轉換為 'long'，由於類型不同，可能導致資料遺失
D:\imageprocessing\Image\Project1\Project1\MyForm.h(1721,45): warning C4244: '=': 將 'long' 轉換為 'unsigned char'，由於類型不同，可能導致資料遺失
D:\imageprocessing\Image\Project1\Project1\MyForm.h(1685,7): warning C4101: 'red': 未參考的區域變數
D:\imageprocessing\Image\Project1\Project1\MyForm.h(1685,19): warning C4101: 'blue': 未參考的區域變數
D:\imageprocessing\Image\Project1\Project1\MyForm.h(1685,12): warning C4101: 'green': 未參考的區域變數
D:\imageprocessing\Image\Project1\Project1\MyForm.h(1825,17): warning C4101: 'brushHSI': 未參考的區域變數
D:\imageprocessing\Image\Project1\Project1\MyForm.h(1952,1): warning C4244: '+=': 將 'double' 轉換為 '__int64'，由於類型不同，可能導致資料遺失
D:\imageprocessing\Image\Project1\Project1\MyForm.h(1953,1): warning C4244: '+=': 將 'double' 轉換為 '__int64'，由於類型不同，可能導致資料遺失
D:\imageprocessing\Image\Project1\Project1\MyForm.h(1954,1): warning C4244: '+=': 將 'double' 轉換為 '__int64'，由於類型不同，可能導致資料遺失
D:\imageprocessing\Image\Project1\Project1\MyForm.h(1960,1): warning C4244: '+=': 將 'double' 轉換為 '__int64'，由於類型不同，可能導致資料遺失
D:\imageprocessing\Image\Project1\Project1\MyForm.h(1961,1): warning C4244: '+=': 將 'double' 轉換為 '__int64'，由於類型不同，可能導致資料遺失
D:\imageprocessing\Image\Project1\Project1\MyForm.h(1962,1): warning C4244: '+=': 將 'double' 轉換為 '__int64'，由於類型不同，可能導致資料遺失
D:\imageprocessing\Image\Project1\Project1\MyForm.h(2132,15): warning C4244: '正在初始化': 將 'double' 轉換為 'int'，由於類型不同，可能導致資料遺失
D:\imageprocessing\Image\Project1\Project1\MyForm.h(2147,15): warning C4244: '正在初始化': 將 'double' 轉換為 'int'，由於類型不同，可能導致資料遺失
D:\imageprocessing\Image\Project1\Project1\MyForm.h(2186,58): warning C4244: '引數': 將 'double' 轉換為 'int'，由於類型不同，可能導致資料遺失
D:\imageprocessing\Image\Project1\Project1\MyForm.h(2186,48): warning C4244: '引數': 將 'double' 轉換為 'int'，由於類型不同，可能導致資料遺失
D:\imageprocessing\Image\Project1\Project1\MyForm.h(2186,38): warning C4244: '引數': 將 'double' 轉換為 'int'，由於類型不同，可能導致資料遺失
D:\imageprocessing\Image\Project1\Project1\MyForm.h(2187,58): warning C4244: '引數': 將 'double' 轉換為 'int'，由於類型不同，可能導致資料遺失
D:\imageprocessing\Image\Project1\Project1\MyForm.h(2187,48): warning C4244: '引數': 將 'double' 轉換為 'int'，由於類型不同，可能導致資料遺失
D:\imageprocessing\Image\Project1\Project1\MyForm.h(2187,38): warning C4244: '引數': 將 'double' 轉換為 'int'，由於類型不同，可能導致資料遺失
D:\imageprocessing\Image\Project1\Project1\MyForm.h(2188,58): warning C4244: '引數': 將 'double' 轉換為 'int'，由於類型不同，可能導致資料遺失
D:\imageprocessing\Image\Project1\Project1\MyForm.h(2188,48): warning C4244: '引數': 將 'double' 轉換為 'int'，由於類型不同，可能導致資料遺失
D:\imageprocessing\Image\Project1\Project1\MyForm.h(2188,38): warning C4244: '引數': 將 'double' 轉換為 'int'，由於類型不同，可能導致資料遺失
D:\imageprocessing\Image\Project1\Project1\MyForm.h(2223,70): warning C4244: '引數': 將 'double' 轉換為 'int'，由於類型不同，可能導致資料遺失
D:\imageprocessing\Image\Project1\Project1\MyForm.h(2223,46): warning C4244: '引數': 將 'double' 轉換為 'int'，由於類型不同，可能導致資料遺失
D:\imageprocessing\Image\Project1\Project1\MyForm.h(2228,51): warning C4244: '引數': 將 'double' 轉換為 'int'，由於類型不同，可能導致資料遺失
D:\imageprocessing\Image\Project1\Project1\MyForm.h(2228,40): warning C4244: '引數': 將 'double' 轉換為 'int'，由於類型不同，可能導致資料遺失
D:\imageprocessing\Image\Project1\Project1\MyForm.h(2248,70): warning C4244: '引數': 將 'double' 轉換為 'int'，由於類型不同，可能導致資料遺失
D:\imageprocessing\Image\Project1\Project1\MyForm.h(2248,46): warning C4244: '引數': 將 'double' 轉換為 'int'，由於類型不同，可能導致資料遺失
D:\imageprocessing\Image\Project1\Project1\MyForm.h(2251,49): warning C4244: '引數': 將 'double' 轉換為 'int'，由於類型不同，可能導致資料遺失
D:\imageprocessing\Image\Project1\Project1\MyForm.h(2251,38): warning C4244: '引數': 將 'double' 轉換為 'int'，由於類型不同，可能導致資料遺失
D:\imageprocessing\Image\Project1\Project1\MyForm.h(2323,75): warning C4244: '引數': 將 'double' 轉換為 'int'，由於類型不同，可能導致資料遺失
D:\imageprocessing\Image\Project1\Project1\MyForm.h(2323,50): warning C4244: '引數': 將 'double' 轉換為 'int'，由於類型不同，可能導致資料遺失
D:\imageprocessing\Image\Project1\Project1\MyForm.h(2327,49): warning C4244: '引數': 將 'double' 轉換為 'int'，由於類型不同，可能導致資料遺失
D:\imageprocessing\Image\Project1\Project1\MyForm.h(2327,38): warning C4244: '引數': 將 'double' 轉換為 'int'，由於類型不同，可能導致資料遺失
D:\imageprocessing\Image\Project1\Project1\MyForm.h(2336,75): warning C4244: '引數': 將 'double' 轉換為 'int'，由於類型不同，可能導致資料遺失
D:\imageprocessing\Image\Project1\Project1\MyForm.h(2336,50): warning C4244: '引數': 將 'double' 轉換為 'int'，由於類型不同，可能導致資料遺失
D:\imageprocessing\Image\Project1\Project1\MyForm.h(2339,54): warning C4244: '=': 將 'double' 轉換為 'int'，由於類型不同，可能導致資料遺失
D:\imageprocessing\Image\Project1\Project1\MyForm.h(2340,56): warning C4244: '=': 將 'double' 轉換為 'int'，由於類型不同，可能導致資料遺失
D:\imageprocessing\Image\Project1\Project1\MyForm.h(2349,16): warning C4244: '=': 將 'double' 轉換為 'int'，由於類型不同，可能導致資料遺失
D:\imageprocessing\Image\Project1\Project1\MyForm.h(2350,16): warning C4244: '=': 將 'double' 轉換為 'int'，由於類型不同，可能導致資料遺失
D:\imageprocessing\Image\Project1\Project1\MyForm.h(2351,16): warning C4244: '=': 將 'double' 轉換為 'int'，由於類型不同，可能導致資料遺失
D:\imageprocessing\Image\Project1\Project1\MyForm.h(2353,37): warning C4244: '引數': 將 'double' 轉換為 'int'，由於類型不同，可能導致資料遺失
D:\imageprocessing\Image\Project1\Project1\MyForm.h(2353,26): warning C4244: '引數': 將 'double' 轉換為 'int'，由於類型不同，可能導致資料遺失
D:\imageprocessing\Image\Project1\Project1\MyForm.h(2392,18): warning C4244: '正在初始化': 將 'double' 轉換為 'float'，由於類型不同，可能導致資料遺失
D:\imageprocessing\Image\Project1\Project1\MyForm.h(2393,19): warning C4244: '正在初始化': 將 'double' 轉換為 'float'，由於類型不同，可能導致資料遺失
D:\imageprocessing\Image\Project1\Project1\MyForm.h(2396,100): warning C4244: '引數': 將 'double' 轉換為 'int'，由於類型不同，可能導致資料遺失
D:\imageprocessing\Image\Project1\Project1\MyForm.h(2396,66): warning C4244: '引數': 將 'double' 轉換為 'int'，由於類型不同，可能導致資料遺失
D:\imageprocessing\Image\Project1\Project1\MyForm.h(2419,18): warning C4244: '正在初始化': 將 'double' 轉換為 'float'，由於類型不同，可能導致資料遺失
D:\imageprocessing\Image\Project1\Project1\MyForm.h(2420,19): warning C4244: '正在初始化': 將 'double' 轉換為 'float'，由於類型不同，可能導致資料遺失
D:\imageprocessing\Image\Project1\Project1\MyForm.h(2424,100): warning C4244: '引數': 將 'double' 轉換為 'int'，由於類型不同，可能導致資料遺失
D:\imageprocessing\Image\Project1\Project1\MyForm.h(2424,67): warning C4244: '引數': 將 'double' 轉換為 'int'，由於類型不同，可能導致資料遺失
D:\imageprocessing\Image\Project1\Project1\MyForm.h(2425,82): warning C4244: '引數': 將 'double' 轉換為 'int'，由於類型不同，可能導致資料遺失
D:\imageprocessing\Image\Project1\Project1\MyForm.h(2425,49): warning C4244: '引數': 將 'double' 轉換為 'int'，由於類型不同，可能導致資料遺失
D:\imageprocessing\Image\Project1\Project1\MyForm.h(2444,29): warning C4244: '引數': 將 'double' 轉換為 'int'，由於類型不同，可能導致資料遺失
D:\imageprocessing\Image\Project1\Project1\MyForm.h(2459,18): warning C4244: '正在初始化': 將 'double' 轉換為 'float'，由於類型不同，可能導致資料遺失
D:\imageprocessing\Image\Project1\Project1\MyForm.h(2460,19): warning C4244: '正在初始化': 將 'double' 轉換為 'float'，由於類型不同，可能導致資料遺失
D:\imageprocessing\Image\Project1\Project1\MyForm.h(2463,100): warning C4244: '引數': 將 'double' 轉換為 'int'，由於類型不同，可能導致資料遺失
D:\imageprocessing\Image\Project1\Project1\MyForm.h(2463,66): warning C4244: '引數': 將 'double' 轉換為 'int'，由於類型不同，可能導致資料遺失
D:\imageprocessing\Image\Project1\Project1\MyForm.h(2478,29): warning C4244: '引數': 將 'double' 轉換為 'int'，由於類型不同，可能導致資料遺失
D:\imageprocessing\Image\Project1\Project1\MyForm.h(2492,18): warning C4244: '正在初始化': 將 'double' 轉換為 'float'，由於類型不同，可能導致資料遺失
D:\imageprocessing\Image\Project1\Project1\MyForm.h(2493,19): warning C4244: '正在初始化': 將 'double' 轉換為 'float'，由於類型不同，可能導致資料遺失
D:\imageprocessing\Image\Project1\Project1\MyForm.h(2498,100): warning C4244: '引數': 將 'double' 轉換為 'int'，由於類型不同，可能導致資料遺失
D:\imageprocessing\Image\Project1\Project1\MyForm.h(2498,67): warning C4244: '引數': 將 'double' 轉換為 'int'，由於類型不同，可能導致資料遺失
D:\imageprocessing\Image\Project1\Project1\MyForm.h(2499,82): warning C4244: '引數': 將 'double' 轉換為 'int'，由於類型不同，可能導致資料遺失
D:\imageprocessing\Image\Project1\Project1\MyForm.h(2499,49): warning C4244: '引數': 將 'double' 轉換為 'int'，由於類型不同，可能導致資料遺失
D:\imageprocessing\Image\Project1\Project1\MyForm.h(2547,58): warning C4244: '=': 將 'int' 轉換為 'float'，由於類型不同，可能導致資料遺失
D:\imageprocessing\Image\Project1\Project1\MyForm.h(2548,58): warning C4244: '=': 將 'int' 轉換為 'float'，由於類型不同，可能導致資料遺失
D:\imageprocessing\Image\Project1\Project1\MyForm.h(2549,58): warning C4244: '=': 將 'int' 轉換為 'float'，由於類型不同，可能導致資料遺失
D:\imageprocessing\Image\Project1\Project1\MyForm.h(2550,40): warning C4244: '引數': 將 'float' 轉換為 'int'，由於類型不同，可能導致資料遺失
D:\imageprocessing\Image\Project1\Project1\MyForm.h(2550,37): warning C4244: '引數': 將 'float' 轉換為 'int'，由於類型不同，可能導致資料遺失
D:\imageprocessing\Image\Project1\Project1\MyForm.h(2550,34): warning C4244: '引數': 將 'float' 轉換為 'int'，由於類型不同，可能導致資料遺失
D:\imageprocessing\Image\Project1\Project1\MyForm.h(2559,58): warning C4244: '=': 將 'int' 轉換為 'float'，由於類型不同，可能導致資料遺失
D:\imageprocessing\Image\Project1\Project1\MyForm.h(2560,58): warning C4244: '=': 將 'int' 轉換為 'float'，由於類型不同，可能導致資料遺失
D:\imageprocessing\Image\Project1\Project1\MyForm.h(2561,58): warning C4244: '=': 將 'int' 轉換為 'float'，由於類型不同，可能導致資料遺失
D:\imageprocessing\Image\Project1\Project1\MyForm.h(2562,40): warning C4244: '引數': 將 'float' 轉換為 'int'，由於類型不同，可能導致資料遺失
D:\imageprocessing\Image\Project1\Project1\MyForm.h(2562,37): warning C4244: '引數': 將 'float' 轉換為 'int'，由於類型不同，可能導致資料遺失
D:\imageprocessing\Image\Project1\Project1\MyForm.h(2562,34): warning C4244: '引數': 將 'float' 轉換為 'int'，由於類型不同，可能導致資料遺失
D:\imageprocessing\Image\Project1\Project1\MyForm.h(2580,58): warning C4244: '=': 將 'int' 轉換為 'float'，由於類型不同，可能導致資料遺失
D:\imageprocessing\Image\Project1\Project1\MyForm.h(2581,58): warning C4244: '=': 將 'int' 轉換為 'float'，由於類型不同，可能導致資料遺失
D:\imageprocessing\Image\Project1\Project1\MyForm.h(2582,58): warning C4244: '=': 將 'int' 轉換為 'float'，由於類型不同，可能導致資料遺失
D:\imageprocessing\Image\Project1\Project1\MyForm.h(2583,40): warning C4244: '引數': 將 'float' 轉換為 'int'，由於類型不同，可能導致資料遺失
D:\imageprocessing\Image\Project1\Project1\MyForm.h(2583,37): warning C4244: '引數': 將 'float' 轉換為 'int'，由於類型不同，可能導致資料遺失
D:\imageprocessing\Image\Project1\Project1\MyForm.h(2583,34): warning C4244: '引數': 將 'float' 轉換為 'int'，由於類型不同，可能導致資料遺失
D:\imageprocessing\Image\Project1\Project1\MyForm.h(2592,58): warning C4244: '=': 將 'int' 轉換為 'float'，由於類型不同，可能導致資料遺失
D:\imageprocessing\Image\Project1\Project1\MyForm.h(2593,58): warning C4244: '=': 將 'int' 轉換為 'float'，由於類型不同，可能導致資料遺失
D:\imageprocessing\Image\Project1\Project1\MyForm.h(2594,58): warning C4244: '=': 將 'int' 轉換為 'float'，由於類型不同，可能導致資料遺失
D:\imageprocessing\Image\Project1\Project1\MyForm.h(2595,40): warning C4244: '引數': 將 'float' 轉換為 'int'，由於類型不同，可能導致資料遺失
D:\imageprocessing\Image\Project1\Project1\MyForm.h(2595,37): warning C4244: '引數': 將 'float' 轉換為 'int'，由於類型不同，可能導致資料遺失
D:\imageprocessing\Image\Project1\Project1\MyForm.h(2595,34): warning C4244: '引數': 將 'float' 轉換為 'int'，由於類型不同，可能導致資料遺失
D:\imageprocessing\Image\Project1\Project1\MyForm.h(2691,15): warning C4244: '=': 將 'double' 轉換為 '__int64'，由於類型不同，可能導致資料遺失
D:\imageprocessing\Image\Project1\Project1\MyForm.h(2694,15): warning C4244: '=': 將 'double' 轉換為 'int'，由於類型不同，可能導致資料遺失
D:\imageprocessing\Image\Project1\Project1\MyForm.h(3167,14): warning C4101: 'B': 未參考的區域變數
D:\imageprocessing\Image\Project1\Project1\MyForm.h(3167,8): warning C4101: 'R': 未參考的區域變數
D:\imageprocessing\Image\Project1\Project1\MyForm.h(3167,11): warning C4101: 'G': 未參考的區域變數
D:\imageprocessing\Image\Project1\Project1\MyForm.h(3336,28): warning C4244: '=': 將 'double' 轉換為 'float'，由於類型不同，可能導致資料遺失
D:\imageprocessing\Image\Project1\Project1\MyForm.h(3402,15): warning C4244: '=': 將 'double' 轉換為 '__int64'，由於類型不同，可能導致資料遺失
D:\imageprocessing\Image\Project1\Project1\MyForm.h(3405,15): warning C4244: '=': 將 'double' 轉換為 'int'，由於類型不同，可能導致資料遺失
D:\imageprocessing\Image\Project1\Project1\MyForm.h(3466,18): warning C4244: '正在初始化': 將 'double' 轉換為 'int'，由於類型不同，可能導致資料遺失
D:\imageprocessing\Image\Project1\Project1\MyForm.h(3489,18): warning C4244: '正在初始化': 將 'double' 轉換為 'int'，由於類型不同，可能導致資料遺失
D:\imageprocessing\Image\Project1\Project1\MyForm.h(3563,33): warning C4244: '=': 將 'float' 轉換為 'int'，由於類型不同，可能導致資料遺失
D:\imageprocessing\Image\Project1\Project1\MyForm.h(3564,33): warning C4244: '=': 將 'float' 轉換為 'int'，由於類型不同，可能導致資料遺失
D:\imageprocessing\Image\Project1\Project1\MyForm.h(3581,17): warning C4244: '正在初始化': 將 'float' 轉換為 'int'，由於類型不同，可能導致資料遺失
D:\imageprocessing\Image\Project1\Project1\MyForm.h(3625,32): warning C4244: '=': 將 'float' 轉換為 'int'，由於類型不同，可能導致資料遺失
D:\imageprocessing\Image\Project1\Project1\MyForm.h(3626,32): warning C4244: '=': 將 'float' 轉換為 'int'，由於類型不同，可能導致資料遺失
D:\imageprocessing\Image\Project1\Project1\MyForm.h(3643,16): warning C4244: '正在初始化': 將 'float' 轉換為 'int'，由於類型不同，可能導致資料遺失
D:\imageprocessing\Image\Project1\Project1\MyForm.h(4127,17): warning C4244: '=': 將 'double' 轉換為 'float'，由於類型不同，可能導致資料遺失
  splash_screen.cpp
D:\imageprocessing\Image\Project1\Project1\Cut.h(151,15): warning C4244: '=': 將 'double' 轉換為 'int'，由於類型不同，可能導致資料遺失
D:\imageprocessing\Image\Project1\Project1\Cut.h(152,15): warning C4244: '=': 將 'double' 轉換為 'int'，由於類型不同，可能導致資料遺失
D:\imageprocessing\Image\Project1\Project1\Cut.h(153,15): warning C4244: '=': 將 'double' 轉換為 'int'，由於類型不同，可能導致資料遺失
D:\imageprocessing\Image\Project1\Project1\Cut.h(154,15): warning C4244: '=': 將 'double' 轉換為 'int'，由於類型不同，可能導致資料遺失
D:\imageprocessing\Image\Project1\Project1\Cut.h(167,15): warning C4244: '=': 將 'double' 轉換為 'int'，由於類型不同，可能導致資料遺失
D:\imageprocessing\Image\Project1\Project1\Cut.h(168,15): warning C4244: '=': 將 'double' 轉換為 'int'，由於類型不同，可能導致資料遺失
D:\imageprocessing\Image\Project1\Project1\Cut.h(169,15): warning C4244: '=': 將 'double' 轉換為 'int'，由於類型不同，可能導致資料遺失
D:\imageprocessing\Image\Project1\Project1\Cut.h(170,15): warning C4244: '=': 將 'double' 轉換為 'int'，由於類型不同，可能導致資料遺失
D:\imageprocessing\Image\Project1\Project1\Cut.h(173,20): warning C4244: '正在初始化': 將 'int' 轉換為 'float'，由於類型不同，可能導致資料遺失
D:\imageprocessing\Image\Project1\Project1\Cut.h(174,20): warning C4244: '正在初始化': 將 'int' 轉換為 'float'，由於類型不同，可能導致資料遺失
D:\imageprocessing\Image\Project1\Project1\Cut.h(175,21): warning C4244: '正在初始化': 將 'double' 轉換為 'float'，由於類型不同，可能導致資料遺失
D:\imageprocessing\Image\Project1\Project1\Overlap.h(247,79): warning C4677: 'LOADPCXDATA': 非私用成員的簽章含有組件私用類型 'Project1::Overlap::PCXHEAD'
D:\imageprocessing\Image\Project1\Project1\Overlap.h(66): message : 請參閱 'Project1::Overlap::PCXHEAD' 的宣告
D:\imageprocessing\Image\Project1\Project1\Overlap.h(247,79): warning C4677: 'LOADPCXDATA': 非私用成員的簽章含有組件私用類型 'Project1::Overlap::PCXPALETTE'
D:\imageprocessing\Image\Project1\Project1\Overlap.h(87): message : 請參閱 'Project1::Overlap::PCXPALETTE' 的宣告
D:\imageprocessing\Image\Project1\Project1\Lightness.h(167,71): warning C4244: '=': 將 'int' 轉換為 'float'，由於類型不同，可能導致資料遺失
D:\imageprocessing\Image\Project1\Project1\Lightness.h(168,71): warning C4244: '=': 將 'int' 轉換為 'float'，由於類型不同，可能導致資料遺失
D:\imageprocessing\Image\Project1\Project1\Lightness.h(169,71): warning C4244: '=': 將 'int' 轉換為 'float'，由於類型不同，可能導致資料遺失
D:\imageprocessing\Image\Project1\Project1\Lightness.h(170,40): warning C4244: '引數': 將 'float' 轉換為 'int'，由於類型不同，可能導致資料遺失
D:\imageprocessing\Image\Project1\Project1\Lightness.h(170,37): warning C4244: '引數': 將 'float' 轉換為 'int'，由於類型不同，可能導致資料遺失
D:\imageprocessing\Image\Project1\Project1\Lightness.h(170,34): warning C4244: '引數': 將 'float' 轉換為 'int'，由於類型不同，可能導致資料遺失
D:\imageprocessing\Image\Project1\Project1\Lightness.h(179,71): warning C4244: '=': 將 'int' 轉換為 'float'，由於類型不同，可能導致資料遺失
D:\imageprocessing\Image\Project1\Project1\Lightness.h(180,71): warning C4244: '=': 將 'int' 轉換為 'float'，由於類型不同，可能導致資料遺失
D:\imageprocessing\Image\Project1\Project1\Lightness.h(181,71): warning C4244: '=': 將 'int' 轉換為 'float'，由於類型不同，可能導致資料遺失
D:\imageprocessing\Image\Project1\Project1\Lightness.h(182,40): warning C4244: '引數': 將 'float' 轉換為 'int'，由於類型不同，可能導致資料遺失
D:\imageprocessing\Image\Project1\Project1\Lightness.h(182,37): warning C4244: '引數': 將 'float' 轉換為 'int'，由於類型不同，可能導致資料遺失
D:\imageprocessing\Image\Project1\Project1\Lightness.h(182,34): warning C4244: '引數': 將 'float' 轉換為 'int'，由於類型不同，可能導致資料遺失
D:\imageprocessing\Image\Project1\Project1\Lightness.h(202,71): warning C4244: '=': 將 'int' 轉換為 'float'，由於類型不同，可能導致資料遺失
D:\imageprocessing\Image\Project1\Project1\Lightness.h(203,71): warning C4244: '=': 將 'int' 轉換為 'float'，由於類型不同，可能導致資料遺失
D:\imageprocessing\Image\Project1\Project1\Lightness.h(204,71): warning C4244: '=': 將 'int' 轉換為 'float'，由於類型不同，可能導致資料遺失
D:\imageprocessing\Image\Project1\Project1\Lightness.h(205,40): warning C4244: '引數': 將 'float' 轉換為 'int'，由於類型不同，可能導致資料遺失
D:\imageprocessing\Image\Project1\Project1\Lightness.h(205,37): warning C4244: '引數': 將 'float' 轉換為 'int'，由於類型不同，可能導致資料遺失
D:\imageprocessing\Image\Project1\Project1\Lightness.h(205,34): warning C4244: '引數': 將 'float' 轉換為 'int'，由於類型不同，可能導致資料遺失
D:\imageprocessing\Image\Project1\Project1\Lightness.h(215,71): warning C4244: '=': 將 'int' 轉換為 'float'，由於類型不同，可能導致資料遺失
D:\imageprocessing\Image\Project1\Project1\Lightness.h(216,71): warning C4244: '=': 將 'int' 轉換為 'float'，由於類型不同，可能導致資料遺失
D:\imageprocessing\Image\Project1\Project1\Lightness.h(217,71): warning C4244: '=': 將 'int' 轉換為 'float'，由於類型不同，可能導致資料遺失
D:\imageprocessing\Image\Project1\Project1\Lightness.h(218,40): warning C4244: '引數': 將 'float' 轉換為 'int'，由於類型不同，可能導致資料遺失
D:\imageprocessing\Image\Project1\Project1\Lightness.h(218,37): warning C4244: '引數': 將 'float' 轉換為 'int'，由於類型不同，可能導致資料遺失
D:\imageprocessing\Image\Project1\Project1\Lightness.h(218,34): warning C4244: '引數': 將 'float' 轉換為 'int'，由於類型不同，可能導致資料遺失
D:\imageprocessing\Image\Project1\Project1\Gary code.h(363,17): warning C4244: '正在初始化': 將 'double' 轉換為 'int'，由於類型不同，可能導致資料遺失
D:\imageprocessing\Image\Project1\Project1\Bit plane.h(573,2): warning C4677: 'LOADPCXDATA': 非私用成員的簽章含有組件私用類型 'Project1::BitPlane::PCXHEAD'
D:\imageprocessing\Image\Project1\Project1\Bit plane.h(85): message : 請參閱 'Project1::BitPlane::PCXHEAD' 的宣告
D:\imageprocessing\Image\Project1\Project1\Bit plane.h(573,2): warning C4677: 'LOADPCXDATA': 非私用成員的簽章含有組件私用類型 'Project1::BitPlane::PCXPALETTE'
D:\imageprocessing\Image\Project1\Project1\Bit plane.h(106): message : 請參閱 'Project1::BitPlane::PCXPALETTE' 的宣告
D:\imageprocessing\Image\Project1\Project1\Bit plane.h(820,17): warning C4244: '正在初始化': 將 'double' 轉換為 'int'，由於類型不同，可能導致資料遺失
D:\imageprocessing\Image\Project1\Project1\Bit plane.h(851,17): warning C4244: '正在初始化': 將 'double' 轉換為 'int'，由於類型不同，可能導致資料遺失
D:\imageprocessing\Image\Project1\Project1\Bit plane.h(902,32): warning C4244: '=': 將 'double' 轉換為 'int'，由於類型不同，可能導致資料遺失
D:\imageprocessing\Image\Project1\Project1\Bit plane.h(916,19): warning C4244: '=': 將 'double' 轉換為 'int'，由於類型不同，可能導致資料遺失
D:\imageprocessing\Image\Project1\Project1\Transparency.h(282,79): warning C4677: 'LoadPcxFile': 非私用成員的簽章含有組件私用類型 'Project1::Transparent::PCXHEAD'
D:\imageprocessing\Image\Project1\Project1\Transparency.h(77): message : 請參閱 'Project1::Transparent::PCXHEAD' 的宣告
D:\imageprocessing\Image\Project1\Project1\Transparency.h(282,79): warning C4677: 'LoadPcxFile': 非私用成員的簽章含有組件私用類型 'Project1::Transparent::PCXPALETTE'
D:\imageprocessing\Image\Project1\Project1\Transparency.h(100): message : 請參閱 'Project1::Transparent::PCXPALETTE' 的宣告
D:\imageprocessing\Image\Project1\Project1\Transparency.h(508,15): warning C4244: '正在初始化': 將 'int' 轉換為 'float'，由於類型不同，可能導致資料遺失
D:\imageprocessing\Image\Project1\Project1\Transparency.h(517,13): warning C4244: '正在初始化': 將 'double' 轉換為 'float'，由於類型不同，可能導致資料遺失
D:\imageprocessing\Image\Project1\Project1\Transparency.h(525,59): warning C4244: '引數': 將 'float' 轉換為 'int'，由於類型不同，可能導致資料遺失
D:\imageprocessing\Image\Project1\Project1\Transparency.h(525,56): warning C4244: '引數': 將 'float' 轉換為 'int'，由於類型不同，可能導致資料遺失
D:\imageprocessing\Image\Project1\Project1\Transparency.h(525,53): warning C4244: '引數': 將 'float' 轉換為 'int'，由於類型不同，可能導致資料遺失
D:\imageprocessing\Image\Project1\Project1\Transparency.h(535,15): warning C4244: '正在初始化': 將 'int' 轉換為 'float'，由於類型不同，可能導致資料遺失
D:\imageprocessing\Image\Project1\Project1\Transparency.h(545,13): warning C4244: '正在初始化': 將 'double' 轉換為 'float'，由於類型不同，可能導致資料遺失
D:\imageprocessing\Image\Project1\Project1\Transparency.h(553,59): warning C4244: '引數': 將 'float' 轉換為 'int'，由於類型不同，可能導致資料遺失
D:\imageprocessing\Image\Project1\Project1\Transparency.h(553,56): warning C4244: '引數': 將 'float' 轉換為 'int'，由於類型不同，可能導致資料遺失
D:\imageprocessing\Image\Project1\Project1\Transparency.h(553,53): warning C4244: '引數': 將 'float' 轉換為 'int'，由於類型不同，可能導致資料遺失
D:\imageprocessing\Image\Project1\Project1\Transparency.h(569,36): warning C4244: '=': 將 'int' 轉換為 'float'，由於類型不同，可能導致資料遺失
D:\imageprocessing\Image\Project1\Project1\Transparency.h(571,28): warning C4244: '引數': 將 'float' 轉換為 'int'，由於類型不同，可能導致資料遺失
D:\imageprocessing\Image\Project1\Project1\Transparency.h(580,13): warning C4244: '正在初始化': 將 'double' 轉換為 'float'，由於類型不同，可能導致資料遺失
D:\imageprocessing\Image\Project1\Project1\Transparency.h(588,59): warning C4244: '引數': 將 'float' 轉換為 'int'，由於類型不同，可能導致資料遺失
D:\imageprocessing\Image\Project1\Project1\Transparency.h(588,56): warning C4244: '引數': 將 'float' 轉換為 'int'，由於類型不同，可能導致資料遺失
D:\imageprocessing\Image\Project1\Project1\Transparency.h(588,53): warning C4244: '引數': 將 'float' 轉換為 'int'，由於類型不同，可能導致資料遺失
D:\imageprocessing\Image\Project1\Project1\Threshold.h(205,28): warning C4244: '=': 將 'double' 轉換為 'int'，由於類型不同，可能導致資料遺失
D:\imageprocessing\Image\Project1\Project1\Threshold.h(370,13): warning C4244: '=': 將 'int' 轉換為 'float'，由於類型不同，可能導致資料遺失
D:\imageprocessing\Image\Project1\Project1\Threshold.h(375,13): warning C4244: '=': 將 'int' 轉換為 'float'，由於類型不同，可能導致資料遺失
D:\imageprocessing\Image\Project1\Project1\Threshold.h(392,28): warning C4244: '引數': 將 'float' 轉換為 'int'，由於類型不同，可能導致資料遺失
D:\imageprocessing\Image\Project1\Project1\Color bit depth.h(322,11): warning C4244: '=': 將 'double' 轉換為 'float'，由於類型不同，可能導致資料遺失
D:\imageprocessing\Image\Project1\Project1\Color bit depth.h(323,11): warning C4244: '=': 將 'double' 轉換為 'float'，由於類型不同，可能導致資料遺失
D:\imageprocessing\Image\Project1\Project1\Color bit depth.h(324,11): warning C4244: '=': 將 'double' 轉換為 'float'，由於類型不同，可能導致資料遺失
D:\imageprocessing\Image\Project1\Project1\Color bit depth.h(325,91): warning C4244: '引數': 將 'float' 轉換為 'int'，由於類型不同，可能導致資料遺失
D:\imageprocessing\Image\Project1\Project1\Color bit depth.h(325,74): warning C4244: '引數': 將 'float' 轉換為 'int'，由於類型不同，可能導致資料遺失
D:\imageprocessing\Image\Project1\Project1\Color bit depth.h(325,57): warning C4244: '引數': 將 'float' 轉換為 'int'，由於類型不同，可能導致資料遺失
D:\imageprocessing\Image\Project1\Project1\Color bit depth.h(337,18): warning C4244: '引數': 將 'double' 轉換為 'float'，由於類型不同，可能導致資料遺失
D:\imageprocessing\Image\Project1\Project1\Color bit depth.h(338,18): warning C4244: '引數': 將 'double' 轉換為 'float'，由於類型不同，可能導致資料遺失
D:\imageprocessing\Image\Project1\Project1\Color bit depth.h(339,18): warning C4244: '引數': 將 'double' 轉換為 'float'，由於類型不同，可能導致資料遺失
D:\imageprocessing\Image\Project1\Project1\Color bit depth.h(340,65): warning C4244: '引數': 將 'float' 轉換為 'int'，由於類型不同，可能導致資料遺失
D:\imageprocessing\Image\Project1\Project1\Color bit depth.h(340,57): warning C4244: '引數': 將 'float' 轉換為 'int'，由於類型不同，可能導致資料遺失
D:\imageprocessing\Image\Project1\Project1\Color bit depth.h(340,49): warning C4244: '引數': 將 'float' 轉換為 'int'，由於類型不同，可能導致資料遺失
D:\imageprocessing\Image\Project1\Project1\Color bit depth.h(352,18): warning C4244: '引數': 將 'double' 轉換為 'float'，由於類型不同，可能導致資料遺失
D:\imageprocessing\Image\Project1\Project1\Color bit depth.h(353,18): warning C4244: '引數': 將 'double' 轉換為 'float'，由於類型不同，可能導致資料遺失
D:\imageprocessing\Image\Project1\Project1\Color bit depth.h(354,18): warning C4244: '引數': 將 'double' 轉換為 'float'，由於類型不同，可能導致資料遺失
D:\imageprocessing\Image\Project1\Project1\Color bit depth.h(355,65): warning C4244: '引數': 將 'float' 轉換為 'int'，由於類型不同，可能導致資料遺失
D:\imageprocessing\Image\Project1\Project1\Color bit depth.h(355,57): warning C4244: '引數': 將 'float' 轉換為 'int'，由於類型不同，可能導致資料遺失
D:\imageprocessing\Image\Project1\Project1\Color bit depth.h(355,49): warning C4244: '引數': 將 'float' 轉換為 'int'，由於類型不同，可能導致資料遺失
D:\imageprocessing\Image\Project1\Project1\Color bit depth.h(368,28): warning C4244: '=': 將 'double' 轉換為 'int'，由於類型不同，可能導致資料遺失
D:\imageprocessing\Image\Project1\Project1\Color bit depth.h(383,11): warning C4244: '=': 將 'double' 轉換為 'float'，由於類型不同，可能導致資料遺失
D:\imageprocessing\Image\Project1\Project1\Color bit depth.h(384,11): warning C4244: '=': 將 'double' 轉換為 'float'，由於類型不同，可能導致資料遺失
D:\imageprocessing\Image\Project1\Project1\Color bit depth.h(385,11): warning C4244: '=': 將 'double' 轉換為 'float'，由於類型不同，可能導致資料遺失
D:\imageprocessing\Image\Project1\Project1\Color bit depth.h(386,92): warning C4244: '引數': 將 'float' 轉換為 'int'，由於類型不同，可能導致資料遺失
D:\imageprocessing\Image\Project1\Project1\Color bit depth.h(386,75): warning C4244: '引數': 將 'float' 轉換為 'int'，由於類型不同，可能導致資料遺失
D:\imageprocessing\Image\Project1\Project1\Color bit depth.h(386,58): warning C4244: '引數': 將 'float' 轉換為 'int'，由於類型不同，可能導致資料遺失
D:\imageprocessing\Image\Project1\Project1\Color bit depth.h(398,18): warning C4244: '引數': 將 'double' 轉換為 'float'，由於類型不同，可能導致資料遺失
D:\imageprocessing\Image\Project1\Project1\Color bit depth.h(399,18): warning C4244: '引數': 將 'double' 轉換為 'float'，由於類型不同，可能導致資料遺失
D:\imageprocessing\Image\Project1\Project1\Color bit depth.h(400,18): warning C4244: '引數': 將 'double' 轉換為 'float'，由於類型不同，可能導致資料遺失
D:\imageprocessing\Image\Project1\Project1\Color bit depth.h(401,66): warning C4244: '引數': 將 'float' 轉換為 'int'，由於類型不同，可能導致資料遺失
D:\imageprocessing\Image\Project1\Project1\Color bit depth.h(401,58): warning C4244: '引數': 將 'float' 轉換為 'int'，由於類型不同，可能導致資料遺失
D:\imageprocessing\Image\Project1\Project1\Color bit depth.h(401,50): warning C4244: '引數': 將 'float' 轉換為 'int'，由於類型不同，可能導致資料遺失
D:\imageprocessing\Image\Project1\Project1\Color bit depth.h(413,18): warning C4244: '引數': 將 'double' 轉換為 'float'，由於類型不同，可能導致資料遺失
D:\imageprocessing\Image\Project1\Project1\Color bit depth.h(414,18): warning C4244: '引數': 將 'double' 轉換為 'float'，由於類型不同，可能導致資料遺失
D:\imageprocessing\Image\Project1\Project1\Color bit depth.h(415,18): warning C4244: '引數': 將 'double' 轉換為 'float'，由於類型不同，可能導致資料遺失
D:\imageprocessing\Image\Project1\Project1\Color bit depth.h(416,66): warning C4244: '引數': 將 'float' 轉換為 'int'，由於類型不同，可能導致資料遺失
D:\imageprocessing\Image\Project1\Project1\Color bit depth.h(416,58): warning C4244: '引數': 將 'float' 轉換為 'int'，由於類型不同，可能導致資料遺失
D:\imageprocessing\Image\Project1\Project1\Color bit depth.h(416,50): warning C4244: '引數': 將 'float' 轉換為 'int'，由於類型不同，可能導致資料遺失
D:\imageprocessing\Image\Project1\Project1\Histogram.h(214,29): warning C4244: '=': 將 'double' 轉換為 'int'，由於類型不同，可能導致資料遺失
D:\imageprocessing\Image\Project1\Project1\Histogram equalization.h(182,28): warning C4244: '=': 將 'double' 轉換為 'int'，由於類型不同，可能導致資料遺失
D:\imageprocessing\Image\Project1\Project1\Histogram equalization.h(224,15): warning C4244: '正在初始化': 將 'float' 轉換為 'int'，由於類型不同，可能導致資料遺失
D:\imageprocessing\Image\Project1\Project1\Histogram specification1.h(296,79): warning C4677: 'LoadPcxFile': 非私用成員的簽章含有組件私用類型 'Project1::HistogramSpecification::PCXHEAD'
D:\imageprocessing\Image\Project1\Project1\Histogram specification1.h(64): message : 請參閱 'Project1::HistogramSpecification::PCXHEAD' 的宣告
D:\imageprocessing\Image\Project1\Project1\Histogram specification1.h(296,79): warning C4677: 'LoadPcxFile': 非私用成員的簽章含有組件私用類型 'Project1::HistogramSpecification::PCXPALETTE'
D:\imageprocessing\Image\Project1\Project1\Histogram specification1.h(87): message : 請參閱 'Project1::HistogramSpecification::PCXPALETTE' 的宣告
D:\imageprocessing\Image\Project1\Project1\Histogram specification1.h(495,28): warning C4244: '=': 將 'double' 轉換為 'int'，由於類型不同，可能導致資料遺失
D:\imageprocessing\Image\Project1\Project1\Histogram specification1.h(542,28): warning C4244: '=': 將 'double' 轉換為 'int'，由於類型不同，可能導致資料遺失
D:\imageprocessing\Image\Project1\Project1\Histogram specification1.h(588,28): warning C4244: '=': 將 'double' 轉換為 'int'，由於類型不同，可能導致資料遺失
D:\imageprocessing\Image\Project1\Project1\Contrast1.h(422,30): warning C4244: '引數': 將 'float' 轉換為 'int'，由於類型不同，可能導致資料遺失
D:\imageprocessing\Image\Project1\Project1\Contrast1.h(422,26): warning C4244: '引數': 將 'float' 轉換為 'int'，由於類型不同，可能導致資料遺失
D:\imageprocessing\Image\Project1\Project1\Contrast1.h(423,30): warning C4244: '引數': 將 'float' 轉換為 'int'，由於類型不同，可能導致資料遺失
D:\imageprocessing\Image\Project1\Project1\Contrast1.h(423,26): warning C4244: '引數': 將 'float' 轉換為 'int'，由於類型不同，可能導致資料遺失
D:\imageprocessing\Image\Project1\Project1\Contrast1.h(435,9): warning C4101: 'newvalue': 未參考的區域變數
D:\imageprocessing\Image\Project1\Project1\Contrast1.h(461,11): warning C4244: '=': 將 'int' 轉換為 'float'，由於類型不同，可能導致資料遺失
D:\imageprocessing\Image\Project1\Project1\Contrast1.h(462,11): warning C4244: '=': 將 'int' 轉換為 'float'，由於類型不同，可能導致資料遺失
D:\imageprocessing\Image\Project1\Project1\Contrast1.h(467,11): warning C4244: '=': 將 'int' 轉換為 'float'，由於類型不同，可能導致資料遺失
D:\imageprocessing\Image\Project1\Project1\Contrast1.h(468,11): warning C4244: '=': 將 'int' 轉換為 'float'，由於類型不同，可能導致資料遺失
D:\imageprocessing\Image\Project1\Project1\Contrast1.h(493,31): warning C4244: '引數': 將 'float' 轉換為 'int'，由於類型不同，可能導致資料遺失
D:\imageprocessing\Image\Project1\Project1\Contrast1.h(493,27): warning C4244: '引數': 將 'float' 轉換為 'int'，由於類型不同，可能導致資料遺失
D:\imageprocessing\Image\Project1\Project1\Contrast1.h(494,31): warning C4244: '引數': 將 'float' 轉換為 'int'，由於類型不同，可能導致資料遺失
D:\imageprocessing\Image\Project1\Project1\Contrast1.h(494,27): warning C4244: '引數': 將 'float' 轉換為 'int'，由於類型不同，可能導致資料遺失
D:\imageprocessing\Image\Project1\Project1\Contrast1.h(581,30): warning C4244: '引數': 將 'float' 轉換為 'int'，由於類型不同，可能導致資料遺失
D:\imageprocessing\Image\Project1\Project1\Contrast1.h(581,26): warning C4244: '引數': 將 'float' 轉換為 'int'，由於類型不同，可能導致資料遺失
D:\imageprocessing\Image\Project1\Project1\Contrast1.h(582,30): warning C4244: '引數': 將 'float' 轉換為 'int'，由於類型不同，可能導致資料遺失
D:\imageprocessing\Image\Project1\Project1\Contrast1.h(582,26): warning C4244: '引數': 將 'float' 轉換為 'int'，由於類型不同，可能導致資料遺失
D:\imageprocessing\Image\Project1\Project1\Contrast1.h(594,9): warning C4101: 'newvalue': 未參考的區域變數
D:\imageprocessing\Image\Project1\Project1\8Connect.h(203,13): warning C4244: '=': 將 'int' 轉換為 'float'，由於類型不同，可能導致資料遺失
D:\imageprocessing\Image\Project1\Project1\8Connect.h(208,13): warning C4244: '=': 將 'int' 轉換為 'float'，由於類型不同，可能導致資料遺失
D:\imageprocessing\Image\Project1\Project1\8Connect.h(317,35): warning C4244: '=': 將 '__int64' 轉換為 'int'，由於類型不同，可能導致資料遺失
D:\imageprocessing\Image\Project1\Project1\8Connect.h(318,35): warning C4244: '=': 將 '__int64' 轉換為 'int'，由於類型不同，可能導致資料遺失
D:\imageprocessing\Image\Project1\Project1\8Connect.h(319,39): warning C4244: '=': 將 '__int64' 轉換為 'int'，由於類型不同，可能導致資料遺失
D:\imageprocessing\Image\Project1\Project1\8Connect.h(320,39): warning C4244: '=': 將 '__int64' 轉換為 'int'，由於類型不同，可能導致資料遺失
D:\imageprocessing\Image\Project1\Project1\8Connect.h(387,31): warning C4244: '=': 將 '__int64' 轉換為 'int'，由於類型不同，可能導致資料遺失
D:\imageprocessing\Image\Project1\Project1\8Connect.h(388,35): warning C4244: '=': 將 '__int64' 轉換為 'int'，由於類型不同，可能導致資料遺失
D:\imageprocessing\Image\Project1\Project1\8Connect.h(389,39): warning C4244: '=': 將 '__int64' 轉換為 'int'，由於類型不同，可能導致資料遺失
D:\imageprocessing\Image\Project1\Project1\8Connect.h(428,31): warning C4244: '=': 將 '__int64' 轉換為 'int'，由於類型不同，可能導致資料遺失
D:\imageprocessing\Image\Project1\Project1\8Connect.h(429,35): warning C4244: '=': 將 '__int64' 轉換為 'int'，由於類型不同，可能導致資料遺失
D:\imageprocessing\Image\Project1\Project1\8Connect.h(430,39): warning C4244: '=': 將 '__int64' 轉換為 'int'，由於類型不同，可能導致資料遺失
D:\imageprocessing\Image\Project1\Project1\8Connect.h(431,35): warning C4244: '=': 將 '__int64' 轉換為 'int'，由於類型不同，可能導致資料遺失
D:\imageprocessing\Image\Project1\Project1\8Connect.h(471,35): warning C4244: '=': 將 '__int64' 轉換為 'int'，由於類型不同，可能導致資料遺失
D:\imageprocessing\Image\Project1\Project1\8Connect.h(472,39): warning C4244: '=': 將 '__int64' 轉換為 'int'，由於類型不同，可能導致資料遺失
D:\imageprocessing\Image\Project1\Project1\8Connect.h(473,35): warning C4244: '=': 將 '__int64' 轉換為 'int'，由於類型不同，可能導致資料遺失
D:\imageprocessing\Image\Project1\Project1\8Connect.h(474,39): warning C4244: '=': 將 '__int64' 轉換為 'int'，由於類型不同，可能導致資料遺失
D:\imageprocessing\Image\Project1\Project1\TTSdecode.h(44,45): warning C4677: 'videoseries': 非私用成員的簽章含有組件私用類型 'cliext::vector<System::Drawing::Bitmap ^>'
D:\imageprocessing\Image\Project1\Project1\TTSdecode.h(44): message : 請參閱 'cliext::vector<System::Drawing::Bitmap ^>' 的宣告
D:\imageprocessing\Image\Project1\Project1\TTSdecode.h(47,40): warning C4677: 'motionvector': 非私用成員的簽章含有組件私用類型 'cliext::vector<System::Drawing::Bitmap ^>'
D:\imageprocessing\Image\Project1\Project1\TTSdecode.h(44): message : 請參閱 'cliext::vector<System::Drawing::Bitmap ^>' 的宣告
D:\imageprocessing\Image\Project1\Project1\TTSdecode.h(48,37): warning C4677: 'MOTION': 非私用成員的簽章含有組件私用類型 'cliext::vector<System::Drawing::Graphics ^>'
D:\imageprocessing\Image\Project1\Project1\TTSdecode.h(48): message : 請參閱 'cliext::vector<System::Drawing::Graphics ^>' 的宣告
D:\imageprocessing\Image\Project1\Project1\TTSdecode.h(49,34): warning C4677: 'DECODE': 非私用成員的簽章含有組件私用類型 'cliext::vector<System::Drawing::Bitmap ^>'
D:\imageprocessing\Image\Project1\Project1\TTSdecode.h(44): message : 請參閱 'cliext::vector<System::Drawing::Bitmap ^>' 的宣告
D:\imageprocessing\Image\Project1\Project1\TTSdecode.h(50,40): warning C4677: 'decodesereis': 非私用成員的簽章含有組件私用類型 'cliext::vector<System::Drawing::Bitmap ^>'
D:\imageprocessing\Image\Project1\Project1\TTSdecode.h(44): message : 請參閱 'cliext::vector<System::Drawing::Bitmap ^>' 的宣告
D:\imageprocessing\Image\Project1\Project1\TTSdecode.h(51,30): warning C4677: 'PSNR': 非私用成員的簽章含有組件私用類型 'cliext::vector<float>'
D:\imageprocessing\Image\Project1\Project1\TTSdecode.h(51): message : 請參閱 'cliext::vector<float>' 的宣告
D:\imageprocessing\Image\Project1\Project1\TTSdecode.h(439,22): warning C4244: '=': 將 'float' 轉換為 'int'，由於類型不同，可能導致資料遺失
D:\imageprocessing\Image\Project1\Project1\TTSdecode.h(445,22): warning C4244: '=': 將 'double' 轉換為 'int'，由於類型不同，可能導致資料遺失
D:\imageprocessing\Image\Project1\Project1\TTSdecode.h(583,1): warning C4244: '+=': 將 'double' 轉換為 '__int64'，由於類型不同，可能導致資料遺失
D:\imageprocessing\Image\Project1\Project1\TTSdecode.h(584,1): warning C4244: '+=': 將 'double' 轉換為 '__int64'，由於類型不同，可能導致資料遺失
D:\imageprocessing\Image\Project1\Project1\TTSdecode.h(585,1): warning C4244: '+=': 將 'double' 轉換為 '__int64'，由於類型不同，可能導致資料遺失
D:\imageprocessing\Image\Project1\Project1\TTSdecode.h(591,1): warning C4244: '+=': 將 'double' 轉換為 '__int64'，由於類型不同，可能導致資料遺失
D:\imageprocessing\Image\Project1\Project1\TTSdecode.h(592,1): warning C4244: '+=': 將 'double' 轉換為 '__int64'，由於類型不同，可能導致資料遺失
D:\imageprocessing\Image\Project1\Project1\TTSdecode.h(593,1): warning C4244: '+=': 將 'double' 轉換為 '__int64'，由於類型不同，可能導致資料遺失
D:\imageprocessing\Image\Project1\Project1\TTSdecode.h(599,19): warning C4244: '引數': 將 'double' 轉換為 'float'，由於類型不同，可能導致資料遺失
D:\imageprocessing\Image\Project1\Project1\TTSdecode.h(687,1): warning C4244: '+=': 將 'double' 轉換為 '__int64'，由於類型不同，可能導致資料遺失
D:\imageprocessing\Image\Project1\Project1\TTSdecode.h(688,1): warning C4244: '+=': 將 'double' 轉換為 '__int64'，由於類型不同，可能導致資料遺失
D:\imageprocessing\Image\Project1\Project1\TTSdecode.h(689,1): warning C4244: '+=': 將 'double' 轉換為 '__int64'，由於類型不同，可能導致資料遺失
D:\imageprocessing\Image\Project1\Project1\TTSdecode.h(695,1): warning C4244: '+=': 將 'double' 轉換為 '__int64'，由於類型不同，可能導致資料遺失
D:\imageprocessing\Image\Project1\Project1\TTSdecode.h(696,1): warning C4244: '+=': 將 'double' 轉換為 '__int64'，由於類型不同，可能導致資料遺失
D:\imageprocessing\Image\Project1\Project1\TTSdecode.h(697,1): warning C4244: '+=': 將 'double' 轉換為 '__int64'，由於類型不同，可能導致資料遺失
D:\imageprocessing\Image\Project1\Project1\TTSdecode.h(703,19): warning C4244: '引數': 將 'double' 轉換為 'float'，由於類型不同，可能導致資料遺失
D:\imageprocessing\Image\Project1\Project1\TTSdecode.h(795,1): warning C4244: '+=': 將 'double' 轉換為 '__int64'，由於類型不同，可能導致資料遺失
D:\imageprocessing\Image\Project1\Project1\TTSdecode.h(796,1): warning C4244: '+=': 將 'double' 轉換為 '__int64'，由於類型不同，可能導致資料遺失
D:\imageprocessing\Image\Project1\Project1\TTSdecode.h(797,1): warning C4244: '+=': 將 'double' 轉換為 '__int64'，由於類型不同，可能導致資料遺失
D:\imageprocessing\Image\Project1\Project1\TTSdecode.h(803,1): warning C4244: '+=': 將 'double' 轉換為 '__int64'，由於類型不同，可能導致資料遺失
D:\imageprocessing\Image\Project1\Project1\TTSdecode.h(804,1): warning C4244: '+=': 將 'double' 轉換為 '__int64'，由於類型不同，可能導致資料遺失
D:\imageprocessing\Image\Project1\Project1\TTSdecode.h(805,1): warning C4244: '+=': 將 'double' 轉換為 '__int64'，由於類型不同，可能導致資料遺失
D:\imageprocessing\Image\Project1\Project1\TTSdecode.h(811,19): warning C4244: '引數': 將 'double' 轉換為 'float'，由於類型不同，可能導致資料遺失
D:\imageprocessing\Image\Project1\Project1\Video.h(48,39): warning C4677: 'videos': 非私用成員的簽章含有組件私用類型 'cliext::vector<System::Drawing::Bitmap ^>'
D:\imageprocessing\Image\Project1\Project1\TTSdecode.h(44): message : 請參閱 'cliext::vector<System::Drawing::Bitmap ^>' 的宣告
D:\imageprocessing\Image\Project1\Project1\Video.h(696,22): warning C4244: '=': 將 'double' 轉換為 'unsigned int'，由於類型不同，可能導致資料遺失
D:\imageprocessing\Image\Project1\Project1\Video.h(697,9): warning C4244: '=': 將 'double' 轉換為 'float'，由於類型不同，可能導致資料遺失
D:\imageprocessing\Image\Project1\Project1\Video.h(704,22): warning C4244: '=': 將 'float' 轉換為 'unsigned int'，由於類型不同，可能導致資料遺失
D:\imageprocessing\Image\Project1\Project1\Video.h(705,9): warning C4244: '=': 將 'double' 轉換為 'float'，由於類型不同，可能導致資料遺失
D:\imageprocessing\Image\Project1\Project1\Video.h(723,1): warning C4947: 'System::Threading::Thread::Suspend': 已標記為過時
D:\imageprocessing\Image\Project1\Project1\Video.h(723,1): message : 訊息: 'Thread.Suspend has been deprecated.  Please use other classes in System.Threading, such as Monitor, Mutex, Event, and Semaphore, to synchronize Threads or protect resources.  http://go.microsoft.com/fwlink/?linkid=14202'
D:\imageprocessing\Image\Project1\Project1\Video.h(726,1): warning C4947: 'System::Threading::Thread::Suspend': 已標記為過時
D:\imageprocessing\Image\Project1\Project1\Video.h(726,1): message : 訊息: 'Thread.Suspend has been deprecated.  Please use other classes in System.Threading, such as Monitor, Mutex, Event, and Semaphore, to synchronize Threads or protect resources.  http://go.microsoft.com/fwlink/?linkid=14202'
D:\imageprocessing\Image\Project1\Project1\Video.h(734,1): warning C4947: 'System::Threading::Thread::Resume': 已標記為過時
D:\imageprocessing\Image\Project1\Project1\Video.h(734,1): message : 訊息: 'Thread.Resume has been deprecated.  Please use other classes in System.Threading, such as Monitor, Mutex, Event, and Semaphore, to synchronize Threads or protect resources.  http://go.microsoft.com/fwlink/?linkid=14202'
D:\imageprocessing\Image\Project1\Project1\Video.h(737,1): warning C4947: 'System::Threading::Thread::Resume': 已標記為過時
D:\imageprocessing\Image\Project1\Project1\Video.h(737,1): message : 訊息: 'Thread.Resume has been deprecated.  Please use other classes in System.Threading, such as Monitor, Mutex, Event, and Semaphore, to synchronize Threads or protect resources.  http://go.microsoft.com/fwlink/?linkid=14202'
D:\imageprocessing\Image\Project1\Project1\Video.h(794,1): warning C4244: '+=': 將 'double' 轉換為 'unsigned int'，由於類型不同，可能導致資料遺失
D:\imageprocessing\Image\Project1\Project1\MyForm.h(1466,2): warning C4677: 'LOADPCXDATA': 非私用成員的簽章含有組件私用類型 'Project1::MyForm::PCXHEAD'
D:\imageprocessing\Image\Project1\Project1\MyForm.h(215): message : 請參閱 'Project1::MyForm::PCXHEAD' 的宣告
D:\imageprocessing\Image\Project1\Project1\MyForm.h(1466,2): warning C4677: 'LOADPCXDATA': 非私用成員的簽章含有組件私用類型 'Project1::MyForm::PCXPALETTE'
D:\imageprocessing\Image\Project1\Project1\MyForm.h(236): message : 請參閱 'Project1::MyForm::PCXPALETTE' 的宣告
D:\imageprocessing\Image\Project1\Project1\MyForm.h(1681,79): warning C4677: 'LOADBMPDATA': 非私用成員的簽章含有組件私用類型 'Project1::MyForm::BMPHEAD'
D:\imageprocessing\Image\Project1\Project1\MyForm.h(241): message : 請參閱 'Project1::MyForm::BMPHEAD' 的宣告
D:\imageprocessing\Image\Project1\Project1\MyForm.h(1681,79): warning C4677: 'LOADBMPDATA': 非私用成員的簽章含有組件私用類型 'Project1::MyForm::BMPPALETTE'
D:\imageprocessing\Image\Project1\Project1\MyForm.h(260): message : 請參閱 'Project1::MyForm::BMPPALETTE' 的宣告
D:\imageprocessing\Image\Project1\Project1\MyForm.h(1691,15): warning C4244: '正在初始化': 將 'double' 轉換為 'long'，由於類型不同，可能導致資料遺失
D:\imageprocessing\Image\Project1\Project1\MyForm.h(1692,15): warning C4244: '正在初始化': 將 'double' 轉換為 'long'，由於類型不同，可能導致資料遺失
D:\imageprocessing\Image\Project1\Project1\MyForm.h(1693,15): warning C4244: '正在初始化': 將 'double' 轉換為 'long'，由於類型不同，可能導致資料遺失
D:\imageprocessing\Image\Project1\Project1\MyForm.h(1721,45): warning C4244: '=': 將 'long' 轉換為 'unsigned char'，由於類型不同，可能導致資料遺失
D:\imageprocessing\Image\Project1\Project1\MyForm.h(1685,7): warning C4101: 'red': 未參考的區域變數
D:\imageprocessing\Image\Project1\Project1\MyForm.h(1685,19): warning C4101: 'blue': 未參考的區域變數
D:\imageprocessing\Image\Project1\Project1\MyForm.h(1685,12): warning C4101: 'green': 未參考的區域變數
D:\imageprocessing\Image\Project1\Project1\MyForm.h(1825,17): warning C4101: 'brushHSI': 未參考的區域變數
D:\imageprocessing\Image\Project1\Project1\MyForm.h(1952,1): warning C4244: '+=': 將 'double' 轉換為 '__int64'，由於類型不同，可能導致資料遺失
D:\imageprocessing\Image\Project1\Project1\MyForm.h(1953,1): warning C4244: '+=': 將 'double' 轉換為 '__int64'，由於類型不同，可能導致資料遺失
D:\imageprocessing\Image\Project1\Project1\MyForm.h(1954,1): warning C4244: '+=': 將 'double' 轉換為 '__int64'，由於類型不同，可能導致資料遺失
D:\imageprocessing\Image\Project1\Project1\MyForm.h(1960,1): warning C4244: '+=': 將 'double' 轉換為 '__int64'，由於類型不同，可能導致資料遺失
D:\imageprocessing\Image\Project1\Project1\MyForm.h(1961,1): warning C4244: '+=': 將 'double' 轉換為 '__int64'，由於類型不同，可能導致資料遺失
D:\imageprocessing\Image\Project1\Project1\MyForm.h(1962,1): warning C4244: '+=': 將 'double' 轉換為 '__int64'，由於類型不同，可能導致資料遺失
D:\imageprocessing\Image\Project1\Project1\MyForm.h(2132,15): warning C4244: '正在初始化': 將 'double' 轉換為 'int'，由於類型不同，可能導致資料遺失
D:\imageprocessing\Image\Project1\Project1\MyForm.h(2147,15): warning C4244: '正在初始化': 將 'double' 轉換為 'int'，由於類型不同，可能導致資料遺失
D:\imageprocessing\Image\Project1\Project1\MyForm.h(2186,58): warning C4244: '引數': 將 'double' 轉換為 'int'，由於類型不同，可能導致資料遺失
D:\imageprocessing\Image\Project1\Project1\MyForm.h(2186,48): warning C4244: '引數': 將 'double' 轉換為 'int'，由於類型不同，可能導致資料遺失
D:\imageprocessing\Image\Project1\Project1\MyForm.h(2186,38): warning C4244: '引數': 將 'double' 轉換為 'int'，由於類型不同，可能導致資料遺失
D:\imageprocessing\Image\Project1\Project1\MyForm.h(2187,58): warning C4244: '引數': 將 'double' 轉換為 'int'，由於類型不同，可能導致資料遺失
D:\imageprocessing\Image\Project1\Project1\MyForm.h(2187,48): warning C4244: '引數': 將 'double' 轉換為 'int'，由於類型不同，可能導致資料遺失
D:\imageprocessing\Image\Project1\Project1\MyForm.h(2187,38): warning C4244: '引數': 將 'double' 轉換為 'int'，由於類型不同，可能導致資料遺失
D:\imageprocessing\Image\Project1\Project1\MyForm.h(2188,58): warning C4244: '引數': 將 'double' 轉換為 'int'，由於類型不同，可能導致資料遺失
D:\imageprocessing\Image\Project1\Project1\MyForm.h(2188,48): warning C4244: '引數': 將 'double' 轉換為 'int'，由於類型不同，可能導致資料遺失
D:\imageprocessing\Image\Project1\Project1\MyForm.h(2188,38): warning C4244: '引數': 將 'double' 轉換為 'int'，由於類型不同，可能導致資料遺失
D:\imageprocessing\Image\Project1\Project1\MyForm.h(2223,70): warning C4244: '引數': 將 'double' 轉換為 'int'，由於類型不同，可能導致資料遺失
D:\imageprocessing\Image\Project1\Project1\MyForm.h(2223,46): warning C4244: '引數': 將 'double' 轉換為 'int'，由於類型不同，可能導致資料遺失
D:\imageprocessing\Image\Project1\Project1\MyForm.h(2228,51): warning C4244: '引數': 將 'double' 轉換為 'int'，由於類型不同，可能導致資料遺失
D:\imageprocessing\Image\Project1\Project1\MyForm.h(2228,40): warning C4244: '引數': 將 'double' 轉換為 'int'，由於類型不同，可能導致資料遺失
D:\imageprocessing\Image\Project1\Project1\MyForm.h(2248,70): warning C4244: '引數': 將 'double' 轉換為 'int'，由於類型不同，可能導致資料遺失
D:\imageprocessing\Image\Project1\Project1\MyForm.h(2248,46): warning C4244: '引數': 將 'double' 轉換為 'int'，由於類型不同，可能導致資料遺失
D:\imageprocessing\Image\Project1\Project1\MyForm.h(2251,49): warning C4244: '引數': 將 'double' 轉換為 'int'，由於類型不同，可能導致資料遺失
D:\imageprocessing\Image\Project1\Project1\MyForm.h(2251,38): warning C4244: '引數': 將 'double' 轉換為 'int'，由於類型不同，可能導致資料遺失
D:\imageprocessing\Image\Project1\Project1\MyForm.h(2323,75): warning C4244: '引數': 將 'double' 轉換為 'int'，由於類型不同，可能導致資料遺失
D:\imageprocessing\Image\Project1\Project1\MyForm.h(2323,50): warning C4244: '引數': 將 'double' 轉換為 'int'，由於類型不同，可能導致資料遺失
D:\imageprocessing\Image\Project1\Project1\MyForm.h(2327,49): warning C4244: '引數': 將 'double' 轉換為 'int'，由於類型不同，可能導致資料遺失
D:\imageprocessing\Image\Project1\Project1\MyForm.h(2327,38): warning C4244: '引數': 將 'double' 轉換為 'int'，由於類型不同，可能導致資料遺失
D:\imageprocessing\Image\Project1\Project1\MyForm.h(2336,75): warning C4244: '引數': 將 'double' 轉換為 'int'，由於類型不同，可能導致資料遺失
D:\imageprocessing\Image\Project1\Project1\MyForm.h(2336,50): warning C4244: '引數': 將 'double' 轉換為 'int'，由於類型不同，可能導致資料遺失
D:\imageprocessing\Image\Project1\Project1\MyForm.h(2339,54): warning C4244: '=': 將 'double' 轉換為 'int'，由於類型不同，可能導致資料遺失
D:\imageprocessing\Image\Project1\Project1\MyForm.h(2340,56): warning C4244: '=': 將 'double' 轉換為 'int'，由於類型不同，可能導致資料遺失
D:\imageprocessing\Image\Project1\Project1\MyForm.h(2349,16): warning C4244: '=': 將 'double' 轉換為 'int'，由於類型不同，可能導致資料遺失
D:\imageprocessing\Image\Project1\Project1\MyForm.h(2350,16): warning C4244: '=': 將 'double' 轉換為 'int'，由於類型不同，可能導致資料遺失
D:\imageprocessing\Image\Project1\Project1\MyForm.h(2351,16): warning C4244: '=': 將 'double' 轉換為 'int'，由於類型不同，可能導致資料遺失
D:\imageprocessing\Image\Project1\Project1\MyForm.h(2353,37): warning C4244: '引數': 將 'double' 轉換為 'int'，由於類型不同，可能導致資料遺失
D:\imageprocessing\Image\Project1\Project1\MyForm.h(2353,26): warning C4244: '引數': 將 'double' 轉換為 'int'，由於類型不同，可能導致資料遺失
D:\imageprocessing\Image\Project1\Project1\MyForm.h(2392,18): warning C4244: '正在初始化': 將 'double' 轉換為 'float'，由於類型不同，可能導致資料遺失
D:\imageprocessing\Image\Project1\Project1\MyForm.h(2393,19): warning C4244: '正在初始化': 將 'double' 轉換為 'float'，由於類型不同，可能導致資料遺失
D:\imageprocessing\Image\Project1\Project1\MyForm.h(2396,100): warning C4244: '引數': 將 'double' 轉換為 'int'，由於類型不同，可能導致資料遺失
D:\imageprocessing\Image\Project1\Project1\MyForm.h(2396,66): warning C4244: '引數': 將 'double' 轉換為 'int'，由於類型不同，可能導致資料遺失
D:\imageprocessing\Image\Project1\Project1\MyForm.h(2419,18): warning C4244: '正在初始化': 將 'double' 轉換為 'float'，由於類型不同，可能導致資料遺失
D:\imageprocessing\Image\Project1\Project1\MyForm.h(2420,19): warning C4244: '正在初始化': 將 'double' 轉換為 'float'，由於類型不同，可能導致資料遺失
D:\imageprocessing\Image\Project1\Project1\MyForm.h(2424,100): warning C4244: '引數': 將 'double' 轉換為 'int'，由於類型不同，可能導致資料遺失
D:\imageprocessing\Image\Project1\Project1\MyForm.h(2424,67): warning C4244: '引數': 將 'double' 轉換為 'int'，由於類型不同，可能導致資料遺失
D:\imageprocessing\Image\Project1\Project1\MyForm.h(2425,82): warning C4244: '引數': 將 'double' 轉換為 'int'，由於類型不同，可能導致資料遺失
D:\imageprocessing\Image\Project1\Project1\MyForm.h(2425,49): warning C4244: '引數': 將 'double' 轉換為 'int'，由於類型不同，可能導致資料遺失
D:\imageprocessing\Image\Project1\Project1\MyForm.h(2444,29): warning C4244: '引數': 將 'double' 轉換為 'int'，由於類型不同，可能導致資料遺失
D:\imageprocessing\Image\Project1\Project1\MyForm.h(2459,18): warning C4244: '正在初始化': 將 'double' 轉換為 'float'，由於類型不同，可能導致資料遺失
D:\imageprocessing\Image\Project1\Project1\MyForm.h(2460,19): warning C4244: '正在初始化': 將 'double' 轉換為 'float'，由於類型不同，可能導致資料遺失
D:\imageprocessing\Image\Project1\Project1\MyForm.h(2463,100): warning C4244: '引數': 將 'double' 轉換為 'int'，由於類型不同，可能導致資料遺失
D:\imageprocessing\Image\Project1\Project1\MyForm.h(2463,66): warning C4244: '引數': 將 'double' 轉換為 'int'，由於類型不同，可能導致資料遺失
D:\imageprocessing\Image\Project1\Project1\MyForm.h(2478,29): warning C4244: '引數': 將 'double' 轉換為 'int'，由於類型不同，可能導致資料遺失
D:\imageprocessing\Image\Project1\Project1\MyForm.h(2492,18): warning C4244: '正在初始化': 將 'double' 轉換為 'float'，由於類型不同，可能導致資料遺失
D:\imageprocessing\Image\Project1\Project1\MyForm.h(2493,19): warning C4244: '正在初始化': 將 'double' 轉換為 'float'，由於類型不同，可能導致資料遺失
D:\imageprocessing\Image\Project1\Project1\MyForm.h(2498,100): warning C4244: '引數': 將 'double' 轉換為 'int'，由於類型不同，可能導致資料遺失
D:\imageprocessing\Image\Project1\Project1\MyForm.h(2498,67): warning C4244: '引數': 將 'double' 轉換為 'int'，由於類型不同，可能導致資料遺失
D:\imageprocessing\Image\Project1\Project1\MyForm.h(2499,82): warning C4244: '引數': 將 'double' 轉換為 'int'，由於類型不同，可能導致資料遺失
D:\imageprocessing\Image\Project1\Project1\MyForm.h(2499,49): warning C4244: '引數': 將 'double' 轉換為 'int'，由於類型不同，可能導致資料遺失
D:\imageprocessing\Image\Project1\Project1\MyForm.h(2547,58): warning C4244: '=': 將 'int' 轉換為 'float'，由於類型不同，可能導致資料遺失
D:\imageprocessing\Image\Project1\Project1\MyForm.h(2548,58): warning C4244: '=': 將 'int' 轉換為 'float'，由於類型不同，可能導致資料遺失
D:\imageprocessing\Image\Project1\Project1\MyForm.h(2549,58): warning C4244: '=': 將 'int' 轉換為 'float'，由於類型不同，可能導致資料遺失
D:\imageprocessing\Image\Project1\Project1\MyForm.h(2550,40): warning C4244: '引數': 將 'float' 轉換為 'int'，由於類型不同，可能導致資料遺失
D:\imageprocessing\Image\Project1\Project1\MyForm.h(2550,37): warning C4244: '引數': 將 'float' 轉換為 'int'，由於類型不同，可能導致資料遺失
D:\imageprocessing\Image\Project1\Project1\MyForm.h(2550,34): warning C4244: '引數': 將 'float' 轉換為 'int'，由於類型不同，可能導致資料遺失
D:\imageprocessing\Image\Project1\Project1\MyForm.h(2559,58): warning C4244: '=': 將 'int' 轉換為 'float'，由於類型不同，可能導致資料遺失
D:\imageprocessing\Image\Project1\Project1\MyForm.h(2560,58): warning C4244: '=': 將 'int' 轉換為 'float'，由於類型不同，可能導致資料遺失
D:\imageprocessing\Image\Project1\Project1\MyForm.h(2561,58): warning C4244: '=': 將 'int' 轉換為 'float'，由於類型不同，可能導致資料遺失
D:\imageprocessing\Image\Project1\Project1\MyForm.h(2562,40): warning C4244: '引數': 將 'float' 轉換為 'int'，由於類型不同，可能導致資料遺失
D:\imageprocessing\Image\Project1\Project1\MyForm.h(2562,37): warning C4244: '引數': 將 'float' 轉換為 'int'，由於類型不同，可能導致資料遺失
D:\imageprocessing\Image\Project1\Project1\MyForm.h(2562,34): warning C4244: '引數': 將 'float' 轉換為 'int'，由於類型不同，可能導致資料遺失
D:\imageprocessing\Image\Project1\Project1\MyForm.h(2580,58): warning C4244: '=': 將 'int' 轉換為 'float'，由於類型不同，可能導致資料遺失
D:\imageprocessing\Image\Project1\Project1\MyForm.h(2581,58): warning C4244: '=': 將 'int' 轉換為 'float'，由於類型不同，可能導致資料遺失
D:\imageprocessing\Image\Project1\Project1\MyForm.h(2582,58): warning C4244: '=': 將 'int' 轉換為 'float'，由於類型不同，可能導致資料遺失
D:\imageprocessing\Image\Project1\Project1\MyForm.h(2583,40): warning C4244: '引數': 將 'float' 轉換為 'int'，由於類型不同，可能導致資料遺失
D:\imageprocessing\Image\Project1\Project1\MyForm.h(2583,37): warning C4244: '引數': 將 'float' 轉換為 'int'，由於類型不同，可能導致資料遺失
D:\imageprocessing\Image\Project1\Project1\MyForm.h(2583,34): warning C4244: '引數': 將 'float' 轉換為 'int'，由於類型不同，可能導致資料遺失
D:\imageprocessing\Image\Project1\Project1\MyForm.h(2592,58): warning C4244: '=': 將 'int' 轉換為 'float'，由於類型不同，可能導致資料遺失
D:\imageprocessing\Image\Project1\Project1\MyForm.h(2593,58): warning C4244: '=': 將 'int' 轉換為 'float'，由於類型不同，可能導致資料遺失
D:\imageprocessing\Image\Project1\Project1\MyForm.h(2594,58): warning C4244: '=': 將 'int' 轉換為 'float'，由於類型不同，可能導致資料遺失
D:\imageprocessing\Image\Project1\Project1\MyForm.h(2595,40): warning C4244: '引數': 將 'float' 轉換為 'int'，由於類型不同，可能導致資料遺失
D:\imageprocessing\Image\Project1\Project1\MyForm.h(2595,37): warning C4244: '引數': 將 'float' 轉換為 'int'，由於類型不同，可能導致資料遺失
D:\imageprocessing\Image\Project1\Project1\MyForm.h(2595,34): warning C4244: '引數': 將 'float' 轉換為 'int'，由於類型不同，可能導致資料遺失
D:\imageprocessing\Image\Project1\Project1\MyForm.h(2691,15): warning C4244: '=': 將 'double' 轉換為 '__int64'，由於類型不同，可能導致資料遺失
D:\imageprocessing\Image\Project1\Project1\MyForm.h(2694,15): warning C4244: '=': 將 'double' 轉換為 'int'，由於類型不同，可能導致資料遺失
D:\imageprocessing\Image\Project1\Project1\MyForm.h(3167,14): warning C4101: 'B': 未參考的區域變數
D:\imageprocessing\Image\Project1\Project1\MyForm.h(3167,8): warning C4101: 'R': 未參考的區域變數
D:\imageprocessing\Image\Project1\Project1\MyForm.h(3167,11): warning C4101: 'G': 未參考的區域變數
D:\imageprocessing\Image\Project1\Project1\MyForm.h(3336,28): warning C4244: '=': 將 'double' 轉換為 'float'，由於類型不同，可能導致資料遺失
D:\imageprocessing\Image\Project1\Project1\MyForm.h(3402,15): warning C4244: '=': 將 'double' 轉換為 '__int64'，由於類型不同，可能導致資料遺失
D:\imageprocessing\Image\Project1\Project1\MyForm.h(3405,15): warning C4244: '=': 將 'double' 轉換為 'int'，由於類型不同，可能導致資料遺失
D:\imageprocessing\Image\Project1\Project1\MyForm.h(3466,18): warning C4244: '正在初始化': 將 'double' 轉換為 'int'，由於類型不同，可能導致資料遺失
D:\imageprocessing\Image\Project1\Project1\MyForm.h(3489,18): warning C4244: '正在初始化': 將 'double' 轉換為 'int'，由於類型不同，可能導致資料遺失
D:\imageprocessing\Image\Project1\Project1\MyForm.h(3563,33): warning C4244: '=': 將 'float' 轉換為 'int'，由於類型不同，可能導致資料遺失
D:\imageprocessing\Image\Project1\Project1\MyForm.h(3564,33): warning C4244: '=': 將 'float' 轉換為 'int'，由於類型不同，可能導致資料遺失
D:\imageprocessing\Image\Project1\Project1\MyForm.h(3581,17): warning C4244: '正在初始化': 將 'float' 轉換為 'int'，由於類型不同，可能導致資料遺失
D:\imageprocessing\Image\Project1\Project1\MyForm.h(3625,32): warning C4244: '=': 將 'float' 轉換為 'int'，由於類型不同，可能導致資料遺失
D:\imageprocessing\Image\Project1\Project1\MyForm.h(3626,32): warning C4244: '=': 將 'float' 轉換為 'int'，由於類型不同，可能導致資料遺失
D:\imageprocessing\Image\Project1\Project1\MyForm.h(3643,16): warning C4244: '正在初始化': 將 'float' 轉換為 'int'，由於類型不同，可能導致資料遺失
D:\imageprocessing\Image\Project1\Project1\MyForm.h(4127,17): warning C4244: '=': 將 'double' 轉換為 'float'，由於類型不同，可能導致資料遺失
  正在產生程式碼...
D:\imageprocessing\Image\Project1\Project1\Overlap.h(388): warning C4700: 使用了未初始化的區域變數 'color_number'
D:\imageprocessing\Image\Project1\Project1\Transparency.h(417): warning C4700: 使用了未初始化的區域變數 'color_num'
D:\imageprocessing\Image\Project1\Project1\Histogram specification1.h(432): warning C4700: 使用了未初始化的區域變數 'color_num'
D:\imageprocessing\Image\Project1\Project1\MyForm.h(2205): warning C4715: 'Project1::MyForm::RGBtoHSI': 不是所有控制路徑都傳回值
D:\imageprocessing\Image\Project1\Project1\MyForm.h(1864): warning C4700: 使用了未初始化的區域變數 'check'
D:\imageprocessing\Image\Project1\Project1\Overlap.h(388): warning C4700: 使用了未初始化的區域變數 'color_number'
D:\imageprocessing\Image\Project1\Project1\Transparency.h(417): warning C4700: 使用了未初始化的區域變數 'color_num'
D:\imageprocessing\Image\Project1\Project1\Histogram specification1.h(432): warning C4700: 使用了未初始化的區域變數 'color_num'
D:\imageprocessing\Image\Project1\Project1\MyForm.h(2205): warning C4715: 'Project1::MyForm::RGBtoHSI': 不是所有控制路徑都傳回值
D:\imageprocessing\Image\Project1\Project1\MyForm.h(1864): warning C4700: 使用了未初始化的區域變數 'check'
  8Connect.obj : 發現 MSIL 模組。MSIL 的累加連結已停用。正在執行完整連結
  Project1.vcxproj -> D:\imageprocessing\Image\Project1\x64\Debug\Project1.exe
